[35m[1mScanning dependencies of target std_msgs_generate_messages_eus[0m
[  0%] Built target std_msgs_generate_messages_eus
[35m[1mScanning dependencies of target roscpp_generate_messages_cpp[0m
[  0%] Built target roscpp_generate_messages_cpp
[35m[1mScanning dependencies of target std_msgs_generate_messages_nodejs[0m
[  0%] Built target std_msgs_generate_messages_nodejs
[35m[1mScanning dependencies of target roscpp_generate_messages_eus[0m
[  0%] Built target roscpp_generate_messages_eus
[35m[1mScanning dependencies of target std_msgs_generate_messages_lisp[0m
[  0%] Built target std_msgs_generate_messages_lisp
[35m[1mScanning dependencies of target std_msgs_generate_messages_cpp[0m
[  0%] Built target std_msgs_generate_messages_cpp
[35m[1mScanning dependencies of target rosgraph_msgs_generate_messages_cpp[0m
[  0%] Built target rosgraph_msgs_generate_messages_cpp
[35m[1mScanning dependencies of target roscpp_generate_messages_py[0m
[  0%] Built target roscpp_generate_messages_py
[35m[1mScanning dependencies of target rosgraph_msgs_generate_messages_eus[0m
[  0%] Built target rosgraph_msgs_generate_messages_eus
[35m[1mScanning dependencies of target rosgraph_msgs_generate_messages_nodejs[0m
[  0%] Built target rosgraph_msgs_generate_messages_nodejs
[35m[1mScanning dependencies of target roscpp_generate_messages_nodejs[0m
[  0%] Built target roscpp_generate_messages_nodejs
[35m[1mScanning dependencies of target rosgraph_msgs_generate_messages_lisp[0m
[  0%] Built target rosgraph_msgs_generate_messages_lisp
[35m[1mScanning dependencies of target rosgraph_msgs_generate_messages_py[0m
[  0%] Built target rosgraph_msgs_generate_messages_py
[35m[1mScanning dependencies of target std_msgs_generate_messages_py[0m
[  0%] Built target std_msgs_generate_messages_py
[35m[1mScanning dependencies of target roscpp_generate_messages_lisp[0m
[  0%] Built target roscpp_generate_messages_lisp
[35m[1mScanning dependencies of target doc[0m
[ 25%] [34m[1mGenerating API documentation with Doxygen[0m
warning: Tag `XML_SCHEMA' at line 1797 of file `/home/elliottwhite/turtlebot2_wss/laser_slam_ws/build/laser_slam/Doxyfile' has become obsolete.
         To avoid this warning please remove this line from your configuration file or upgrade it using "doxygen -u"
warning: Tag `XML_DTD' at line 1803 of file `/home/elliottwhite/turtlebot2_wss/laser_slam_ws/build/laser_slam/Doxyfile' has become obsolete.
         To avoid this warning please remove this line from your configuration file or upgrade it using "doxygen -u"
Searching for include files...
Searching for example files...
Searching for files in directory /home/elliottwhite/turtlebot2_wss/laser_slam_ws/src/tradr-laser-slam/laser_slam
Searching for files in directory /home/elliottwhite/turtlebot2_wss/laser_slam_ws/src/tradr-laser-slam/laser_slam/configurations
Searching for files in directory /home/elliottwhite/turtlebot2_wss/laser_slam_ws/src/tradr-laser-slam/laser_slam/include
Searching for files in directory /home/elliottwhite/turtlebot2_wss/laser_slam_ws/src/tradr-laser-slam/laser_slam/include/laser_slam
Searching for files in directory /home/elliottwhite/turtlebot2_wss/laser_slam_ws/src/tradr-laser-slam/laser_slam/src
Searching for files in directory /home/elliottwhite/turtlebot2_wss/laser_slam_ws/src/tradr-laser-slam/laser_slam/test
Searching for images...
Searching for dot files...
Searching for msc files...
Searching for dia files...
Searching for files to exclude
Searching INPUT for files to process...
Searching for files in directory /home/elliottwhite/turtlebot2_wss/laser_slam_ws/src/tradr-laser-slam/laser_slam/include
Searching for files in directory /home/elliottwhite/turtlebot2_wss/laser_slam_ws/src/tradr-laser-slam/laser_slam/include/laser_slam
Reading and parsing tag files
Parsing files
Preprocessing /home/elliottwhite/turtlebot2_wss/laser_slam_ws/src/tradr-laser-slam/laser_slam/mainpage.dox...
Parsing file /home/elliottwhite/turtlebot2_wss/laser_slam_ws/src/tradr-laser-slam/laser_slam/mainpage.dox...
Preprocessing /home/elliottwhite/turtlebot2_wss/laser_slam_ws/src/tradr-laser-slam/laser_slam/include/laser_slam/common.hpp...
Parsing file /home/elliottwhite/turtlebot2_wss/laser_slam_ws/src/tradr-laser-slam/laser_slam/include/laser_slam/common.hpp...
Preprocessing /home/elliottwhite/turtlebot2_wss/laser_slam_ws/src/tradr-laser-slam/laser_slam/include/laser_slam/laser_track.hpp...
Parsing file /home/elliottwhite/turtlebot2_wss/laser_slam_ws/src/tradr-laser-slam/laser_slam/include/laser_slam/laser_track.hpp...
Preprocessing /home/elliottwhite/turtlebot2_wss/laser_slam_ws/src/tradr-laser-slam/laser_slam/include/laser_slam/parameters.hpp...
Parsing file /home/elliottwhite/turtlebot2_wss/laser_slam_ws/src/tradr-laser-slam/laser_slam/include/laser_slam/parameters.hpp...
Preprocessing /home/elliottwhite/turtlebot2_wss/laser_slam_ws/src/tradr-laser-slam/laser_slam/include/laser_slam/sliding_window_estimator.hpp...
Parsing file /home/elliottwhite/turtlebot2_wss/laser_slam_ws/src/tradr-laser-slam/laser_slam/include/laser_slam/sliding_window_estimator.hpp...
Building group list...
Building directory list...
Building namespace list...
Building file list...
Building class list...
Associating documentation with classes...
Computing nesting relations for classes...
Building example list...
Searching for enumerations...
Searching for documented typedefs...
Searching for members imported via using declarations...
Searching for included using directives...
Searching for documented variables...
Building interface member list...
Building member list...
Searching for friends...
Searching for documented defines...
Computing class inheritance relations...
Computing class usage relations...
Flushing cached template relations that have become invalid...
Creating members for template instances...
Computing class relations...
Add enum values to enums...
Searching for member function documentation...
Building page list...
Search for main page...
Computing page relations...
Determining the scope of groups...
Sorting lists...
Freeing entry tree
Determining which enums are documented
Computing member relations...
Building full member lists recursively...
Adding members to member groups.
Computing member references...
Inheriting documentation...
Generating disk names...
Adding source references...
Adding xrefitems...
Sorting member lists...
Computing dependencies between directories...
Generating citations page...
Counting data structures...
Resolving user defined references...
Finding anchors and sections in the documentation...
Transferring function references...
Combining using relations...
Adding members to index pages...
Generating style sheet...
Generating search indices...
Generating example documentation...
Generating file sources...
Generating code for file /home/elliottwhite/turtlebot2_wss/laser_slam_ws/src/tradr-laser-slam/laser_slam/include/laser_slam/common.hpp...
Generating code for file /home/elliottwhite/turtlebot2_wss/laser_slam_ws/src/tradr-laser-slam/laser_slam/include/laser_slam/laser_track.hpp...
Generating code for file /home/elliottwhite/turtlebot2_wss/laser_slam_ws/src/tradr-laser-slam/laser_slam/include/laser_slam/parameters.hpp...
Generating code for file /home/elliottwhite/turtlebot2_wss/laser_slam_ws/src/tradr-laser-slam/laser_slam/include/laser_slam/sliding_window_estimator.hpp...
Generating file documentation...
Generating page documentation...
Generating group documentation...
Generating class documentation...
Generating namespace index...
Generating docs for compound laser_slam::Clock...
Generating docs for compound laser_slam::CovarianceMsg...
Generating docs for compound laser_slam::LaserScan...
Generating docs for compound laser_slam::LaserTrack...
Generating docs for compound laser_slam::LaserTrackParams...
Generating docs for compound laser_slam::OnlineEstimatorParams...
Generating docs for compound laser_slam::OptimizationResult...
Generating docs for compound laser_slam::Pose...
Generating docs for compound laser_slam::RelativePose...
Generating docs for compound laser_slam::SlidingWindowEstimator...
Generating graph info page...
Generating directory documentation...
Generating index page...
Generating page index...
Generating module index...
Generating namespace index...
Generating namespace member index...
Generating annotated compound index...
Generating alphabetical compound index...
Generating hierarchical class index...
Generating member index...
Generating file index...
Generating file member index...
Generating example index...
finalizing index lists...
writing tag file...
lookup cache used 220/65536 hits=1101 misses=240
finished...
[ 25%] Built target doc
[35m[1mScanning dependencies of target laser_slam[0m
[ 50%] [32mBuilding CXX object CMakeFiles/laser_slam.dir/src/laser_track.cpp.o[0m
In file included from [01m[K/home/elliottwhite/turtlebot2_wss/laser_slam_ws/devel/include/pointmatcher/PointMatcher.h:62:0[m[K,
                 from [01m[K/home/elliottwhite/turtlebot2_wss/laser_slam_ws/src/tradr-laser-slam/laser_slam/include/laser_slam/common.hpp:13[m[K,
                 from [01m[K/home/elliottwhite/turtlebot2_wss/laser_slam_ws/src/tradr-laser-slam/laser_slam/include/laser_slam/laser_track.hpp:10[m[K,
                 from [01m[K/home/elliottwhite/turtlebot2_wss/laser_slam_ws/src/tradr-laser-slam/laser_slam/src/laser_track.cpp:1[m[K:
[01m[K/home/elliottwhite/turtlebot2_wss/laser_slam_ws/devel/include/pointmatcher/Parametrizable.h:46:0:[m[K [01;35m[Kwarning: [m[K"BOOST_ASSIGN_MAX_PARAMS" redefined
 #define BOOST_ASSIGN_MAX_PARAMS 6
[01;32m[K ^[m[K
In file included from [01m[K/home/elliottwhite/turtlebot2_wss/laser_slam_ws/devel/include/gtsam/nonlinear/NonlinearFactor.h:30:0[m[K,
                 from [01m[K/home/elliottwhite/turtlebot2_wss/laser_slam_ws/devel/include/gtsam/nonlinear/NonlinearFactorGraph.h:25[m[K,
                 from [01m[K/home/elliottwhite/turtlebot2_wss/laser_slam_ws/src/tradr-laser-slam/laser_slam/include/laser_slam/laser_track.hpp:6[m[K,
                 from [01m[K/home/elliottwhite/turtlebot2_wss/laser_slam_ws/src/tradr-laser-slam/laser_slam/src/laser_track.cpp:1[m[K:
[01m[K/usr/include/boost/assign/list_of.hpp:378:0:[m[K [01;36m[Knote: [m[Kthis is the location of the previous definition
 #define BOOST_ASSIGN_MAX_PARAMS 5
[01;32m[K ^[m[K
[ 75%] [32mBuilding CXX object CMakeFiles/laser_slam.dir/src/sliding_window_estimator.cpp.o[0m
In file included from [01m[K/home/elliottwhite/turtlebot2_wss/laser_slam_ws/devel/include/pointmatcher/PointMatcher.h:62:0[m[K,
                 from [01m[K/home/elliottwhite/turtlebot2_wss/laser_slam_ws/src/tradr-laser-slam/laser_slam/include/laser_slam/common.hpp:13[m[K,
                 from [01m[K/home/elliottwhite/turtlebot2_wss/laser_slam_ws/src/tradr-laser-slam/laser_slam/include/laser_slam/sliding_window_estimator.hpp:6[m[K,
                 from [01m[K/home/elliottwhite/turtlebot2_wss/laser_slam_ws/src/tradr-laser-slam/laser_slam/src/sliding_window_estimator.cpp:1[m[K:
[01m[K/home/elliottwhite/turtlebot2_wss/laser_slam_ws/devel/include/pointmatcher/Parametrizable.h:46:0:[m[K [01;35m[Kwarning: [m[K"BOOST_ASSIGN_MAX_PARAMS" redefined
 #define BOOST_ASSIGN_MAX_PARAMS 6
[01;32m[K ^[m[K
In file included from [01m[K/home/elliottwhite/turtlebot2_wss/laser_slam_ws/devel/include/gtsam/nonlinear/NonlinearFactor.h:30:0[m[K,
                 from [01m[K/home/elliottwhite/turtlebot2_wss/laser_slam_ws/devel/include/gtsam/nonlinear/NonlinearFactorGraph.h:25[m[K,
                 from [01m[K/home/elliottwhite/turtlebot2_wss/laser_slam_ws/src/tradr-laser-slam/laser_slam/include/laser_slam/sliding_window_estimator.hpp:4[m[K,
                 from [01m[K/home/elliottwhite/turtlebot2_wss/laser_slam_ws/src/tradr-laser-slam/laser_slam/src/sliding_window_estimator.cpp:1[m[K:
[01m[K/usr/include/boost/assign/list_of.hpp:378:0:[m[K [01;36m[Knote: [m[Kthis is the location of the previous definition
 #define BOOST_ASSIGN_MAX_PARAMS 5
[01;32m[K ^[m[K
[100%] [32m[1mLinking CXX shared library /home/elliottwhite/turtlebot2_wss/laser_slam_ws/devel/lib/liblaser_slam.so[0m
[100%] Built target laser_slam
