[35m[1mScanning dependencies of target volumetric_msgs_generate_messages_eus[0m
[35m[1mScanning dependencies of target _laser_mapper_tools_generate_messages_check_deps_SetPose[0m
[35m[1mScanning dependencies of target dynamic_reconfigure_gencfg[0m
[35m[1mScanning dependencies of target laser_mapper_generate_messages_eus[0m
[  0%] Built target volumetric_msgs_generate_messages_eus
[  0%] Built target laser_mapper_generate_messages_eus
[  0%] Built target dynamic_reconfigure_gencfg
[35m[1mScanning dependencies of target geometry_msgs_generate_messages_eus[0m
[35m[1mScanning dependencies of target volumetric_msgs_generate_messages_cpp[0m
[35m[1mScanning dependencies of target geometry_msgs_generate_messages_cpp[0m
[  0%] Built target geometry_msgs_generate_messages_eus
[  0%] Built target volumetric_msgs_generate_messages_cpp
[  0%] Built target geometry_msgs_generate_messages_cpp
[35m[1mScanning dependencies of target laser_mapper_generate_messages_cpp[0m
[35m[1mScanning dependencies of target laser_mapper_generate_messages_nodejs[0m
[35m[1mScanning dependencies of target volumetric_msgs_generate_messages_nodejs[0m
[  0%] Built target _laser_mapper_tools_generate_messages_check_deps_SetPose
[  0%] Built target laser_mapper_generate_messages_cpp
[  0%] Built target laser_mapper_generate_messages_nodejs
[  0%] Built target volumetric_msgs_generate_messages_nodejs
[35m[1mScanning dependencies of target geometry_msgs_generate_messages_nodejs[0m
[35m[1mScanning dependencies of target volumetric_msgs_generate_messages_py[0m
[35m[1mScanning dependencies of target stereo_msgs_generate_messages_nodejs[0m
[35m[1mScanning dependencies of target stereo_msgs_generate_messages_lisp[0m
[  0%] Built target geometry_msgs_generate_messages_nodejs
[  0%] Built target stereo_msgs_generate_messages_nodejs
[  0%] Built target volumetric_msgs_generate_messages_py
[  0%] Built target stereo_msgs_generate_messages_lisp
[35m[1mScanning dependencies of target stereo_msgs_generate_messages_eus[0m
[35m[1mScanning dependencies of target stereo_msgs_generate_messages_cpp[0m
[35m[1mScanning dependencies of target nodelet_topic_tools_gencfg[0m
[35m[1mScanning dependencies of target bond_generate_messages_py[0m
[  0%] Built target stereo_msgs_generate_messages_eus
[  0%] Built target stereo_msgs_generate_messages_cpp
[  0%] Built target nodelet_topic_tools_gencfg
[  0%] Built target bond_generate_messages_py
[35m[1mScanning dependencies of target bond_generate_messages_lisp[0m
[35m[1mScanning dependencies of target bond_generate_messages_eus[0m
[35m[1mScanning dependencies of target bond_generate_messages_cpp[0m
[  0%] Built target bond_generate_messages_lisp
[35m[1mScanning dependencies of target nodelet_generate_messages_py[0m
[  0%] Built target bond_generate_messages_cpp
[  0%] Built target bond_generate_messages_eus
[35m[1mScanning dependencies of target nodelet_generate_messages_lisp[0m
[  0%] Built target nodelet_generate_messages_py
[35m[1mScanning dependencies of target actionlib_msgs_generate_messages_nodejs[0m
[35m[1mScanning dependencies of target tf2_msgs_generate_messages_py[0m
[35m[1mScanning dependencies of target actionlib_msgs_generate_messages_lisp[0m
[  0%] Built target nodelet_generate_messages_lisp
[  0%] Built target actionlib_msgs_generate_messages_nodejs
[  0%] Built target tf2_msgs_generate_messages_py
[  0%] Built target actionlib_msgs_generate_messages_lisp
[35m[1mScanning dependencies of target nav_msgs_generate_messages_nodejs[0m
[35m[1mScanning dependencies of target sensor_msgs_generate_messages_eus[0m
[35m[1mScanning dependencies of target actionlib_msgs_generate_messages_cpp[0m
[35m[1mScanning dependencies of target actionlib_generate_messages_nodejs[0m
[  0%] Built target nav_msgs_generate_messages_nodejs
[  0%] Built target sensor_msgs_generate_messages_eus
[  0%] Built target actionlib_msgs_generate_messages_cpp
[  0%] Built target actionlib_generate_messages_nodejs
[35m[1mScanning dependencies of target sensor_msgs_generate_messages_cpp[0m
[35m[1mScanning dependencies of target volumetric_msgs_generate_messages_lisp[0m
[35m[1mScanning dependencies of target visualization_msgs_generate_messages_cpp[0m
[35m[1mScanning dependencies of target rosgraph_msgs_generate_messages_nodejs[0m
[  0%] Built target sensor_msgs_generate_messages_cpp
[  0%] Built target volumetric_msgs_generate_messages_lisp
[  0%] Built target visualization_msgs_generate_messages_cpp
[  0%] Built target rosgraph_msgs_generate_messages_nodejs
[35m[1mScanning dependencies of target roscpp_generate_messages_py[0m
[35m[1mScanning dependencies of target roscpp_generate_messages_eus[0m
[35m[1mScanning dependencies of target sensor_msgs_generate_messages_nodejs[0m
[35m[1mScanning dependencies of target std_msgs_generate_messages_cpp[0m
[  0%] Built target roscpp_generate_messages_py
[  0%] Built target sensor_msgs_generate_messages_nodejs
[  0%] Built target std_msgs_generate_messages_cpp
[  0%] Built target roscpp_generate_messages_eus
[35m[1mScanning dependencies of target rosgraph_msgs_generate_messages_cpp[0m
[35m[1mScanning dependencies of target octomap_msgs_generate_messages_nodejs[0m
[35m[1mScanning dependencies of target pcl_msgs_generate_messages_eus[0m
[35m[1mScanning dependencies of target nav_msgs_generate_messages_py[0m
[  0%] Built target octomap_msgs_generate_messages_nodejs
[  0%] Built target rosgraph_msgs_generate_messages_cpp
[  0%] Built target pcl_msgs_generate_messages_eus
[  0%] Built target nav_msgs_generate_messages_py
[35m[1mScanning dependencies of target dynamic_reconfigure_generate_messages_nodejs[0m
[35m[1mScanning dependencies of target rosgraph_msgs_generate_messages_eus[0m
[35m[1mScanning dependencies of target std_msgs_generate_messages_py[0m
[35m[1mScanning dependencies of target roscpp_generate_messages_cpp[0m
[  0%] Built target dynamic_reconfigure_generate_messages_nodejs
[  0%] Built target rosgraph_msgs_generate_messages_eus
[  0%] Built target std_msgs_generate_messages_py
[  0%] Built target roscpp_generate_messages_cpp
[35m[1mScanning dependencies of target actionlib_generate_messages_cpp[0m
[35m[1mScanning dependencies of target std_msgs_generate_messages_nodejs[0m
[35m[1mScanning dependencies of target rosgraph_msgs_generate_messages_py[0m
[35m[1mScanning dependencies of target dynamic_reconfigure_generate_messages_lisp[0m
[  0%] Built target actionlib_generate_messages_cpp
[  0%] Built target rosgraph_msgs_generate_messages_py
[  0%] Built target std_msgs_generate_messages_nodejs
[  0%] Built target dynamic_reconfigure_generate_messages_lisp
[35m[1mScanning dependencies of target tf_generate_messages_lisp[0m
[35m[1mScanning dependencies of target stereo_msgs_generate_messages_py[0m
[35m[1mScanning dependencies of target rosgraph_msgs_generate_messages_lisp[0m
[35m[1mScanning dependencies of target sensor_msgs_generate_messages_py[0m
[  0%] Built target stereo_msgs_generate_messages_py
[  0%] Built target rosgraph_msgs_generate_messages_lisp
[  0%] Built target sensor_msgs_generate_messages_py
[  0%] Built target tf_generate_messages_lisp
[35m[1mScanning dependencies of target std_srvs_generate_messages_nodejs[0m
[35m[1mScanning dependencies of target roscpp_generate_messages_nodejs[0m
[35m[1mScanning dependencies of target geometry_msgs_generate_messages_py[0m
[35m[1mScanning dependencies of target pcl_msgs_generate_messages_nodejs[0m
[  0%] Built target roscpp_generate_messages_nodejs
[  0%] Built target geometry_msgs_generate_messages_py
[  0%] Built target std_srvs_generate_messages_nodejs
[  0%] Built target pcl_msgs_generate_messages_nodejs
[35m[1mScanning dependencies of target std_msgs_generate_messages_lisp[0m
[35m[1mScanning dependencies of target std_srvs_generate_messages_lisp[0m
[35m[1mScanning dependencies of target laser_mapper_generate_messages_py[0m
[35m[1mScanning dependencies of target geometry_msgs_generate_messages_lisp[0m
[  0%] Built target std_msgs_generate_messages_lisp
[  0%] Built target laser_mapper_generate_messages_py
[  0%] Built target std_srvs_generate_messages_lisp
[  0%] Built target geometry_msgs_generate_messages_lisp
[35m[1mScanning dependencies of target actionlib_msgs_generate_messages_eus[0m
[35m[1mScanning dependencies of target actionlib_generate_messages_lisp[0m
[35m[1mScanning dependencies of target tf_generate_messages_cpp[0m
[35m[1mScanning dependencies of target std_srvs_generate_messages_eus[0m
[  0%] Built target actionlib_msgs_generate_messages_eus
[  0%] Built target tf_generate_messages_cpp
[  0%] Built target actionlib_generate_messages_lisp
[  0%] Built target std_srvs_generate_messages_eus
[35m[1mScanning dependencies of target tf_generate_messages_eus[0m
[35m[1mScanning dependencies of target tf_generate_messages_nodejs[0m
[35m[1mScanning dependencies of target roscpp_generate_messages_lisp[0m
[35m[1mScanning dependencies of target std_srvs_generate_messages_py[0m
[  0%] Built target tf_generate_messages_eus
[  0%] Built target tf_generate_messages_nodejs
[  0%] Built target roscpp_generate_messages_lisp
[  0%] Built target std_srvs_generate_messages_py
[35m[1mScanning dependencies of target nav_msgs_generate_messages_lisp[0m
[35m[1mScanning dependencies of target visualization_msgs_generate_messages_lisp[0m
[35m[1mScanning dependencies of target laser_mapper_generate_messages_lisp[0m
[35m[1mScanning dependencies of target nodelet_generate_messages_nodejs[0m
[  0%] Built target nav_msgs_generate_messages_lisp
[  0%] Built target laser_mapper_generate_messages_lisp
[  0%] Built target visualization_msgs_generate_messages_lisp
[  0%] Built target nodelet_generate_messages_nodejs
[35m[1mScanning dependencies of target actionlib_msgs_generate_messages_py[0m
[35m[1mScanning dependencies of target tf2_msgs_generate_messages_cpp[0m
[35m[1mScanning dependencies of target tf_generate_messages_py[0m
[35m[1mScanning dependencies of target std_msgs_generate_messages_eus[0m
[  0%] Built target actionlib_msgs_generate_messages_py
[  0%] Built target tf2_msgs_generate_messages_cpp
[  0%] Built target tf_generate_messages_py
[  0%] Built target std_msgs_generate_messages_eus
[35m[1mScanning dependencies of target actionlib_generate_messages_eus[0m
[35m[1mScanning dependencies of target pcl_ros_gencfg[0m
[35m[1mScanning dependencies of target nav_msgs_generate_messages_eus[0m
[35m[1mScanning dependencies of target tf2_msgs_generate_messages_eus[0m
[  0%] Built target actionlib_generate_messages_eus
[  0%] Built target pcl_ros_gencfg
[  0%] Built target nav_msgs_generate_messages_eus
[  0%] Built target tf2_msgs_generate_messages_eus
[35m[1mScanning dependencies of target nodelet_generate_messages_cpp[0m
[35m[1mScanning dependencies of target nav_msgs_generate_messages_cpp[0m
[35m[1mScanning dependencies of target tf2_msgs_generate_messages_lisp[0m
[35m[1mScanning dependencies of target tf2_msgs_generate_messages_nodejs[0m
[  0%] Built target nodelet_generate_messages_cpp
[  0%] Built target nav_msgs_generate_messages_cpp
[  0%] Built target tf2_msgs_generate_messages_lisp
[  0%] Built target tf2_msgs_generate_messages_nodejs
[35m[1mScanning dependencies of target nodelet_generate_messages_eus[0m
[35m[1mScanning dependencies of target topic_tools_generate_messages_cpp[0m
[35m[1mScanning dependencies of target topic_tools_generate_messages_eus[0m
[35m[1mScanning dependencies of target topic_tools_generate_messages_lisp[0m
[  0%] Built target nodelet_generate_messages_eus
[  0%] Built target topic_tools_generate_messages_cpp
[  0%] Built target topic_tools_generate_messages_eus
[  0%] Built target topic_tools_generate_messages_lisp
[35m[1mScanning dependencies of target sensor_msgs_generate_messages_lisp[0m
[35m[1mScanning dependencies of target topic_tools_generate_messages_nodejs[0m
[35m[1mScanning dependencies of target laser_mapper_tools_generate_messages_lisp[0m
[35m[1mScanning dependencies of target visualization_msgs_generate_messages_nodejs[0m
[  0%] Built target sensor_msgs_generate_messages_lisp
[  0%] Built target topic_tools_generate_messages_nodejs
[  6%] [34m[1mGenerating Lisp code from laser_mapper_tools/SetPose.srv[0m
[  6%] Built target visualization_msgs_generate_messages_nodejs
[35m[1mScanning dependencies of target visualization_msgs_generate_messages_py[0m
[35m[1mScanning dependencies of target actionlib_generate_messages_py[0m
[  6%] Built target visualization_msgs_generate_messages_py
[35m[1mScanning dependencies of target dynamic_reconfigure_generate_messages_py[0m
[  6%] Built target actionlib_generate_messages_py
[  6%] Built target dynamic_reconfigure_generate_messages_py
[35m[1mScanning dependencies of target octomap_msgs_generate_messages_eus[0m
[35m[1mScanning dependencies of target topic_tools_generate_messages_py[0m
[  6%] Built target octomap_msgs_generate_messages_eus
[35m[1mScanning dependencies of target octomap_msgs_generate_messages_cpp[0m
[  6%] Built target topic_tools_generate_messages_py
[  6%] Built target octomap_msgs_generate_messages_cpp
[35m[1mScanning dependencies of target octomap_msgs_generate_messages_lisp[0m
[35m[1mScanning dependencies of target octomap_msgs_generate_messages_py[0m
[  6%] Built target laser_mapper_tools_generate_messages_lisp
[  6%] Built target octomap_msgs_generate_messages_lisp
[35m[1mScanning dependencies of target std_srvs_generate_messages_cpp[0m
[  6%] Built target octomap_msgs_generate_messages_py
[35m[1mScanning dependencies of target pcl_msgs_generate_messages_cpp[0m
[35m[1mScanning dependencies of target pcl_msgs_generate_messages_lisp[0m
[  6%] Built target std_srvs_generate_messages_cpp
[35m[1mScanning dependencies of target dynamic_reconfigure_generate_messages_cpp[0m
[  6%] Built target pcl_msgs_generate_messages_cpp
[  6%] Built target pcl_msgs_generate_messages_lisp
[35m[1mScanning dependencies of target bond_generate_messages_nodejs[0m
[  6%] Built target dynamic_reconfigure_generate_messages_cpp
[35m[1mScanning dependencies of target visualization_msgs_generate_messages_eus[0m
[35m[1mScanning dependencies of target pcl_msgs_generate_messages_py[0m
[  6%] Built target bond_generate_messages_nodejs
[35m[1mScanning dependencies of target dynamic_reconfigure_generate_messages_eus[0m
[  6%] Built target visualization_msgs_generate_messages_eus
[  6%] Built target pcl_msgs_generate_messages_py
[  6%] Built target dynamic_reconfigure_generate_messages_eus
[35m[1mScanning dependencies of target laser_mapper_tools_generate_messages_eus[0m
[35m[1mScanning dependencies of target laser_mapper_tools_generate_messages_cpp[0m
[35m[1mScanning dependencies of target laser_mapper_tools_generate_messages_nodejs[0m
[35m[1mScanning dependencies of target laser_mapper_tools_generate_messages_py[0m
[ 13%] [34m[1mGenerating EusLisp code from laser_mapper_tools/SetPose.srv[0m
[ 20%] [34m[1mGenerating C++ code from laser_mapper_tools/SetPose.srv[0m
[ 26%] [34m[1mGenerating Javascript code from laser_mapper_tools/SetPose.srv[0m
[ 33%] [34m[1mGenerating Python code from SRV laser_mapper_tools/SetPose[0m
[ 33%] Built target laser_mapper_tools_generate_messages_nodejs
[ 40%] [34m[1mGenerating EusLisp manifest code for laser_mapper_tools[0m
[ 46%] [34m[1mGenerating Python srv __init__.py for laser_mapper_tools[0m
[ 46%] Built target laser_mapper_tools_generate_messages_py
[ 46%] Built target laser_mapper_tools_generate_messages_cpp
[ 46%] Built target laser_mapper_tools_generate_messages_eus
[35m[1mScanning dependencies of target laser_mapper_tools_generate_messages[0m
[35m[1mScanning dependencies of target laser_to_octomap[0m
[35m[1mScanning dependencies of target laser_mapper_tools[0m
[35m[1mScanning dependencies of target octomap_to_point_cloud[0m
[ 46%] Built target laser_mapper_tools_generate_messages
[ 53%] [32mBuilding CXX object CMakeFiles/laser_to_octomap.dir/src/laser_to_octomap.cpp.o[0m
[ 60%] [32mBuilding CXX object CMakeFiles/octomap_to_point_cloud.dir/src/octomap_to_point_cloud.cpp.o[0m
[ 66%] [32mBuilding CXX object CMakeFiles/laser_mapper_tools.dir/src/rigid_map_alignment.cpp.o[0m
[ 73%] [32m[1mLinking CXX executable /home/elliottwhite/turtlebot2_wss/laser_slam_ws/devel/lib/laser_mapper_tools/laser_to_octomap[0m
[ 80%] [32m[1mLinking CXX executable /home/elliottwhite/turtlebot2_wss/laser_slam_ws/devel/lib/laser_mapper_tools/octomap_to_point_cloud[0m
[ 80%] Built target laser_to_octomap
[ 80%] Built target octomap_to_point_cloud
[ 86%] [32m[1mLinking CXX shared library /home/elliottwhite/turtlebot2_wss/laser_slam_ws/devel/lib/liblaser_mapper_tools.so[0m
[ 86%] Built target laser_mapper_tools
[35m[1mScanning dependencies of target rigid_map_alignment_node[0m
[ 93%] [32mBuilding CXX object CMakeFiles/rigid_map_alignment_node.dir/src/rigid_map_alignment_node.cpp.o[0m
[100%] [32m[1mLinking CXX executable /home/elliottwhite/turtlebot2_wss/laser_slam_ws/devel/lib/laser_mapper_tools/rigid_map_alignment_node[0m
[100%] Built target rigid_map_alignment_node
