Not searching for unused variables given on the command line.
[36m--[0m The C compiler identification is GNU 5.4.0
[36m--[0m The CXX compiler identification is GNU 5.4.0
[36m--[0m Check for working C compiler: /usr/bin/cc
[36m--[0m Check for working C compiler: /usr/bin/cc -- works
[36m--[0m Detecting C compiler ABI info
[36m--[0m Detecting C compiler ABI info - done
[36m--[0m Detecting C compile features
[36m--[0m Detecting C compile features - done
[36m--[0m Check for working CXX compiler: /usr/bin/c++
[36m--[0m Check for working CXX compiler: /usr/bin/c++ -- works
[36m--[0m Detecting CXX compiler ABI info
[36m--[0m Detecting CXX compiler ABI info - done
[36m--[0m Detecting CXX compile features
[36m--[0m Detecting CXX compile features - done
[36m--[0m Using CATKIN_DEVEL_PREFIX: /home/elliottwhite/turtlebot2_wss/laser_slam_ws/devel
[36m--[0m Using CMAKE_PREFIX_PATH: /home/elliottwhite/turtlebot2_wss/laser_slam_ws/devel;/home/elliottwhite/proj515_ws/devel;/opt/ros/kinetic
[36m--[0m This workspace overlays: /home/elliottwhite/turtlebot2_wss/laser_slam_ws/devel;/home/elliottwhite/proj515_ws/devel;/opt/ros/kinetic
[36m--[0m Found PythonInterp: /usr/bin/python (found version "2.7.12")
[36m--[0m Using PYTHON_EXECUTABLE: /usr/bin/python
[36m--[0m Using Debian Python package layout
[36m--[0m Using empy: /usr/bin/empy
[36m--[0m Using CATKIN_ENABLE_TESTING: ON
[36m--[0m Call enable_testing()
[36m--[0m Using CATKIN_TEST_RESULTS_DIR: /home/elliottwhite/turtlebot2_wss/laser_slam_ws/build/laser_mapper_tools/test_results
[36m--[0m Found gmock sources under '/usr/src/gmock': gmock will be built
[36m--[0m Looking for pthread.h
[36m--[0m Looking for pthread.h - found
[36m--[0m Looking for pthread_create
[36m--[0m Looking for pthread_create - not found
[36m--[0m Looking for pthread_create in pthreads
[36m--[0m Looking for pthread_create in pthreads - not found
[36m--[0m Looking for pthread_create in pthread
[36m--[0m Looking for pthread_create in pthread - found
[36m--[0m Found Threads: TRUE
[36m--[0m Found gtest sources under '/usr/src/gmock': gtests will be built
[36m--[0m Using Python nosetests: /usr/bin/nosetests-2.7
[36m--[0m catkin 0.7.14
[36m--[0m GTSAM include directory:  /home/elliottwhite/turtlebot2_wss/laser_slam_ws/devel/lib/cmake/GTSAM/../../../include;/usr/include;/usr/include/eigen3
[36m--[0m Using these message generators: gencpp;geneus;genlisp;gennodejs;genpy
[36m--[0m laser_mapper_tools: 0 messages, 1 services
[36m--[0m Marking SHARED_LIBRARY "laser_mapper_tools" of package "laser_mapper_tools" for installation
[36m--[0m Marking EXECUTABLE "octomap_to_point_cloud" of package "laser_mapper_tools" for installation
[36m--[0m Marking EXECUTABLE "laser_to_octomap" of package "laser_mapper_tools" for installation
[36m--[0m Marking EXECUTABLE "rigid_map_alignment_node" of package "laser_mapper_tools" for installation
[36m--[0m Marking HEADER FILES in "include" folder of package "laser_mapper_tools" for installation
[36m--[0m Marking SHARED CONTENT FOLDER "launch" of package "laser_mapper_tools" for installation
[36m--[0m Configuring done
[33m[1mCMake Warning[0m at /home/elliottwhite/turtlebot2_wss/laser_slam_ws/devel/share/catkin_simple/cmake/catkin_simple-extras.cmake:133 (add_executable):
  Cannot generate a safe runtime search path for target
  octomap_to_point_cloud because files in some directories may conflict with
  libraries in implicit directories:

    runtime library [libpython2.7.so.1.0] in /usr/lib/x86_64-linux-gnu may be hidden by files in:
      /usr/local/lib

  Some of these libraries may not be found correctly.
[36mCall Stack (most recent call first):[0m
  CMakeLists.txt:17 (cs_add_executable)


[33m[1mCMake Warning[0m at /home/elliottwhite/turtlebot2_wss/laser_slam_ws/devel/share/catkin_simple/cmake/catkin_simple-extras.cmake:133 (add_executable):
  Cannot generate a safe runtime search path for target laser_to_octomap
  because files in some directories may conflict with libraries in implicit
  directories:

    runtime library [libpython2.7.so.1.0] in /usr/lib/x86_64-linux-gnu may be hidden by files in:
      /usr/local/lib

  Some of these libraries may not be found correctly.
[36mCall Stack (most recent call first):[0m
  CMakeLists.txt:18 (cs_add_executable)


[33m[1mCMake Warning[0m at /home/elliottwhite/turtlebot2_wss/laser_slam_ws/devel/share/catkin_simple/cmake/catkin_simple-extras.cmake:150 (add_library):
  Cannot generate a safe runtime search path for target laser_mapper_tools
  because files in some directories may conflict with libraries in implicit
  directories:

    runtime library [libpython2.7.so.1.0] in /usr/lib/x86_64-linux-gnu may be hidden by files in:
      /usr/local/lib

  Some of these libraries may not be found correctly.
[36mCall Stack (most recent call first):[0m
  CMakeLists.txt:14 (cs_add_library)


[33m[1mCMake Warning[0m at /home/elliottwhite/turtlebot2_wss/laser_slam_ws/devel/share/catkin_simple/cmake/catkin_simple-extras.cmake:133 (add_executable):
  Cannot generate a safe runtime search path for target
  rigid_map_alignment_node because files in some directories may conflict
  with libraries in implicit directories:

    runtime library [libpython2.7.so.1.0] in /usr/lib/x86_64-linux-gnu may be hidden by files in:
      /usr/local/lib

  Some of these libraries may not be found correctly.
[36mCall Stack (most recent call first):[0m
  CMakeLists.txt:20 (cs_add_executable)


[36m--[0m Generating done
[36m--[0m Build files have been written to: /home/elliottwhite/turtlebot2_wss/laser_slam_ws/build/laser_mapper_tools
