Determining if the pthread_create exist failed with the following output:
Change Dir: /home/elliottwhite/turtlebot2_wss/laser_slam_ws/build/gtsam_catkin/gtsam_src-prefix/src/gtsam_src-build/CMakeFiles/CMakeTmp

Run Build Command:"/usr/bin/make" "cmTC_3979c/fast"
make[3]: Entering directory '/home/elliottwhite/turtlebot2_wss/laser_slam_ws/build/gtsam_catkin/gtsam_src-prefix/src/gtsam_src-build/CMakeFiles/CMakeTmp'
/usr/bin/make -f CMakeFiles/cmTC_3979c.dir/build.make CMakeFiles/cmTC_3979c.dir/build
make[4]: Entering directory '/home/elliottwhite/turtlebot2_wss/laser_slam_ws/build/gtsam_catkin/gtsam_src-prefix/src/gtsam_src-build/CMakeFiles/CMakeTmp'
Building C object CMakeFiles/cmTC_3979c.dir/CheckSymbolExists.c.o
/usr/bin/cc    -std=c11   -Wall    -o CMakeFiles/cmTC_3979c.dir/CheckSymbolExists.c.o   -c /home/elliottwhite/turtlebot2_wss/laser_slam_ws/build/gtsam_catkin/gtsam_src-prefix/src/gtsam_src-build/CMakeFiles/CMakeTmp/CheckSymbolExists.c
Linking C executable cmTC_3979c
/usr/bin/cmake -E cmake_link_script CMakeFiles/cmTC_3979c.dir/link.txt --verbose=1
/usr/bin/cc   -std=c11   -Wall     CMakeFiles/cmTC_3979c.dir/CheckSymbolExists.c.o  -o cmTC_3979c -rdynamic 
CMakeFiles/cmTC_3979c.dir/CheckSymbolExists.c.o: In function `main':
CheckSymbolExists.c:(.text+0x16): undefined reference to `pthread_create'
collect2: error: ld returned 1 exit status
CMakeFiles/cmTC_3979c.dir/build.make:97: recipe for target 'cmTC_3979c' failed
make[4]: *** [cmTC_3979c] Error 1
make[4]: Leaving directory '/home/elliottwhite/turtlebot2_wss/laser_slam_ws/build/gtsam_catkin/gtsam_src-prefix/src/gtsam_src-build/CMakeFiles/CMakeTmp'
Makefile:126: recipe for target 'cmTC_3979c/fast' failed
make[3]: *** [cmTC_3979c/fast] Error 2
make[3]: Leaving directory '/home/elliottwhite/turtlebot2_wss/laser_slam_ws/build/gtsam_catkin/gtsam_src-prefix/src/gtsam_src-build/CMakeFiles/CMakeTmp'

File /home/elliottwhite/turtlebot2_wss/laser_slam_ws/build/gtsam_catkin/gtsam_src-prefix/src/gtsam_src-build/CMakeFiles/CMakeTmp/CheckSymbolExists.c:
/* */
#include <pthread.h>

int main(int argc, char** argv)
{
  (void)argv;
#ifndef pthread_create
  return ((int*)(&pthread_create))[argc];
#else
  (void)argc;
  return 0;
#endif
}

Determining if the function pthread_create exists in the pthreads failed with the following output:
Change Dir: /home/elliottwhite/turtlebot2_wss/laser_slam_ws/build/gtsam_catkin/gtsam_src-prefix/src/gtsam_src-build/CMakeFiles/CMakeTmp

Run Build Command:"/usr/bin/make" "cmTC_3b20f/fast"
make[3]: Entering directory '/home/elliottwhite/turtlebot2_wss/laser_slam_ws/build/gtsam_catkin/gtsam_src-prefix/src/gtsam_src-build/CMakeFiles/CMakeTmp'
/usr/bin/make -f CMakeFiles/cmTC_3b20f.dir/build.make CMakeFiles/cmTC_3b20f.dir/build
make[4]: Entering directory '/home/elliottwhite/turtlebot2_wss/laser_slam_ws/build/gtsam_catkin/gtsam_src-prefix/src/gtsam_src-build/CMakeFiles/CMakeTmp'
Building C object CMakeFiles/cmTC_3b20f.dir/CheckFunctionExists.c.o
/usr/bin/cc    -std=c11   -Wall -DCHECK_FUNCTION_EXISTS=pthread_create   -o CMakeFiles/cmTC_3b20f.dir/CheckFunctionExists.c.o   -c /usr/share/cmake-3.5/Modules/CheckFunctionExists.c
Linking C executable cmTC_3b20f
/usr/bin/cmake -E cmake_link_script CMakeFiles/cmTC_3b20f.dir/link.txt --verbose=1
/usr/bin/cc   -std=c11   -Wall -DCHECK_FUNCTION_EXISTS=pthread_create    CMakeFiles/cmTC_3b20f.dir/CheckFunctionExists.c.o  -o cmTC_3b20f -rdynamic -lpthreads 
/usr/bin/ld: cannot find -lpthreads
collect2: error: ld returned 1 exit status
CMakeFiles/cmTC_3b20f.dir/build.make:97: recipe for target 'cmTC_3b20f' failed
make[4]: *** [cmTC_3b20f] Error 1
make[4]: Leaving directory '/home/elliottwhite/turtlebot2_wss/laser_slam_ws/build/gtsam_catkin/gtsam_src-prefix/src/gtsam_src-build/CMakeFiles/CMakeTmp'
Makefile:126: recipe for target 'cmTC_3b20f/fast' failed
make[3]: *** [cmTC_3b20f/fast] Error 2
make[3]: Leaving directory '/home/elliottwhite/turtlebot2_wss/laser_slam_ws/build/gtsam_catkin/gtsam_src-prefix/src/gtsam_src-build/CMakeFiles/CMakeTmp'


