Determining if the pthread_create exist failed with the following output:
Change Dir: /home/elliottwhite/turtlebot2_wss/turtlebot_ws/build/CMakeFiles/CMakeTmp

Run Build Command:"/usr/bin/make" "cmTC_1d87d/fast"
/usr/bin/make -f CMakeFiles/cmTC_1d87d.dir/build.make CMakeFiles/cmTC_1d87d.dir/build
make[1]: Entering directory '/home/elliottwhite/turtlebot2_wss/turtlebot_ws/build/CMakeFiles/CMakeTmp'
Building C object CMakeFiles/cmTC_1d87d.dir/CheckSymbolExists.c.o
/usr/bin/cc     -o CMakeFiles/cmTC_1d87d.dir/CheckSymbolExists.c.o   -c /home/elliottwhite/turtlebot2_wss/turtlebot_ws/build/CMakeFiles/CMakeTmp/CheckSymbolExists.c
Linking C executable cmTC_1d87d
/usr/bin/cmake -E cmake_link_script CMakeFiles/cmTC_1d87d.dir/link.txt --verbose=1
/usr/bin/cc       CMakeFiles/cmTC_1d87d.dir/CheckSymbolExists.c.o  -o cmTC_1d87d -rdynamic 
CMakeFiles/cmTC_1d87d.dir/CheckSymbolExists.c.o: In function `main':
CheckSymbolExists.c:(.text+0x16): undefined reference to `pthread_create'
collect2: error: ld returned 1 exit status
CMakeFiles/cmTC_1d87d.dir/build.make:97: recipe for target 'cmTC_1d87d' failed
make[1]: *** [cmTC_1d87d] Error 1
make[1]: Leaving directory '/home/elliottwhite/turtlebot2_wss/turtlebot_ws/build/CMakeFiles/CMakeTmp'
Makefile:126: recipe for target 'cmTC_1d87d/fast' failed
make: *** [cmTC_1d87d/fast] Error 2

File /home/elliottwhite/turtlebot2_wss/turtlebot_ws/build/CMakeFiles/CMakeTmp/CheckSymbolExists.c:
/* */
#include <pthread.h>

int main(int argc, char** argv)
{
  (void)argv;
#ifndef pthread_create
  return ((int*)(&pthread_create))[argc];
#else
  (void)argc;
  return 0;
#endif
}

Determining if the function pthread_create exists in the pthreads failed with the following output:
Change Dir: /home/elliottwhite/turtlebot2_wss/turtlebot_ws/build/CMakeFiles/CMakeTmp

Run Build Command:"/usr/bin/make" "cmTC_61e6e/fast"
/usr/bin/make -f CMakeFiles/cmTC_61e6e.dir/build.make CMakeFiles/cmTC_61e6e.dir/build
make[1]: Entering directory '/home/elliottwhite/turtlebot2_wss/turtlebot_ws/build/CMakeFiles/CMakeTmp'
Building C object CMakeFiles/cmTC_61e6e.dir/CheckFunctionExists.c.o
/usr/bin/cc    -DCHECK_FUNCTION_EXISTS=pthread_create   -o CMakeFiles/cmTC_61e6e.dir/CheckFunctionExists.c.o   -c /usr/share/cmake-3.5/Modules/CheckFunctionExists.c
Linking C executable cmTC_61e6e
/usr/bin/cmake -E cmake_link_script CMakeFiles/cmTC_61e6e.dir/link.txt --verbose=1
/usr/bin/cc   -DCHECK_FUNCTION_EXISTS=pthread_create    CMakeFiles/cmTC_61e6e.dir/CheckFunctionExists.c.o  -o cmTC_61e6e -rdynamic -lpthreads 
/usr/bin/ld: cannot find -lpthreads
collect2: error: ld returned 1 exit status
CMakeFiles/cmTC_61e6e.dir/build.make:97: recipe for target 'cmTC_61e6e' failed
make[1]: *** [cmTC_61e6e] Error 1
make[1]: Leaving directory '/home/elliottwhite/turtlebot2_wss/turtlebot_ws/build/CMakeFiles/CMakeTmp'
Makefile:126: recipe for target 'cmTC_61e6e/fast' failed
make: *** [cmTC_61e6e/fast] Error 2


