[35m[1mScanning dependencies of target _volumetric_msgs_generate_messages_check_deps_SetDisplayBounds[0m
[  0%] Built target _volumetric_msgs_generate_messages_check_deps_SetDisplayBounds
[35m[1mScanning dependencies of target _volumetric_msgs_generate_messages_check_deps_LoadMap[0m
[  0%] Built target _volumetric_msgs_generate_messages_check_deps_LoadMap
[35m[1mScanning dependencies of target std_msgs_generate_messages_eus[0m
[  0%] Built target std_msgs_generate_messages_eus
[35m[1mScanning dependencies of target _volumetric_msgs_generate_messages_check_deps_SaveMap[0m
[  0%] Built target _volumetric_msgs_generate_messages_check_deps_SaveMap
[35m[1mScanning dependencies of target _volumetric_msgs_generate_messages_check_deps_SetBoxOccupancy[0m
[  0%] Built target _volumetric_msgs_generate_messages_check_deps_SetBoxOccupancy
[35m[1mScanning dependencies of target geometry_msgs_generate_messages_eus[0m
[  0%] Built target geometry_msgs_generate_messages_eus
[35m[1mScanning dependencies of target _volumetric_msgs_generate_messages_check_deps_LoadMapInFrame[0m
[  0%] Built target _volumetric_msgs_generate_messages_check_deps_LoadMapInFrame
[35m[1mScanning dependencies of target geometry_msgs_generate_messages_py[0m
[  0%] Built target geometry_msgs_generate_messages_py
[35m[1mScanning dependencies of target std_msgs_generate_messages_py[0m
[  0%] Built target std_msgs_generate_messages_py
[35m[1mScanning dependencies of target std_msgs_generate_messages_nodejs[0m
[  0%] Built target std_msgs_generate_messages_nodejs
[35m[1mScanning dependencies of target geometry_msgs_generate_messages_nodejs[0m
[  0%] Built target geometry_msgs_generate_messages_nodejs
[35m[1mScanning dependencies of target std_msgs_generate_messages_lisp[0m
[  0%] Built target std_msgs_generate_messages_lisp
[35m[1mScanning dependencies of target geometry_msgs_generate_messages_lisp[0m
[  0%] Built target geometry_msgs_generate_messages_lisp
[35m[1mScanning dependencies of target std_msgs_generate_messages_cpp[0m
[  0%] Built target std_msgs_generate_messages_cpp
[35m[1mScanning dependencies of target geometry_msgs_generate_messages_cpp[0m
[  0%] Built target geometry_msgs_generate_messages_cpp
[35m[1mScanning dependencies of target volumetric_msgs_generate_messages_eus[0m
[  3%] [34m[1mGenerating EusLisp code from volumetric_msgs/LoadMapInFrame.srv[0m
[  7%] [34m[1mGenerating EusLisp code from volumetric_msgs/SetDisplayBounds.srv[0m
[ 11%] [34m[1mGenerating EusLisp code from volumetric_msgs/SetBoxOccupancy.srv[0m
[ 14%] [34m[1mGenerating EusLisp code from volumetric_msgs/SaveMap.srv[0m
[ 18%] [34m[1mGenerating EusLisp code from volumetric_msgs/LoadMap.srv[0m
[ 22%] [34m[1mGenerating EusLisp manifest code for volumetric_msgs[0m
[35m[1mScanning dependencies of target volumetric_msgs_generate_messages_py[0m
[ 25%] [34m[1mGenerating Python code from SRV volumetric_msgs/LoadMapInFrame[0m
[ 29%] [34m[1mGenerating Python code from SRV volumetric_msgs/SetDisplayBounds[0m
[ 33%] [34m[1mGenerating Python code from SRV volumetric_msgs/SetBoxOccupancy[0m
[ 37%] [34m[1mGenerating Python code from SRV volumetric_msgs/SaveMap[0m
[ 40%] [34m[1mGenerating Python code from SRV volumetric_msgs/LoadMap[0m
[ 44%] [34m[1mGenerating Python srv __init__.py for volumetric_msgs[0m
[ 44%] Built target volumetric_msgs_generate_messages_py
[35m[1mScanning dependencies of target volumetric_msgs_generate_messages_nodejs[0m
[ 48%] [34m[1mGenerating Javascript code from volumetric_msgs/LoadMapInFrame.srv[0m
[ 51%] [34m[1mGenerating Javascript code from volumetric_msgs/SetDisplayBounds.srv[0m
[ 55%] [34m[1mGenerating Javascript code from volumetric_msgs/SetBoxOccupancy.srv[0m
[ 59%] [34m[1mGenerating Javascript code from volumetric_msgs/SaveMap.srv[0m
[35m[1mScanning dependencies of target volumetric_msgs_generate_messages_lisp[0m
[ 62%] [34m[1mGenerating Javascript code from volumetric_msgs/LoadMap.srv[0m
[ 66%] [34m[1mGenerating Lisp code from volumetric_msgs/LoadMapInFrame.srv[0m
[ 66%] Built target volumetric_msgs_generate_messages_nodejs
[ 70%] [34m[1mGenerating Lisp code from volumetric_msgs/SetDisplayBounds.srv[0m
[ 74%] [34m[1mGenerating Lisp code from volumetric_msgs/SetBoxOccupancy.srv[0m
[ 77%] [34m[1mGenerating Lisp code from volumetric_msgs/SaveMap.srv[0m
[ 81%] [34m[1mGenerating Lisp code from volumetric_msgs/LoadMap.srv[0m
[ 81%] Built target volumetric_msgs_generate_messages_lisp
[35m[1mScanning dependencies of target volumetric_msgs_generate_messages_cpp[0m
[ 85%] [34m[1mGenerating C++ code from volumetric_msgs/LoadMapInFrame.srv[0m
[ 88%] [34m[1mGenerating C++ code from volumetric_msgs/SetDisplayBounds.srv[0m
[ 92%] [34m[1mGenerating C++ code from volumetric_msgs/SetBoxOccupancy.srv[0m
[ 92%] Built target volumetric_msgs_generate_messages_eus
[ 96%] [34m[1mGenerating C++ code from volumetric_msgs/SaveMap.srv[0m
[100%] [34m[1mGenerating C++ code from volumetric_msgs/LoadMap.srv[0m
[100%] Built target volumetric_msgs_generate_messages_cpp
[35m[1mScanning dependencies of target volumetric_msgs_generate_messages[0m
[100%] Built target volumetric_msgs_generate_messages
