Determining if the pthread_create exist failed with the following output:
Change Dir: /home/elliottwhite/turtlebot2_wss/laser_slam_ws/build/eigen_checks/CMakeFiles/CMakeTmp

Run Build Command:"/usr/bin/make" "cmTC_9e26f/fast"
/usr/bin/make -f CMakeFiles/cmTC_9e26f.dir/build.make CMakeFiles/cmTC_9e26f.dir/build
make[1]: Entering directory '/home/elliottwhite/turtlebot2_wss/laser_slam_ws/build/eigen_checks/CMakeFiles/CMakeTmp'
Building C object CMakeFiles/cmTC_9e26f.dir/CheckSymbolExists.c.o
/usr/bin/cc     -o CMakeFiles/cmTC_9e26f.dir/CheckSymbolExists.c.o   -c /home/elliottwhite/turtlebot2_wss/laser_slam_ws/build/eigen_checks/CMakeFiles/CMakeTmp/CheckSymbolExists.c
Linking C executable cmTC_9e26f
/usr/bin/cmake -E cmake_link_script CMakeFiles/cmTC_9e26f.dir/link.txt --verbose=1
/usr/bin/cc       CMakeFiles/cmTC_9e26f.dir/CheckSymbolExists.c.o  -o cmTC_9e26f -rdynamic 
CMakeFiles/cmTC_9e26f.dir/CheckSymbolExists.c.o: In function `main':
CheckSymbolExists.c:(.text+0x16): undefined reference to `pthread_create'
collect2: error: ld returned 1 exit status
CMakeFiles/cmTC_9e26f.dir/build.make:97: recipe for target 'cmTC_9e26f' failed
make[1]: *** [cmTC_9e26f] Error 1
make[1]: Leaving directory '/home/elliottwhite/turtlebot2_wss/laser_slam_ws/build/eigen_checks/CMakeFiles/CMakeTmp'
Makefile:126: recipe for target 'cmTC_9e26f/fast' failed
make: *** [cmTC_9e26f/fast] Error 2

File /home/elliottwhite/turtlebot2_wss/laser_slam_ws/build/eigen_checks/CMakeFiles/CMakeTmp/CheckSymbolExists.c:
/* */
#include <pthread.h>

int main(int argc, char** argv)
{
  (void)argv;
#ifndef pthread_create
  return ((int*)(&pthread_create))[argc];
#else
  (void)argc;
  return 0;
#endif
}

Determining if the function pthread_create exists in the pthreads failed with the following output:
Change Dir: /home/elliottwhite/turtlebot2_wss/laser_slam_ws/build/eigen_checks/CMakeFiles/CMakeTmp

Run Build Command:"/usr/bin/make" "cmTC_eb41c/fast"
/usr/bin/make -f CMakeFiles/cmTC_eb41c.dir/build.make CMakeFiles/cmTC_eb41c.dir/build
make[1]: Entering directory '/home/elliottwhite/turtlebot2_wss/laser_slam_ws/build/eigen_checks/CMakeFiles/CMakeTmp'
Building C object CMakeFiles/cmTC_eb41c.dir/CheckFunctionExists.c.o
/usr/bin/cc    -DCHECK_FUNCTION_EXISTS=pthread_create   -o CMakeFiles/cmTC_eb41c.dir/CheckFunctionExists.c.o   -c /usr/share/cmake-3.5/Modules/CheckFunctionExists.c
Linking C executable cmTC_eb41c
/usr/bin/cmake -E cmake_link_script CMakeFiles/cmTC_eb41c.dir/link.txt --verbose=1
/usr/bin/cc   -DCHECK_FUNCTION_EXISTS=pthread_create    CMakeFiles/cmTC_eb41c.dir/CheckFunctionExists.c.o  -o cmTC_eb41c -rdynamic -lpthreads 
/usr/bin/ld: cannot find -lpthreads
collect2: error: ld returned 1 exit status
CMakeFiles/cmTC_eb41c.dir/build.make:97: recipe for target 'cmTC_eb41c' failed
make[1]: *** [cmTC_eb41c] Error 1
make[1]: Leaving directory '/home/elliottwhite/turtlebot2_wss/laser_slam_ws/build/eigen_checks/CMakeFiles/CMakeTmp'
Makefile:126: recipe for target 'cmTC_eb41c/fast' failed
make: *** [cmTC_eb41c/fast] Error 2


