Determining if the pthread_create exist failed with the following output:
Change Dir: /home/elliottwhite/turtlebot2_wss/rgbdslam_ws/build/CMakeFiles/CMakeTmp

Run Build Command:"/usr/bin/make" "cmTC_98d0d/fast"
/usr/bin/make -f CMakeFiles/cmTC_98d0d.dir/build.make CMakeFiles/cmTC_98d0d.dir/build
make[1]: Entering directory '/home/elliottwhite/turtlebot2_wss/rgbdslam_ws/build/CMakeFiles/CMakeTmp'
Building C object CMakeFiles/cmTC_98d0d.dir/CheckSymbolExists.c.o
/usr/bin/cc     -o CMakeFiles/cmTC_98d0d.dir/CheckSymbolExists.c.o   -c /home/elliottwhite/turtlebot2_wss/rgbdslam_ws/build/CMakeFiles/CMakeTmp/CheckSymbolExists.c
Linking C executable cmTC_98d0d
/usr/bin/cmake -E cmake_link_script CMakeFiles/cmTC_98d0d.dir/link.txt --verbose=1
/usr/bin/cc       CMakeFiles/cmTC_98d0d.dir/CheckSymbolExists.c.o  -o cmTC_98d0d -rdynamic 
CMakeFiles/cmTC_98d0d.dir/CheckSymbolExists.c.o: In function `main':
CheckSymbolExists.c:(.text+0x16): undefined reference to `pthread_create'
collect2: error: ld returned 1 exit status
CMakeFiles/cmTC_98d0d.dir/build.make:97: recipe for target 'cmTC_98d0d' failed
make[1]: *** [cmTC_98d0d] Error 1
make[1]: Leaving directory '/home/elliottwhite/turtlebot2_wss/rgbdslam_ws/build/CMakeFiles/CMakeTmp'
Makefile:126: recipe for target 'cmTC_98d0d/fast' failed
make: *** [cmTC_98d0d/fast] Error 2

File /home/elliottwhite/turtlebot2_wss/rgbdslam_ws/build/CMakeFiles/CMakeTmp/CheckSymbolExists.c:
/* */
#include <pthread.h>

int main(int argc, char** argv)
{
  (void)argv;
#ifndef pthread_create
  return ((int*)(&pthread_create))[argc];
#else
  (void)argc;
  return 0;
#endif
}

Determining if the function pthread_create exists in the pthreads failed with the following output:
Change Dir: /home/elliottwhite/turtlebot2_wss/rgbdslam_ws/build/CMakeFiles/CMakeTmp

Run Build Command:"/usr/bin/make" "cmTC_526ad/fast"
/usr/bin/make -f CMakeFiles/cmTC_526ad.dir/build.make CMakeFiles/cmTC_526ad.dir/build
make[1]: Entering directory '/home/elliottwhite/turtlebot2_wss/rgbdslam_ws/build/CMakeFiles/CMakeTmp'
Building C object CMakeFiles/cmTC_526ad.dir/CheckFunctionExists.c.o
/usr/bin/cc    -DCHECK_FUNCTION_EXISTS=pthread_create   -o CMakeFiles/cmTC_526ad.dir/CheckFunctionExists.c.o   -c /usr/share/cmake-3.5/Modules/CheckFunctionExists.c
Linking C executable cmTC_526ad
/usr/bin/cmake -E cmake_link_script CMakeFiles/cmTC_526ad.dir/link.txt --verbose=1
/usr/bin/cc   -DCHECK_FUNCTION_EXISTS=pthread_create    CMakeFiles/cmTC_526ad.dir/CheckFunctionExists.c.o  -o cmTC_526ad -rdynamic -lpthreads 
/usr/bin/ld: cannot find -lpthreads
collect2: error: ld returned 1 exit status
CMakeFiles/cmTC_526ad.dir/build.make:97: recipe for target 'cmTC_526ad' failed
make[1]: *** [cmTC_526ad] Error 1
make[1]: Leaving directory '/home/elliottwhite/turtlebot2_wss/rgbdslam_ws/build/CMakeFiles/CMakeTmp'
Makefile:126: recipe for target 'cmTC_526ad/fast' failed
make: *** [cmTC_526ad/fast] Error 2


