Determining if the pthread_create exist failed with the following output:
Change Dir: /home/elliottwhite/turtlebot2_wss/laser_slam_ws/build/catkin_simple/CMakeFiles/CMakeTmp

Run Build Command:"/usr/bin/make" "cmTC_8f60d/fast"
/usr/bin/make -f CMakeFiles/cmTC_8f60d.dir/build.make CMakeFiles/cmTC_8f60d.dir/build
make[1]: Entering directory '/home/elliottwhite/turtlebot2_wss/laser_slam_ws/build/catkin_simple/CMakeFiles/CMakeTmp'
Building C object CMakeFiles/cmTC_8f60d.dir/CheckSymbolExists.c.o
/usr/bin/cc     -o CMakeFiles/cmTC_8f60d.dir/CheckSymbolExists.c.o   -c /home/elliottwhite/turtlebot2_wss/laser_slam_ws/build/catkin_simple/CMakeFiles/CMakeTmp/CheckSymbolExists.c
Linking C executable cmTC_8f60d
/usr/bin/cmake -E cmake_link_script CMakeFiles/cmTC_8f60d.dir/link.txt --verbose=1
/usr/bin/cc       CMakeFiles/cmTC_8f60d.dir/CheckSymbolExists.c.o  -o cmTC_8f60d -rdynamic 
CMakeFiles/cmTC_8f60d.dir/CheckSymbolExists.c.o: In function `main':
CheckSymbolExists.c:(.text+0x16): undefined reference to `pthread_create'
collect2: error: ld returned 1 exit status
CMakeFiles/cmTC_8f60d.dir/build.make:97: recipe for target 'cmTC_8f60d' failed
make[1]: *** [cmTC_8f60d] Error 1
make[1]: Leaving directory '/home/elliottwhite/turtlebot2_wss/laser_slam_ws/build/catkin_simple/CMakeFiles/CMakeTmp'
Makefile:126: recipe for target 'cmTC_8f60d/fast' failed
make: *** [cmTC_8f60d/fast] Error 2

File /home/elliottwhite/turtlebot2_wss/laser_slam_ws/build/catkin_simple/CMakeFiles/CMakeTmp/CheckSymbolExists.c:
/* */
#include <pthread.h>

int main(int argc, char** argv)
{
  (void)argv;
#ifndef pthread_create
  return ((int*)(&pthread_create))[argc];
#else
  (void)argc;
  return 0;
#endif
}

Determining if the function pthread_create exists in the pthreads failed with the following output:
Change Dir: /home/elliottwhite/turtlebot2_wss/laser_slam_ws/build/catkin_simple/CMakeFiles/CMakeTmp

Run Build Command:"/usr/bin/make" "cmTC_bbc08/fast"
/usr/bin/make -f CMakeFiles/cmTC_bbc08.dir/build.make CMakeFiles/cmTC_bbc08.dir/build
make[1]: Entering directory '/home/elliottwhite/turtlebot2_wss/laser_slam_ws/build/catkin_simple/CMakeFiles/CMakeTmp'
Building C object CMakeFiles/cmTC_bbc08.dir/CheckFunctionExists.c.o
/usr/bin/cc    -DCHECK_FUNCTION_EXISTS=pthread_create   -o CMakeFiles/cmTC_bbc08.dir/CheckFunctionExists.c.o   -c /usr/share/cmake-3.5/Modules/CheckFunctionExists.c
Linking C executable cmTC_bbc08
/usr/bin/cmake -E cmake_link_script CMakeFiles/cmTC_bbc08.dir/link.txt --verbose=1
/usr/bin/cc   -DCHECK_FUNCTION_EXISTS=pthread_create    CMakeFiles/cmTC_bbc08.dir/CheckFunctionExists.c.o  -o cmTC_bbc08 -rdynamic -lpthreads 
/usr/bin/ld: cannot find -lpthreads
collect2: error: ld returned 1 exit status
CMakeFiles/cmTC_bbc08.dir/build.make:97: recipe for target 'cmTC_bbc08' failed
make[1]: *** [cmTC_bbc08] Error 1
make[1]: Leaving directory '/home/elliottwhite/turtlebot2_wss/laser_slam_ws/build/catkin_simple/CMakeFiles/CMakeTmp'
Makefile:126: recipe for target 'cmTC_bbc08/fast' failed
make: *** [cmTC_bbc08/fast] Error 2


