Determining if the pthread_create exist failed with the following output:
Change Dir: /home/elliottwhite/turtlebot2_wss/laser_slam_ws/build/libpointmatcher/CMakeFiles/CMakeTmp

Run Build Command:"/usr/bin/make" "cmTC_b879b/fast"
/usr/bin/make -f CMakeFiles/cmTC_b879b.dir/build.make CMakeFiles/cmTC_b879b.dir/build
make[1]: Entering directory '/home/elliottwhite/turtlebot2_wss/laser_slam_ws/build/libpointmatcher/CMakeFiles/CMakeTmp'
Building C object CMakeFiles/cmTC_b879b.dir/CheckSymbolExists.c.o
/usr/bin/cc     -o CMakeFiles/cmTC_b879b.dir/CheckSymbolExists.c.o   -c /home/elliottwhite/turtlebot2_wss/laser_slam_ws/build/libpointmatcher/CMakeFiles/CMakeTmp/CheckSymbolExists.c
Linking C executable cmTC_b879b
/usr/bin/cmake -E cmake_link_script CMakeFiles/cmTC_b879b.dir/link.txt --verbose=1
/usr/bin/cc       CMakeFiles/cmTC_b879b.dir/CheckSymbolExists.c.o  -o cmTC_b879b -rdynamic 
CMakeFiles/cmTC_b879b.dir/CheckSymbolExists.c.o: In function `main':
CheckSymbolExists.c:(.text+0x16): undefined reference to `pthread_create'
collect2: error: ld returned 1 exit status
CMakeFiles/cmTC_b879b.dir/build.make:97: recipe for target 'cmTC_b879b' failed
make[1]: *** [cmTC_b879b] Error 1
make[1]: Leaving directory '/home/elliottwhite/turtlebot2_wss/laser_slam_ws/build/libpointmatcher/CMakeFiles/CMakeTmp'
Makefile:126: recipe for target 'cmTC_b879b/fast' failed
make: *** [cmTC_b879b/fast] Error 2

File /home/elliottwhite/turtlebot2_wss/laser_slam_ws/build/libpointmatcher/CMakeFiles/CMakeTmp/CheckSymbolExists.c:
/* */
#include <pthread.h>

int main(int argc, char** argv)
{
  (void)argv;
#ifndef pthread_create
  return ((int*)(&pthread_create))[argc];
#else
  (void)argc;
  return 0;
#endif
}

Determining if the function pthread_create exists in the pthreads failed with the following output:
Change Dir: /home/elliottwhite/turtlebot2_wss/laser_slam_ws/build/libpointmatcher/CMakeFiles/CMakeTmp

Run Build Command:"/usr/bin/make" "cmTC_e1e81/fast"
/usr/bin/make -f CMakeFiles/cmTC_e1e81.dir/build.make CMakeFiles/cmTC_e1e81.dir/build
make[1]: Entering directory '/home/elliottwhite/turtlebot2_wss/laser_slam_ws/build/libpointmatcher/CMakeFiles/CMakeTmp'
Building C object CMakeFiles/cmTC_e1e81.dir/CheckFunctionExists.c.o
/usr/bin/cc    -DCHECK_FUNCTION_EXISTS=pthread_create   -o CMakeFiles/cmTC_e1e81.dir/CheckFunctionExists.c.o   -c /usr/share/cmake-3.5/Modules/CheckFunctionExists.c
Linking C executable cmTC_e1e81
/usr/bin/cmake -E cmake_link_script CMakeFiles/cmTC_e1e81.dir/link.txt --verbose=1
/usr/bin/cc   -DCHECK_FUNCTION_EXISTS=pthread_create    CMakeFiles/cmTC_e1e81.dir/CheckFunctionExists.c.o  -o cmTC_e1e81 -rdynamic -lpthreads 
/usr/bin/ld: cannot find -lpthreads
collect2: error: ld returned 1 exit status
CMakeFiles/cmTC_e1e81.dir/build.make:97: recipe for target 'cmTC_e1e81' failed
make[1]: *** [cmTC_e1e81] Error 1
make[1]: Leaving directory '/home/elliottwhite/turtlebot2_wss/laser_slam_ws/build/libpointmatcher/CMakeFiles/CMakeTmp'
Makefile:126: recipe for target 'cmTC_e1e81/fast' failed
make: *** [cmTC_e1e81/fast] Error 2


