[  2%] Built target CppUnitLite
[ 10%] Built target wrap_lib
[ 10%] Built target wrap
[ 30%] Built target metis
[ 66%] Built target gtsam
[ 66%] Built target StereoVOExample
[ 66%] Built target StereoVOExample_large
[ 69%] Built target Pose2SLAMExampleExpressions
[ 69%] Built target SFMExample
[ 71%] Built target VisualISAM2Example
[ 71%] Built target SFMExample_SmartFactorPCG
[ 71%] Built target Pose2SLAMwSPCG
[ 71%] Built target OdometryExample
[ 71%] Built target Pose2SLAMExample_g2o
[ 71%] Built target Pose3SLAMExample_initializePose3Gradient
[ 71%] Built target SimpleRotation
[ 71%] Built target SFMExample_SmartFactor
[ 71%] Built target TimeTBB
[ 71%] Built target SFMExampleExpressions_bal
[ 71%] Built target Pose2SLAMExample_graph
[ 74%] Built target Pose2SLAMExample_lago
[ 76%] Built target Pose3SLAMExample_initializePose3Chordal
[ 76%] Built target VisualISAMExample
[ 79%] Built target SFMExampleExpressions
[ 82%] Built target SFMExample_bal
[ 82%] Built target CreateSFMExampleData
[ 82%] Built target Pose2SLAMExample
[ 82%] Built target easyPoint2KalmanFilter
[ 82%] Built target RangeISAMExample_plaza2
[ 82%] Built target Pose3SLAMExample_g2o
[ 82%] Built target Pose2SLAMExample_graphviz
[ 82%] Built target Pose3SLAMExample_changeKeys
[ 82%] Built target PlanarSLAMExample
[ 84%] Built target SolverComparer
[ 87%] Built target METISOrderingExample
[ 87%] Built target LocalizationExample
[ 87%] Built target SelfCalibrationExample
[ 87%] Built target CameraResectioning
[ 87%] Built target SFMExample_bal_COLAMD_METIS
[ 97%] Built target gtsam_unstable
[ 97%] Built target schedulingQuals12
[ 97%] Built target schedulingExample
[ 97%] Built target schedulingQuals13
[ 97%] Built target ConcurrentFilteringAndSmoothingExample
[ 97%] Built target SmartRangeExample_plaza2
[ 97%] Built target ConcurrentCalibration
[ 97%] Built target SmartStereoProjectionFactorExample
[ 97%] Built target SmartRangeExample_plaza1
[ 97%] Built target FixedLagSmootherExample
[100%] Built target SmartProjectionFactorExample
[36mInstall the project...[0m
-- Install configuration: "Release"
-- Installing: /home/elliottwhite/turtlebot2_wss/laser_slam_ws/devel/lib/cmake/GTSAM/gtsam_extra.cmake
-- Installing: /home/elliottwhite/turtlebot2_wss/laser_slam_ws/devel/lib/cmake/GTSAM/GTSAMConfig.cmake
-- Installing: /home/elliottwhite/turtlebot2_wss/laser_slam_ws/devel/lib/cmake/GTSAM/GTSAM-exports.cmake
-- Installing: /home/elliottwhite/turtlebot2_wss/laser_slam_ws/devel/lib/cmake/GTSAM/GTSAM-exports-release.cmake
-- Installing: /home/elliottwhite/turtlebot2_wss/laser_slam_ws/devel/include/CppUnitLite/TestRegistry.h
-- Installing: /home/elliottwhite/turtlebot2_wss/laser_slam_ws/devel/include/CppUnitLite/TestHarness.h
-- Installing: /home/elliottwhite/turtlebot2_wss/laser_slam_ws/devel/include/CppUnitLite/Test.h
-- Installing: /home/elliottwhite/turtlebot2_wss/laser_slam_ws/devel/include/CppUnitLite/TestResult.h
-- Installing: /home/elliottwhite/turtlebot2_wss/laser_slam_ws/devel/include/CppUnitLite/Failure.h
-- Installing: /home/elliottwhite/turtlebot2_wss/laser_slam_ws/devel/lib/libCppUnitLite.a
-- Installing: /home/elliottwhite/turtlebot2_wss/laser_slam_ws/devel/bin/wrap
-- Installing: /home/elliottwhite/turtlebot2_wss/laser_slam_ws/devel/include/wrap/matlab.h
-- Installing: /home/elliottwhite/turtlebot2_wss/laser_slam_ws/devel/include/gtsam/global_includes.h
-- Installing: /home/elliottwhite/turtlebot2_wss/laser_slam_ws/devel/include/gtsam/config.h
-- Installing: /home/elliottwhite/turtlebot2_wss/laser_slam_ws/devel/include/gtsam/dllexport.h
-- Installing: /home/elliottwhite/turtlebot2_wss/laser_slam_ws/devel/lib/libgtsam.so.4.0.0
-- Installing: /home/elliottwhite/turtlebot2_wss/laser_slam_ws/devel/lib/libgtsam.so.4
-- Installing: /home/elliottwhite/turtlebot2_wss/laser_slam_ws/devel/lib/libgtsam.so
-- Installing: /home/elliottwhite/turtlebot2_wss/laser_slam_ws/devel/include/gtsam/3rdparty/CCOLAMD/ccolamd.h
-- Installing: /home/elliottwhite/turtlebot2_wss/laser_slam_ws/devel/include/gtsam/3rdparty/UFconfig/UFconfig.h
-- Installing: /home/elliottwhite/turtlebot2_wss/laser_slam_ws/devel/include/gtsam/3rdparty/Eigen/Eigen/SVD
-- Installing: /home/elliottwhite/turtlebot2_wss/laser_slam_ws/devel/include/gtsam/3rdparty/Eigen/Eigen/MetisSupport
-- Installing: /home/elliottwhite/turtlebot2_wss/laser_slam_ws/devel/include/gtsam/3rdparty/Eigen/Eigen/SparseQR
-- Installing: /home/elliottwhite/turtlebot2_wss/laser_slam_ws/devel/include/gtsam/3rdparty/Eigen/Eigen/LeastSquares
-- Installing: /home/elliottwhite/turtlebot2_wss/laser_slam_ws/devel/include/gtsam/3rdparty/Eigen/Eigen/Dense
-- Installing: /home/elliottwhite/turtlebot2_wss/laser_slam_ws/devel/include/gtsam/3rdparty/Eigen/Eigen/IterativeLinearSolvers
-- Installing: /home/elliottwhite/turtlebot2_wss/laser_slam_ws/devel/include/gtsam/3rdparty/Eigen/Eigen/StdDeque
-- Installing: /home/elliottwhite/turtlebot2_wss/laser_slam_ws/devel/include/gtsam/3rdparty/Eigen/Eigen/LU
-- Installing: /home/elliottwhite/turtlebot2_wss/laser_slam_ws/devel/include/gtsam/3rdparty/Eigen/Eigen/Cholesky
-- Installing: /home/elliottwhite/turtlebot2_wss/laser_slam_ws/devel/include/gtsam/3rdparty/Eigen/Eigen/Array
-- Installing: /home/elliottwhite/turtlebot2_wss/laser_slam_ws/devel/include/gtsam/3rdparty/Eigen/Eigen/QtAlignedMalloc
-- Installing: /home/elliottwhite/turtlebot2_wss/laser_slam_ws/devel/include/gtsam/3rdparty/Eigen/Eigen/QR
-- Installing: /home/elliottwhite/turtlebot2_wss/laser_slam_ws/devel/include/gtsam/3rdparty/Eigen/Eigen/OrderingMethods
-- Installing: /home/elliottwhite/turtlebot2_wss/laser_slam_ws/devel/include/gtsam/3rdparty/Eigen/Eigen/SparseCholesky
-- Installing: /home/elliottwhite/turtlebot2_wss/laser_slam_ws/devel/include/gtsam/3rdparty/Eigen/Eigen/Geometry
-- Installing: /home/elliottwhite/turtlebot2_wss/laser_slam_ws/devel/include/gtsam/3rdparty/Eigen/Eigen/StdList
-- Installing: /home/elliottwhite/turtlebot2_wss/laser_slam_ws/devel/include/gtsam/3rdparty/Eigen/Eigen/Eigen
-- Installing: /home/elliottwhite/turtlebot2_wss/laser_slam_ws/devel/include/gtsam/3rdparty/Eigen/Eigen/Eigen2Support
-- Installing: /home/elliottwhite/turtlebot2_wss/laser_slam_ws/devel/include/gtsam/3rdparty/Eigen/Eigen/SuperLUSupport
-- Installing: /home/elliottwhite/turtlebot2_wss/laser_slam_ws/devel/include/gtsam/3rdparty/Eigen/Eigen/SPQRSupport
-- Installing: /home/elliottwhite/turtlebot2_wss/laser_slam_ws/devel/include/gtsam/3rdparty/Eigen/Eigen/PardisoSupport
-- Installing: /home/elliottwhite/turtlebot2_wss/laser_slam_ws/devel/include/gtsam/3rdparty/Eigen/Eigen/Core
-- Installing: /home/elliottwhite/turtlebot2_wss/laser_slam_ws/devel/include/gtsam/3rdparty/Eigen/Eigen/Householder
-- Installing: /home/elliottwhite/turtlebot2_wss/laser_slam_ws/devel/include/gtsam/3rdparty/Eigen/Eigen/StdVector
-- Installing: /home/elliottwhite/turtlebot2_wss/laser_slam_ws/devel/include/gtsam/3rdparty/Eigen/Eigen/Sparse
-- Installing: /home/elliottwhite/turtlebot2_wss/laser_slam_ws/devel/include/gtsam/3rdparty/Eigen/Eigen/Jacobi
-- Installing: /home/elliottwhite/turtlebot2_wss/laser_slam_ws/devel/include/gtsam/3rdparty/Eigen/Eigen/SparseLU
-- Installing: /home/elliottwhite/turtlebot2_wss/laser_slam_ws/devel/include/gtsam/3rdparty/Eigen/Eigen/CholmodSupport
-- Installing: /home/elliottwhite/turtlebot2_wss/laser_slam_ws/devel/include/gtsam/3rdparty/Eigen/Eigen/PaStiXSupport
-- Installing: /home/elliottwhite/turtlebot2_wss/laser_slam_ws/devel/include/gtsam/3rdparty/Eigen/Eigen/Eigenvalues
-- Installing: /home/elliottwhite/turtlebot2_wss/laser_slam_ws/devel/include/gtsam/3rdparty/Eigen/Eigen/UmfPackSupport
-- Installing: /home/elliottwhite/turtlebot2_wss/laser_slam_ws/devel/include/gtsam/3rdparty/Eigen/Eigen/SparseCore
-- Installing: /home/elliottwhite/turtlebot2_wss/laser_slam_ws/devel/include/gtsam/3rdparty/Eigen/unsupported/Eigen/OpenGLSupport
-- Installing: /home/elliottwhite/turtlebot2_wss/laser_slam_ws/devel/include/gtsam/3rdparty/Eigen/unsupported/Eigen/SVD
-- Installing: /home/elliottwhite/turtlebot2_wss/laser_slam_ws/devel/include/gtsam/3rdparty/Eigen/unsupported/Eigen/AutoDiff
-- Installing: /home/elliottwhite/turtlebot2_wss/laser_slam_ws/devel/include/gtsam/3rdparty/Eigen/unsupported/Eigen/KroneckerProduct
-- Installing: /home/elliottwhite/turtlebot2_wss/laser_slam_ws/devel/include/gtsam/3rdparty/Eigen/unsupported/Eigen/IterativeSolvers
-- Installing: /home/elliottwhite/turtlebot2_wss/laser_slam_ws/devel/include/gtsam/3rdparty/Eigen/unsupported/Eigen/NumericalDiff
-- Installing: /home/elliottwhite/turtlebot2_wss/laser_slam_ws/devel/include/gtsam/3rdparty/Eigen/unsupported/Eigen/BVH
-- Installing: /home/elliottwhite/turtlebot2_wss/laser_slam_ws/devel/include/gtsam/3rdparty/Eigen/unsupported/Eigen/LevenbergMarquardt
-- Installing: /home/elliottwhite/turtlebot2_wss/laser_slam_ws/devel/include/gtsam/3rdparty/Eigen/unsupported/Eigen/NonLinearOptimization
-- Installing: /home/elliottwhite/turtlebot2_wss/laser_slam_ws/devel/include/gtsam/3rdparty/Eigen/unsupported/Eigen/MPRealSupport
-- Installing: /home/elliottwhite/turtlebot2_wss/laser_slam_ws/devel/include/gtsam/3rdparty/Eigen/unsupported/Eigen/AdolcForward
-- Installing: /home/elliottwhite/turtlebot2_wss/laser_slam_ws/devel/include/gtsam/3rdparty/Eigen/unsupported/Eigen/AlignedVector3
-- Installing: /home/elliottwhite/turtlebot2_wss/laser_slam_ws/devel/include/gtsam/3rdparty/Eigen/unsupported/Eigen/Skyline
-- Installing: /home/elliottwhite/turtlebot2_wss/laser_slam_ws/devel/include/gtsam/3rdparty/Eigen/unsupported/Eigen/MatrixFunctions
-- Installing: /home/elliottwhite/turtlebot2_wss/laser_slam_ws/devel/include/gtsam/3rdparty/Eigen/unsupported/Eigen/SparseExtra
-- Installing: /home/elliottwhite/turtlebot2_wss/laser_slam_ws/devel/include/gtsam/3rdparty/Eigen/unsupported/Eigen/Polynomials
-- Installing: /home/elliottwhite/turtlebot2_wss/laser_slam_ws/devel/include/gtsam/3rdparty/Eigen/unsupported/Eigen/Splines
-- Installing: /home/elliottwhite/turtlebot2_wss/laser_slam_ws/devel/include/gtsam/3rdparty/Eigen/unsupported/Eigen/ArpackSupport
-- Installing: /home/elliottwhite/turtlebot2_wss/laser_slam_ws/devel/include/gtsam/3rdparty/Eigen/unsupported/Eigen/FFT
-- Installing: /home/elliottwhite/turtlebot2_wss/laser_slam_ws/devel/include/gtsam/3rdparty/Eigen/unsupported/Eigen/MoreVectorization
-- Up-to-date: /home/elliottwhite/turtlebot2_wss/laser_slam_ws/devel/include/gtsam/3rdparty/Eigen/Eigen
-- Installing: /home/elliottwhite/turtlebot2_wss/laser_slam_ws/devel/include/gtsam/3rdparty/Eigen/Eigen/src
-- Installing: /home/elliottwhite/turtlebot2_wss/laser_slam_ws/devel/include/gtsam/3rdparty/Eigen/Eigen/src/SVD
-- Installing: /home/elliottwhite/turtlebot2_wss/laser_slam_ws/devel/include/gtsam/3rdparty/Eigen/Eigen/src/SVD/JacobiSVD.h
-- Installing: /home/elliottwhite/turtlebot2_wss/laser_slam_ws/devel/include/gtsam/3rdparty/Eigen/Eigen/src/SVD/UpperBidiagonalization.h
-- Installing: /home/elliottwhite/turtlebot2_wss/laser_slam_ws/devel/include/gtsam/3rdparty/Eigen/Eigen/src/SVD/JacobiSVD_MKL.h
-- Installing: /home/elliottwhite/turtlebot2_wss/laser_slam_ws/devel/include/gtsam/3rdparty/Eigen/Eigen/src/MetisSupport
-- Installing: /home/elliottwhite/turtlebot2_wss/laser_slam_ws/devel/include/gtsam/3rdparty/Eigen/Eigen/src/MetisSupport/MetisSupport.h
-- Installing: /home/elliottwhite/turtlebot2_wss/laser_slam_ws/devel/include/gtsam/3rdparty/Eigen/Eigen/src/misc
-- Installing: /home/elliottwhite/turtlebot2_wss/laser_slam_ws/devel/include/gtsam/3rdparty/Eigen/Eigen/src/misc/blas.h
-- Installing: /home/elliottwhite/turtlebot2_wss/laser_slam_ws/devel/include/gtsam/3rdparty/Eigen/Eigen/src/misc/Image.h
-- Installing: /home/elliottwhite/turtlebot2_wss/laser_slam_ws/devel/include/gtsam/3rdparty/Eigen/Eigen/src/misc/Solve.h
-- Installing: /home/elliottwhite/turtlebot2_wss/laser_slam_ws/devel/include/gtsam/3rdparty/Eigen/Eigen/src/misc/SparseSolve.h
-- Installing: /home/elliottwhite/turtlebot2_wss/laser_slam_ws/devel/include/gtsam/3rdparty/Eigen/Eigen/src/misc/Kernel.h
-- Installing: /home/elliottwhite/turtlebot2_wss/laser_slam_ws/devel/include/gtsam/3rdparty/Eigen/Eigen/src/SparseQR
-- Installing: /home/elliottwhite/turtlebot2_wss/laser_slam_ws/devel/include/gtsam/3rdparty/Eigen/Eigen/src/SparseQR/SparseQR.h
-- Installing: /home/elliottwhite/turtlebot2_wss/laser_slam_ws/devel/include/gtsam/3rdparty/Eigen/Eigen/src/IterativeLinearSolvers
-- Installing: /home/elliottwhite/turtlebot2_wss/laser_slam_ws/devel/include/gtsam/3rdparty/Eigen/Eigen/src/IterativeLinearSolvers/ConjugateGradient.h
-- Installing: /home/elliottwhite/turtlebot2_wss/laser_slam_ws/devel/include/gtsam/3rdparty/Eigen/Eigen/src/IterativeLinearSolvers/IncompleteLUT.h
-- Installing: /home/elliottwhite/turtlebot2_wss/laser_slam_ws/devel/include/gtsam/3rdparty/Eigen/Eigen/src/IterativeLinearSolvers/BiCGSTAB.h
-- Installing: /home/elliottwhite/turtlebot2_wss/laser_slam_ws/devel/include/gtsam/3rdparty/Eigen/Eigen/src/IterativeLinearSolvers/BasicPreconditioners.h
-- Installing: /home/elliottwhite/turtlebot2_wss/laser_slam_ws/devel/include/gtsam/3rdparty/Eigen/Eigen/src/IterativeLinearSolvers/IterativeSolverBase.h
-- Installing: /home/elliottwhite/turtlebot2_wss/laser_slam_ws/devel/include/gtsam/3rdparty/Eigen/Eigen/src/plugins
-- Installing: /home/elliottwhite/turtlebot2_wss/laser_slam_ws/devel/include/gtsam/3rdparty/Eigen/Eigen/src/plugins/ArrayCwiseBinaryOps.h
-- Installing: /home/elliottwhite/turtlebot2_wss/laser_slam_ws/devel/include/gtsam/3rdparty/Eigen/Eigen/src/plugins/MatrixCwiseUnaryOps.h
-- Installing: /home/elliottwhite/turtlebot2_wss/laser_slam_ws/devel/include/gtsam/3rdparty/Eigen/Eigen/src/plugins/BlockMethods.h
-- Installing: /home/elliottwhite/turtlebot2_wss/laser_slam_ws/devel/include/gtsam/3rdparty/Eigen/Eigen/src/plugins/ArrayCwiseUnaryOps.h
-- Installing: /home/elliottwhite/turtlebot2_wss/laser_slam_ws/devel/include/gtsam/3rdparty/Eigen/Eigen/src/plugins/MatrixCwiseBinaryOps.h
-- Installing: /home/elliottwhite/turtlebot2_wss/laser_slam_ws/devel/include/gtsam/3rdparty/Eigen/Eigen/src/plugins/CommonCwiseBinaryOps.h
-- Installing: /home/elliottwhite/turtlebot2_wss/laser_slam_ws/devel/include/gtsam/3rdparty/Eigen/Eigen/src/plugins/CommonCwiseUnaryOps.h
-- Installing: /home/elliottwhite/turtlebot2_wss/laser_slam_ws/devel/include/gtsam/3rdparty/Eigen/Eigen/src/LU
-- Installing: /home/elliottwhite/turtlebot2_wss/laser_slam_ws/devel/include/gtsam/3rdparty/Eigen/Eigen/src/LU/FullPivLU.h
-- Installing: /home/elliottwhite/turtlebot2_wss/laser_slam_ws/devel/include/gtsam/3rdparty/Eigen/Eigen/src/LU/arch
-- Installing: /home/elliottwhite/turtlebot2_wss/laser_slam_ws/devel/include/gtsam/3rdparty/Eigen/Eigen/src/LU/arch/Inverse_SSE.h
-- Installing: /home/elliottwhite/turtlebot2_wss/laser_slam_ws/devel/include/gtsam/3rdparty/Eigen/Eigen/src/LU/PartialPivLU.h
-- Installing: /home/elliottwhite/turtlebot2_wss/laser_slam_ws/devel/include/gtsam/3rdparty/Eigen/Eigen/src/LU/PartialPivLU_MKL.h
-- Installing: /home/elliottwhite/turtlebot2_wss/laser_slam_ws/devel/include/gtsam/3rdparty/Eigen/Eigen/src/LU/Determinant.h
-- Installing: /home/elliottwhite/turtlebot2_wss/laser_slam_ws/devel/include/gtsam/3rdparty/Eigen/Eigen/src/LU/Inverse.h
-- Installing: /home/elliottwhite/turtlebot2_wss/laser_slam_ws/devel/include/gtsam/3rdparty/Eigen/Eigen/src/Cholesky
-- Installing: /home/elliottwhite/turtlebot2_wss/laser_slam_ws/devel/include/gtsam/3rdparty/Eigen/Eigen/src/Cholesky/LLT.h
-- Installing: /home/elliottwhite/turtlebot2_wss/laser_slam_ws/devel/include/gtsam/3rdparty/Eigen/Eigen/src/Cholesky/LDLT.h
-- Installing: /home/elliottwhite/turtlebot2_wss/laser_slam_ws/devel/include/gtsam/3rdparty/Eigen/Eigen/src/Cholesky/LLT_MKL.h
-- Installing: /home/elliottwhite/turtlebot2_wss/laser_slam_ws/devel/include/gtsam/3rdparty/Eigen/Eigen/src/QR
-- Installing: /home/elliottwhite/turtlebot2_wss/laser_slam_ws/devel/include/gtsam/3rdparty/Eigen/Eigen/src/QR/HouseholderQR_MKL.h
-- Installing: /home/elliottwhite/turtlebot2_wss/laser_slam_ws/devel/include/gtsam/3rdparty/Eigen/Eigen/src/QR/ColPivHouseholderQR.h
-- Installing: /home/elliottwhite/turtlebot2_wss/laser_slam_ws/devel/include/gtsam/3rdparty/Eigen/Eigen/src/QR/FullPivHouseholderQR.h
-- Installing: /home/elliottwhite/turtlebot2_wss/laser_slam_ws/devel/include/gtsam/3rdparty/Eigen/Eigen/src/QR/HouseholderQR.h
-- Installing: /home/elliottwhite/turtlebot2_wss/laser_slam_ws/devel/include/gtsam/3rdparty/Eigen/Eigen/src/QR/ColPivHouseholderQR_MKL.h
-- Installing: /home/elliottwhite/turtlebot2_wss/laser_slam_ws/devel/include/gtsam/3rdparty/Eigen/Eigen/src/OrderingMethods
-- Installing: /home/elliottwhite/turtlebot2_wss/laser_slam_ws/devel/include/gtsam/3rdparty/Eigen/Eigen/src/OrderingMethods/Eigen_Colamd.h
-- Installing: /home/elliottwhite/turtlebot2_wss/laser_slam_ws/devel/include/gtsam/3rdparty/Eigen/Eigen/src/OrderingMethods/Ordering.h
-- Installing: /home/elliottwhite/turtlebot2_wss/laser_slam_ws/devel/include/gtsam/3rdparty/Eigen/Eigen/src/OrderingMethods/Amd.h
-- Installing: /home/elliottwhite/turtlebot2_wss/laser_slam_ws/devel/include/gtsam/3rdparty/Eigen/Eigen/src/SparseCholesky
-- Installing: /home/elliottwhite/turtlebot2_wss/laser_slam_ws/devel/include/gtsam/3rdparty/Eigen/Eigen/src/SparseCholesky/SimplicialCholesky_impl.h
-- Installing: /home/elliottwhite/turtlebot2_wss/laser_slam_ws/devel/include/gtsam/3rdparty/Eigen/Eigen/src/SparseCholesky/SimplicialCholesky.h
-- Installing: /home/elliottwhite/turtlebot2_wss/laser_slam_ws/devel/include/gtsam/3rdparty/Eigen/Eigen/src/Geometry
-- Installing: /home/elliottwhite/turtlebot2_wss/laser_slam_ws/devel/include/gtsam/3rdparty/Eigen/Eigen/src/Geometry/Quaternion.h
-- Installing: /home/elliottwhite/turtlebot2_wss/laser_slam_ws/devel/include/gtsam/3rdparty/Eigen/Eigen/src/Geometry/Hyperplane.h
-- Installing: /home/elliottwhite/turtlebot2_wss/laser_slam_ws/devel/include/gtsam/3rdparty/Eigen/Eigen/src/Geometry/arch
-- Installing: /home/elliottwhite/turtlebot2_wss/laser_slam_ws/devel/include/gtsam/3rdparty/Eigen/Eigen/src/Geometry/arch/Geometry_SSE.h
-- Installing: /home/elliottwhite/turtlebot2_wss/laser_slam_ws/devel/include/gtsam/3rdparty/Eigen/Eigen/src/Geometry/Homogeneous.h
-- Installing: /home/elliottwhite/turtlebot2_wss/laser_slam_ws/devel/include/gtsam/3rdparty/Eigen/Eigen/src/Geometry/Rotation2D.h
-- Installing: /home/elliottwhite/turtlebot2_wss/laser_slam_ws/devel/include/gtsam/3rdparty/Eigen/Eigen/src/Geometry/Scaling.h
-- Installing: /home/elliottwhite/turtlebot2_wss/laser_slam_ws/devel/include/gtsam/3rdparty/Eigen/Eigen/src/Geometry/RotationBase.h
-- Installing: /home/elliottwhite/turtlebot2_wss/laser_slam_ws/devel/include/gtsam/3rdparty/Eigen/Eigen/src/Geometry/OrthoMethods.h
-- Installing: /home/elliottwhite/turtlebot2_wss/laser_slam_ws/devel/include/gtsam/3rdparty/Eigen/Eigen/src/Geometry/AngleAxis.h
-- Installing: /home/elliottwhite/turtlebot2_wss/laser_slam_ws/devel/include/gtsam/3rdparty/Eigen/Eigen/src/Geometry/Transform.h
-- Installing: /home/elliottwhite/turtlebot2_wss/laser_slam_ws/devel/include/gtsam/3rdparty/Eigen/Eigen/src/Geometry/AlignedBox.h
-- Installing: /home/elliottwhite/turtlebot2_wss/laser_slam_ws/devel/include/gtsam/3rdparty/Eigen/Eigen/src/Geometry/Umeyama.h
-- Installing: /home/elliottwhite/turtlebot2_wss/laser_slam_ws/devel/include/gtsam/3rdparty/Eigen/Eigen/src/Geometry/Translation.h
-- Installing: /home/elliottwhite/turtlebot2_wss/laser_slam_ws/devel/include/gtsam/3rdparty/Eigen/Eigen/src/Geometry/ParametrizedLine.h
-- Installing: /home/elliottwhite/turtlebot2_wss/laser_slam_ws/devel/include/gtsam/3rdparty/Eigen/Eigen/src/Geometry/EulerAngles.h
-- Installing: /home/elliottwhite/turtlebot2_wss/laser_slam_ws/devel/include/gtsam/3rdparty/Eigen/Eigen/src/Eigen2Support
-- Installing: /home/elliottwhite/turtlebot2_wss/laser_slam_ws/devel/include/gtsam/3rdparty/Eigen/Eigen/src/Eigen2Support/LeastSquares.h
-- Installing: /home/elliottwhite/turtlebot2_wss/laser_slam_ws/devel/include/gtsam/3rdparty/Eigen/Eigen/src/Eigen2Support/Minor.h
-- Installing: /home/elliottwhite/turtlebot2_wss/laser_slam_ws/devel/include/gtsam/3rdparty/Eigen/Eigen/src/Eigen2Support/Block.h
-- Installing: /home/elliottwhite/turtlebot2_wss/laser_slam_ws/devel/include/gtsam/3rdparty/Eigen/Eigen/src/Eigen2Support/Meta.h
-- Installing: /home/elliottwhite/turtlebot2_wss/laser_slam_ws/devel/include/gtsam/3rdparty/Eigen/Eigen/src/Eigen2Support/LU.h
-- Installing: /home/elliottwhite/turtlebot2_wss/laser_slam_ws/devel/include/gtsam/3rdparty/Eigen/Eigen/src/Eigen2Support/SVD.h
-- Installing: /home/elliottwhite/turtlebot2_wss/laser_slam_ws/devel/include/gtsam/3rdparty/Eigen/Eigen/src/Eigen2Support/VectorBlock.h
-- Installing: /home/elliottwhite/turtlebot2_wss/laser_slam_ws/devel/include/gtsam/3rdparty/Eigen/Eigen/src/Eigen2Support/Memory.h
-- Installing: /home/elliottwhite/turtlebot2_wss/laser_slam_ws/devel/include/gtsam/3rdparty/Eigen/Eigen/src/Eigen2Support/Geometry
-- Installing: /home/elliottwhite/turtlebot2_wss/laser_slam_ws/devel/include/gtsam/3rdparty/Eigen/Eigen/src/Eigen2Support/Geometry/Quaternion.h
-- Installing: /home/elliottwhite/turtlebot2_wss/laser_slam_ws/devel/include/gtsam/3rdparty/Eigen/Eigen/src/Eigen2Support/Geometry/Hyperplane.h
-- Installing: /home/elliottwhite/turtlebot2_wss/laser_slam_ws/devel/include/gtsam/3rdparty/Eigen/Eigen/src/Eigen2Support/Geometry/Rotation2D.h
-- Installing: /home/elliottwhite/turtlebot2_wss/laser_slam_ws/devel/include/gtsam/3rdparty/Eigen/Eigen/src/Eigen2Support/Geometry/Scaling.h
-- Installing: /home/elliottwhite/turtlebot2_wss/laser_slam_ws/devel/include/gtsam/3rdparty/Eigen/Eigen/src/Eigen2Support/Geometry/RotationBase.h
-- Installing: /home/elliottwhite/turtlebot2_wss/laser_slam_ws/devel/include/gtsam/3rdparty/Eigen/Eigen/src/Eigen2Support/Geometry/AngleAxis.h
-- Installing: /home/elliottwhite/turtlebot2_wss/laser_slam_ws/devel/include/gtsam/3rdparty/Eigen/Eigen/src/Eigen2Support/Geometry/Transform.h
-- Installing: /home/elliottwhite/turtlebot2_wss/laser_slam_ws/devel/include/gtsam/3rdparty/Eigen/Eigen/src/Eigen2Support/Geometry/AlignedBox.h
-- Installing: /home/elliottwhite/turtlebot2_wss/laser_slam_ws/devel/include/gtsam/3rdparty/Eigen/Eigen/src/Eigen2Support/Geometry/All.h
-- Installing: /home/elliottwhite/turtlebot2_wss/laser_slam_ws/devel/include/gtsam/3rdparty/Eigen/Eigen/src/Eigen2Support/Geometry/Translation.h
-- Installing: /home/elliottwhite/turtlebot2_wss/laser_slam_ws/devel/include/gtsam/3rdparty/Eigen/Eigen/src/Eigen2Support/Geometry/ParametrizedLine.h
-- Installing: /home/elliottwhite/turtlebot2_wss/laser_slam_ws/devel/include/gtsam/3rdparty/Eigen/Eigen/src/Eigen2Support/Lazy.h
-- Installing: /home/elliottwhite/turtlebot2_wss/laser_slam_ws/devel/include/gtsam/3rdparty/Eigen/Eigen/src/Eigen2Support/CwiseOperators.h
-- Installing: /home/elliottwhite/turtlebot2_wss/laser_slam_ws/devel/include/gtsam/3rdparty/Eigen/Eigen/src/Eigen2Support/Cwise.h
-- Installing: /home/elliottwhite/turtlebot2_wss/laser_slam_ws/devel/include/gtsam/3rdparty/Eigen/Eigen/src/Eigen2Support/TriangularSolver.h
-- Installing: /home/elliottwhite/turtlebot2_wss/laser_slam_ws/devel/include/gtsam/3rdparty/Eigen/Eigen/src/Eigen2Support/Macros.h
-- Installing: /home/elliottwhite/turtlebot2_wss/laser_slam_ws/devel/include/gtsam/3rdparty/Eigen/Eigen/src/Eigen2Support/QR.h
-- Installing: /home/elliottwhite/turtlebot2_wss/laser_slam_ws/devel/include/gtsam/3rdparty/Eigen/Eigen/src/Eigen2Support/MathFunctions.h
-- Installing: /home/elliottwhite/turtlebot2_wss/laser_slam_ws/devel/include/gtsam/3rdparty/Eigen/Eigen/src/SuperLUSupport
-- Installing: /home/elliottwhite/turtlebot2_wss/laser_slam_ws/devel/include/gtsam/3rdparty/Eigen/Eigen/src/SuperLUSupport/SuperLUSupport.h
-- Installing: /home/elliottwhite/turtlebot2_wss/laser_slam_ws/devel/include/gtsam/3rdparty/Eigen/Eigen/src/SPQRSupport
-- Installing: /home/elliottwhite/turtlebot2_wss/laser_slam_ws/devel/include/gtsam/3rdparty/Eigen/Eigen/src/SPQRSupport/SuiteSparseQRSupport.h
-- Installing: /home/elliottwhite/turtlebot2_wss/laser_slam_ws/devel/include/gtsam/3rdparty/Eigen/Eigen/src/StlSupport
-- Installing: /home/elliottwhite/turtlebot2_wss/laser_slam_ws/devel/include/gtsam/3rdparty/Eigen/Eigen/src/StlSupport/StdList.h
-- Installing: /home/elliottwhite/turtlebot2_wss/laser_slam_ws/devel/include/gtsam/3rdparty/Eigen/Eigen/src/StlSupport/StdVector.h
-- Installing: /home/elliottwhite/turtlebot2_wss/laser_slam_ws/devel/include/gtsam/3rdparty/Eigen/Eigen/src/StlSupport/StdDeque.h
-- Installing: /home/elliottwhite/turtlebot2_wss/laser_slam_ws/devel/include/gtsam/3rdparty/Eigen/Eigen/src/StlSupport/details.h
-- Installing: /home/elliottwhite/turtlebot2_wss/laser_slam_ws/devel/include/gtsam/3rdparty/Eigen/Eigen/src/PardisoSupport
-- Installing: /home/elliottwhite/turtlebot2_wss/laser_slam_ws/devel/include/gtsam/3rdparty/Eigen/Eigen/src/PardisoSupport/PardisoSupport.h
-- Installing: /home/elliottwhite/turtlebot2_wss/laser_slam_ws/devel/include/gtsam/3rdparty/Eigen/Eigen/src/Core
-- Installing: /home/elliottwhite/turtlebot2_wss/laser_slam_ws/devel/include/gtsam/3rdparty/Eigen/Eigen/src/Core/StableNorm.h
-- Installing: /home/elliottwhite/turtlebot2_wss/laser_slam_ws/devel/include/gtsam/3rdparty/Eigen/Eigen/src/Core/EigenBase.h
-- Installing: /home/elliottwhite/turtlebot2_wss/laser_slam_ws/devel/include/gtsam/3rdparty/Eigen/Eigen/src/Core/util
-- Installing: /home/elliottwhite/turtlebot2_wss/laser_slam_ws/devel/include/gtsam/3rdparty/Eigen/Eigen/src/Core/util/XprHelper.h
-- Installing: /home/elliottwhite/turtlebot2_wss/laser_slam_ws/devel/include/gtsam/3rdparty/Eigen/Eigen/src/Core/util/ForwardDeclarations.h
-- Installing: /home/elliottwhite/turtlebot2_wss/laser_slam_ws/devel/include/gtsam/3rdparty/Eigen/Eigen/src/Core/util/Meta.h
-- Installing: /home/elliottwhite/turtlebot2_wss/laser_slam_ws/devel/include/gtsam/3rdparty/Eigen/Eigen/src/Core/util/NonMPL2.h
-- Installing: /home/elliottwhite/turtlebot2_wss/laser_slam_ws/devel/include/gtsam/3rdparty/Eigen/Eigen/src/Core/util/Constants.h
-- Installing: /home/elliottwhite/turtlebot2_wss/laser_slam_ws/devel/include/gtsam/3rdparty/Eigen/Eigen/src/Core/util/Memory.h
-- Installing: /home/elliottwhite/turtlebot2_wss/laser_slam_ws/devel/include/gtsam/3rdparty/Eigen/Eigen/src/Core/util/DisableStupidWarnings.h
-- Installing: /home/elliottwhite/turtlebot2_wss/laser_slam_ws/devel/include/gtsam/3rdparty/Eigen/Eigen/src/Core/util/StaticAssert.h
-- Installing: /home/elliottwhite/turtlebot2_wss/laser_slam_ws/devel/include/gtsam/3rdparty/Eigen/Eigen/src/Core/util/ReenableStupidWarnings.h
-- Installing: /home/elliottwhite/turtlebot2_wss/laser_slam_ws/devel/include/gtsam/3rdparty/Eigen/Eigen/src/Core/util/MKL_support.h
-- Installing: /home/elliottwhite/turtlebot2_wss/laser_slam_ws/devel/include/gtsam/3rdparty/Eigen/Eigen/src/Core/util/Macros.h
-- Installing: /home/elliottwhite/turtlebot2_wss/laser_slam_ws/devel/include/gtsam/3rdparty/Eigen/Eigen/src/Core/util/BlasUtil.h
-- Installing: /home/elliottwhite/turtlebot2_wss/laser_slam_ws/devel/include/gtsam/3rdparty/Eigen/Eigen/src/Core/Map.h
-- Installing: /home/elliottwhite/turtlebot2_wss/laser_slam_ws/devel/include/gtsam/3rdparty/Eigen/Eigen/src/Core/Dot.h
-- Installing: /home/elliottwhite/turtlebot2_wss/laser_slam_ws/devel/include/gtsam/3rdparty/Eigen/Eigen/src/Core/DiagonalProduct.h
-- Installing: /home/elliottwhite/turtlebot2_wss/laser_slam_ws/devel/include/gtsam/3rdparty/Eigen/Eigen/src/Core/CwiseUnaryView.h
-- Installing: /home/elliottwhite/turtlebot2_wss/laser_slam_ws/devel/include/gtsam/3rdparty/Eigen/Eigen/src/Core/Replicate.h
-- Installing: /home/elliottwhite/turtlebot2_wss/laser_slam_ws/devel/include/gtsam/3rdparty/Eigen/Eigen/src/Core/NestByValue.h
-- Installing: /home/elliottwhite/turtlebot2_wss/laser_slam_ws/devel/include/gtsam/3rdparty/Eigen/Eigen/src/Core/Block.h
-- Installing: /home/elliottwhite/turtlebot2_wss/laser_slam_ws/devel/include/gtsam/3rdparty/Eigen/Eigen/src/Core/VectorwiseOp.h
-- Installing: /home/elliottwhite/turtlebot2_wss/laser_slam_ws/devel/include/gtsam/3rdparty/Eigen/Eigen/src/Core/TriangularMatrix.h
-- Installing: /home/elliottwhite/turtlebot2_wss/laser_slam_ws/devel/include/gtsam/3rdparty/Eigen/Eigen/src/Core/SelfCwiseBinaryOp.h
-- Installing: /home/elliottwhite/turtlebot2_wss/laser_slam_ws/devel/include/gtsam/3rdparty/Eigen/Eigen/src/Core/arch
-- Installing: /home/elliottwhite/turtlebot2_wss/laser_slam_ws/devel/include/gtsam/3rdparty/Eigen/Eigen/src/Core/arch/NEON
-- Installing: /home/elliottwhite/turtlebot2_wss/laser_slam_ws/devel/include/gtsam/3rdparty/Eigen/Eigen/src/Core/arch/NEON/Complex.h
-- Installing: /home/elliottwhite/turtlebot2_wss/laser_slam_ws/devel/include/gtsam/3rdparty/Eigen/Eigen/src/Core/arch/NEON/PacketMath.h
-- Installing: /home/elliottwhite/turtlebot2_wss/laser_slam_ws/devel/include/gtsam/3rdparty/Eigen/Eigen/src/Core/arch/AltiVec
-- Installing: /home/elliottwhite/turtlebot2_wss/laser_slam_ws/devel/include/gtsam/3rdparty/Eigen/Eigen/src/Core/arch/AltiVec/Complex.h
-- Installing: /home/elliottwhite/turtlebot2_wss/laser_slam_ws/devel/include/gtsam/3rdparty/Eigen/Eigen/src/Core/arch/AltiVec/PacketMath.h
-- Installing: /home/elliottwhite/turtlebot2_wss/laser_slam_ws/devel/include/gtsam/3rdparty/Eigen/Eigen/src/Core/arch/Default
-- Installing: /home/elliottwhite/turtlebot2_wss/laser_slam_ws/devel/include/gtsam/3rdparty/Eigen/Eigen/src/Core/arch/Default/Settings.h
-- Installing: /home/elliottwhite/turtlebot2_wss/laser_slam_ws/devel/include/gtsam/3rdparty/Eigen/Eigen/src/Core/arch/SSE
-- Installing: /home/elliottwhite/turtlebot2_wss/laser_slam_ws/devel/include/gtsam/3rdparty/Eigen/Eigen/src/Core/arch/SSE/Complex.h
-- Installing: /home/elliottwhite/turtlebot2_wss/laser_slam_ws/devel/include/gtsam/3rdparty/Eigen/Eigen/src/Core/arch/SSE/PacketMath.h
-- Installing: /home/elliottwhite/turtlebot2_wss/laser_slam_ws/devel/include/gtsam/3rdparty/Eigen/Eigen/src/Core/arch/SSE/MathFunctions.h
-- Installing: /home/elliottwhite/turtlebot2_wss/laser_slam_ws/devel/include/gtsam/3rdparty/Eigen/Eigen/src/Core/NumTraits.h
-- Installing: /home/elliottwhite/turtlebot2_wss/laser_slam_ws/devel/include/gtsam/3rdparty/Eigen/Eigen/src/Core/CwiseBinaryOp.h
-- Installing: /home/elliottwhite/turtlebot2_wss/laser_slam_ws/devel/include/gtsam/3rdparty/Eigen/Eigen/src/Core/CommaInitializer.h
-- Installing: /home/elliottwhite/turtlebot2_wss/laser_slam_ws/devel/include/gtsam/3rdparty/Eigen/Eigen/src/Core/SelfAdjointView.h
-- Installing: /home/elliottwhite/turtlebot2_wss/laser_slam_ws/devel/include/gtsam/3rdparty/Eigen/Eigen/src/Core/Random.h
-- Installing: /home/elliottwhite/turtlebot2_wss/laser_slam_ws/devel/include/gtsam/3rdparty/Eigen/Eigen/src/Core/GeneralProduct.h
-- Installing: /home/elliottwhite/turtlebot2_wss/laser_slam_ws/devel/include/gtsam/3rdparty/Eigen/Eigen/src/Core/BandMatrix.h
-- Installing: /home/elliottwhite/turtlebot2_wss/laser_slam_ws/devel/include/gtsam/3rdparty/Eigen/Eigen/src/Core/SolveTriangular.h
-- Installing: /home/elliottwhite/turtlebot2_wss/laser_slam_ws/devel/include/gtsam/3rdparty/Eigen/Eigen/src/Core/Matrix.h
-- Installing: /home/elliottwhite/turtlebot2_wss/laser_slam_ws/devel/include/gtsam/3rdparty/Eigen/Eigen/src/Core/ProductBase.h
-- Installing: /home/elliottwhite/turtlebot2_wss/laser_slam_ws/devel/include/gtsam/3rdparty/Eigen/Eigen/src/Core/Visitor.h
-- Installing: /home/elliottwhite/turtlebot2_wss/laser_slam_ws/devel/include/gtsam/3rdparty/Eigen/Eigen/src/Core/Transpose.h
-- Installing: /home/elliottwhite/turtlebot2_wss/laser_slam_ws/devel/include/gtsam/3rdparty/Eigen/Eigen/src/Core/Swap.h
-- Installing: /home/elliottwhite/turtlebot2_wss/laser_slam_ws/devel/include/gtsam/3rdparty/Eigen/Eigen/src/Core/IO.h
-- Installing: /home/elliottwhite/turtlebot2_wss/laser_slam_ws/devel/include/gtsam/3rdparty/Eigen/Eigen/src/Core/BooleanRedux.h
-- Installing: /home/elliottwhite/turtlebot2_wss/laser_slam_ws/devel/include/gtsam/3rdparty/Eigen/Eigen/src/Core/CwiseNullaryOp.h
-- Installing: /home/elliottwhite/turtlebot2_wss/laser_slam_ws/devel/include/gtsam/3rdparty/Eigen/Eigen/src/Core/DenseStorage.h
-- Installing: /home/elliottwhite/turtlebot2_wss/laser_slam_ws/devel/include/gtsam/3rdparty/Eigen/Eigen/src/Core/Flagged.h
-- Installing: /home/elliottwhite/turtlebot2_wss/laser_slam_ws/devel/include/gtsam/3rdparty/Eigen/Eigen/src/Core/Stride.h
-- Installing: /home/elliottwhite/turtlebot2_wss/laser_slam_ws/devel/include/gtsam/3rdparty/Eigen/Eigen/src/Core/ArrayBase.h
-- Installing: /home/elliottwhite/turtlebot2_wss/laser_slam_ws/devel/include/gtsam/3rdparty/Eigen/Eigen/src/Core/ReturnByValue.h
-- Installing: /home/elliottwhite/turtlebot2_wss/laser_slam_ws/devel/include/gtsam/3rdparty/Eigen/Eigen/src/Core/VectorBlock.h
-- Installing: /home/elliottwhite/turtlebot2_wss/laser_slam_ws/devel/include/gtsam/3rdparty/Eigen/Eigen/src/Core/products
-- Installing: /home/elliottwhite/turtlebot2_wss/laser_slam_ws/devel/include/gtsam/3rdparty/Eigen/Eigen/src/Core/products/GeneralMatrixMatrixTriangular_MKL.h
-- Installing: /home/elliottwhite/turtlebot2_wss/laser_slam_ws/devel/include/gtsam/3rdparty/Eigen/Eigen/src/Core/products/SelfadjointMatrixVector.h
-- Installing: /home/elliottwhite/turtlebot2_wss/laser_slam_ws/devel/include/gtsam/3rdparty/Eigen/Eigen/src/Core/products/SelfadjointMatrixVector_MKL.h
-- Installing: /home/elliottwhite/turtlebot2_wss/laser_slam_ws/devel/include/gtsam/3rdparty/Eigen/Eigen/src/Core/products/TriangularMatrixVector.h
-- Installing: /home/elliottwhite/turtlebot2_wss/laser_slam_ws/devel/include/gtsam/3rdparty/Eigen/Eigen/src/Core/products/TriangularSolverMatrix_MKL.h
-- Installing: /home/elliottwhite/turtlebot2_wss/laser_slam_ws/devel/include/gtsam/3rdparty/Eigen/Eigen/src/Core/products/CoeffBasedProduct.h
-- Installing: /home/elliottwhite/turtlebot2_wss/laser_slam_ws/devel/include/gtsam/3rdparty/Eigen/Eigen/src/Core/products/SelfadjointProduct.h
-- Installing: /home/elliottwhite/turtlebot2_wss/laser_slam_ws/devel/include/gtsam/3rdparty/Eigen/Eigen/src/Core/products/SelfadjointMatrixMatrix.h
-- Installing: /home/elliottwhite/turtlebot2_wss/laser_slam_ws/devel/include/gtsam/3rdparty/Eigen/Eigen/src/Core/products/GeneralMatrixMatrix.h
-- Installing: /home/elliottwhite/turtlebot2_wss/laser_slam_ws/devel/include/gtsam/3rdparty/Eigen/Eigen/src/Core/products/GeneralBlockPanelKernel.h
-- Installing: /home/elliottwhite/turtlebot2_wss/laser_slam_ws/devel/include/gtsam/3rdparty/Eigen/Eigen/src/Core/products/TriangularMatrixMatrix_MKL.h
-- Installing: /home/elliottwhite/turtlebot2_wss/laser_slam_ws/devel/include/gtsam/3rdparty/Eigen/Eigen/src/Core/products/GeneralMatrixVector_MKL.h
-- Installing: /home/elliottwhite/turtlebot2_wss/laser_slam_ws/devel/include/gtsam/3rdparty/Eigen/Eigen/src/Core/products/TriangularSolverVector.h
-- Installing: /home/elliottwhite/turtlebot2_wss/laser_slam_ws/devel/include/gtsam/3rdparty/Eigen/Eigen/src/Core/products/TriangularMatrixMatrix.h
-- Installing: /home/elliottwhite/turtlebot2_wss/laser_slam_ws/devel/include/gtsam/3rdparty/Eigen/Eigen/src/Core/products/Parallelizer.h
-- Installing: /home/elliottwhite/turtlebot2_wss/laser_slam_ws/devel/include/gtsam/3rdparty/Eigen/Eigen/src/Core/products/SelfadjointRank2Update.h
-- Installing: /home/elliottwhite/turtlebot2_wss/laser_slam_ws/devel/include/gtsam/3rdparty/Eigen/Eigen/src/Core/products/GeneralMatrixMatrixTriangular.h
-- Installing: /home/elliottwhite/turtlebot2_wss/laser_slam_ws/devel/include/gtsam/3rdparty/Eigen/Eigen/src/Core/products/GeneralMatrixVector.h
-- Installing: /home/elliottwhite/turtlebot2_wss/laser_slam_ws/devel/include/gtsam/3rdparty/Eigen/Eigen/src/Core/products/TriangularSolverMatrix.h
-- Installing: /home/elliottwhite/turtlebot2_wss/laser_slam_ws/devel/include/gtsam/3rdparty/Eigen/Eigen/src/Core/products/SelfadjointMatrixMatrix_MKL.h
-- Installing: /home/elliottwhite/turtlebot2_wss/laser_slam_ws/devel/include/gtsam/3rdparty/Eigen/Eigen/src/Core/products/GeneralMatrixMatrix_MKL.h
-- Installing: /home/elliottwhite/turtlebot2_wss/laser_slam_ws/devel/include/gtsam/3rdparty/Eigen/Eigen/src/Core/products/TriangularMatrixVector_MKL.h
-- Installing: /home/elliottwhite/turtlebot2_wss/laser_slam_ws/devel/include/gtsam/3rdparty/Eigen/Eigen/src/Core/DiagonalMatrix.h
-- Installing: /home/elliottwhite/turtlebot2_wss/laser_slam_ws/devel/include/gtsam/3rdparty/Eigen/Eigen/src/Core/Array.h
-- Installing: /home/elliottwhite/turtlebot2_wss/laser_slam_ws/devel/include/gtsam/3rdparty/Eigen/Eigen/src/Core/DenseBase.h
-- Installing: /home/elliottwhite/turtlebot2_wss/laser_slam_ws/devel/include/gtsam/3rdparty/Eigen/Eigen/src/Core/Functors.h
-- Installing: /home/elliottwhite/turtlebot2_wss/laser_slam_ws/devel/include/gtsam/3rdparty/Eigen/Eigen/src/Core/ArrayWrapper.h
-- Installing: /home/elliottwhite/turtlebot2_wss/laser_slam_ws/devel/include/gtsam/3rdparty/Eigen/Eigen/src/Core/Redux.h
-- Installing: /home/elliottwhite/turtlebot2_wss/laser_slam_ws/devel/include/gtsam/3rdparty/Eigen/Eigen/src/Core/Reverse.h
-- Installing: /home/elliottwhite/turtlebot2_wss/laser_slam_ws/devel/include/gtsam/3rdparty/Eigen/Eigen/src/Core/Ref.h
-- Installing: /home/elliottwhite/turtlebot2_wss/laser_slam_ws/devel/include/gtsam/3rdparty/Eigen/Eigen/src/Core/Diagonal.h
-- Installing: /home/elliottwhite/turtlebot2_wss/laser_slam_ws/devel/include/gtsam/3rdparty/Eigen/Eigen/src/Core/PermutationMatrix.h
-- Installing: /home/elliottwhite/turtlebot2_wss/laser_slam_ws/devel/include/gtsam/3rdparty/Eigen/Eigen/src/Core/CwiseUnaryOp.h
-- Installing: /home/elliottwhite/turtlebot2_wss/laser_slam_ws/devel/include/gtsam/3rdparty/Eigen/Eigen/src/Core/Transpositions.h
-- Installing: /home/elliottwhite/turtlebot2_wss/laser_slam_ws/devel/include/gtsam/3rdparty/Eigen/Eigen/src/Core/Fuzzy.h
-- Installing: /home/elliottwhite/turtlebot2_wss/laser_slam_ws/devel/include/gtsam/3rdparty/Eigen/Eigen/src/Core/GlobalFunctions.h
-- Installing: /home/elliottwhite/turtlebot2_wss/laser_slam_ws/devel/include/gtsam/3rdparty/Eigen/Eigen/src/Core/PlainObjectBase.h
-- Installing: /home/elliottwhite/turtlebot2_wss/laser_slam_ws/devel/include/gtsam/3rdparty/Eigen/Eigen/src/Core/CoreIterators.h
-- Installing: /home/elliottwhite/turtlebot2_wss/laser_slam_ws/devel/include/gtsam/3rdparty/Eigen/Eigen/src/Core/ForceAlignedAccess.h
-- Installing: /home/elliottwhite/turtlebot2_wss/laser_slam_ws/devel/include/gtsam/3rdparty/Eigen/Eigen/src/Core/Select.h
-- Installing: /home/elliottwhite/turtlebot2_wss/laser_slam_ws/devel/include/gtsam/3rdparty/Eigen/Eigen/src/Core/Assign.h
-- Installing: /home/elliottwhite/turtlebot2_wss/laser_slam_ws/devel/include/gtsam/3rdparty/Eigen/Eigen/src/Core/NoAlias.h
-- Installing: /home/elliottwhite/turtlebot2_wss/laser_slam_ws/devel/include/gtsam/3rdparty/Eigen/Eigen/src/Core/DenseCoeffsBase.h
-- Installing: /home/elliottwhite/turtlebot2_wss/laser_slam_ws/devel/include/gtsam/3rdparty/Eigen/Eigen/src/Core/Assign_MKL.h
-- Installing: /home/elliottwhite/turtlebot2_wss/laser_slam_ws/devel/include/gtsam/3rdparty/Eigen/Eigen/src/Core/MapBase.h
-- Installing: /home/elliottwhite/turtlebot2_wss/laser_slam_ws/devel/include/gtsam/3rdparty/Eigen/Eigen/src/Core/GenericPacketMath.h
-- Installing: /home/elliottwhite/turtlebot2_wss/laser_slam_ws/devel/include/gtsam/3rdparty/Eigen/Eigen/src/Core/MathFunctions.h
-- Installing: /home/elliottwhite/turtlebot2_wss/laser_slam_ws/devel/include/gtsam/3rdparty/Eigen/Eigen/src/Core/MatrixBase.h
-- Installing: /home/elliottwhite/turtlebot2_wss/laser_slam_ws/devel/include/gtsam/3rdparty/Eigen/Eigen/src/Householder
-- Installing: /home/elliottwhite/turtlebot2_wss/laser_slam_ws/devel/include/gtsam/3rdparty/Eigen/Eigen/src/Householder/BlockHouseholder.h
-- Installing: /home/elliottwhite/turtlebot2_wss/laser_slam_ws/devel/include/gtsam/3rdparty/Eigen/Eigen/src/Householder/HouseholderSequence.h
-- Installing: /home/elliottwhite/turtlebot2_wss/laser_slam_ws/devel/include/gtsam/3rdparty/Eigen/Eigen/src/Householder/Householder.h
-- Installing: /home/elliottwhite/turtlebot2_wss/laser_slam_ws/devel/include/gtsam/3rdparty/Eigen/Eigen/src/Jacobi
-- Installing: /home/elliottwhite/turtlebot2_wss/laser_slam_ws/devel/include/gtsam/3rdparty/Eigen/Eigen/src/Jacobi/Jacobi.h
-- Installing: /home/elliottwhite/turtlebot2_wss/laser_slam_ws/devel/include/gtsam/3rdparty/Eigen/Eigen/src/SparseLU
-- Installing: /home/elliottwhite/turtlebot2_wss/laser_slam_ws/devel/include/gtsam/3rdparty/Eigen/Eigen/src/SparseLU/SparseLU_Utils.h
-- Installing: /home/elliottwhite/turtlebot2_wss/laser_slam_ws/devel/include/gtsam/3rdparty/Eigen/Eigen/src/SparseLU/SparseLU_kernel_bmod.h
-- Installing: /home/elliottwhite/turtlebot2_wss/laser_slam_ws/devel/include/gtsam/3rdparty/Eigen/Eigen/src/SparseLU/SparseLU_heap_relax_snode.h
-- Installing: /home/elliottwhite/turtlebot2_wss/laser_slam_ws/devel/include/gtsam/3rdparty/Eigen/Eigen/src/SparseLU/SparseLU_column_bmod.h
-- Installing: /home/elliottwhite/turtlebot2_wss/laser_slam_ws/devel/include/gtsam/3rdparty/Eigen/Eigen/src/SparseLU/SparseLU_Structs.h
-- Installing: /home/elliottwhite/turtlebot2_wss/laser_slam_ws/devel/include/gtsam/3rdparty/Eigen/Eigen/src/SparseLU/SparseLU_pivotL.h
-- Installing: /home/elliottwhite/turtlebot2_wss/laser_slam_ws/devel/include/gtsam/3rdparty/Eigen/Eigen/src/SparseLU/SparseLU_panel_bmod.h
-- Installing: /home/elliottwhite/turtlebot2_wss/laser_slam_ws/devel/include/gtsam/3rdparty/Eigen/Eigen/src/SparseLU/SparseLU_Memory.h
-- Installing: /home/elliottwhite/turtlebot2_wss/laser_slam_ws/devel/include/gtsam/3rdparty/Eigen/Eigen/src/SparseLU/SparseLU_copy_to_ucol.h
-- Installing: /home/elliottwhite/turtlebot2_wss/laser_slam_ws/devel/include/gtsam/3rdparty/Eigen/Eigen/src/SparseLU/SparseLU.h
-- Installing: /home/elliottwhite/turtlebot2_wss/laser_slam_ws/devel/include/gtsam/3rdparty/Eigen/Eigen/src/SparseLU/SparseLU_gemm_kernel.h
-- Installing: /home/elliottwhite/turtlebot2_wss/laser_slam_ws/devel/include/gtsam/3rdparty/Eigen/Eigen/src/SparseLU/SparseLU_panel_dfs.h
-- Installing: /home/elliottwhite/turtlebot2_wss/laser_slam_ws/devel/include/gtsam/3rdparty/Eigen/Eigen/src/SparseLU/SparseLU_SupernodalMatrix.h
-- Installing: /home/elliottwhite/turtlebot2_wss/laser_slam_ws/devel/include/gtsam/3rdparty/Eigen/Eigen/src/SparseLU/SparseLUImpl.h
-- Installing: /home/elliottwhite/turtlebot2_wss/laser_slam_ws/devel/include/gtsam/3rdparty/Eigen/Eigen/src/SparseLU/SparseLU_pruneL.h
-- Installing: /home/elliottwhite/turtlebot2_wss/laser_slam_ws/devel/include/gtsam/3rdparty/Eigen/Eigen/src/SparseLU/SparseLU_column_dfs.h
-- Installing: /home/elliottwhite/turtlebot2_wss/laser_slam_ws/devel/include/gtsam/3rdparty/Eigen/Eigen/src/SparseLU/SparseLU_relax_snode.h
-- Installing: /home/elliottwhite/turtlebot2_wss/laser_slam_ws/devel/include/gtsam/3rdparty/Eigen/Eigen/src/CholmodSupport
-- Installing: /home/elliottwhite/turtlebot2_wss/laser_slam_ws/devel/include/gtsam/3rdparty/Eigen/Eigen/src/CholmodSupport/CholmodSupport.h
-- Installing: /home/elliottwhite/turtlebot2_wss/laser_slam_ws/devel/include/gtsam/3rdparty/Eigen/Eigen/src/PaStiXSupport
-- Installing: /home/elliottwhite/turtlebot2_wss/laser_slam_ws/devel/include/gtsam/3rdparty/Eigen/Eigen/src/PaStiXSupport/PaStiXSupport.h
-- Installing: /home/elliottwhite/turtlebot2_wss/laser_slam_ws/devel/include/gtsam/3rdparty/Eigen/Eigen/src/Eigenvalues
-- Installing: /home/elliottwhite/turtlebot2_wss/laser_slam_ws/devel/include/gtsam/3rdparty/Eigen/Eigen/src/Eigenvalues/ComplexSchur.h
-- Installing: /home/elliottwhite/turtlebot2_wss/laser_slam_ws/devel/include/gtsam/3rdparty/Eigen/Eigen/src/Eigenvalues/RealQZ.h
-- Installing: /home/elliottwhite/turtlebot2_wss/laser_slam_ws/devel/include/gtsam/3rdparty/Eigen/Eigen/src/Eigenvalues/EigenSolver.h
-- Installing: /home/elliottwhite/turtlebot2_wss/laser_slam_ws/devel/include/gtsam/3rdparty/Eigen/Eigen/src/Eigenvalues/Tridiagonalization.h
-- Installing: /home/elliottwhite/turtlebot2_wss/laser_slam_ws/devel/include/gtsam/3rdparty/Eigen/Eigen/src/Eigenvalues/SelfAdjointEigenSolver_MKL.h
-- Installing: /home/elliottwhite/turtlebot2_wss/laser_slam_ws/devel/include/gtsam/3rdparty/Eigen/Eigen/src/Eigenvalues/ComplexSchur_MKL.h
-- Installing: /home/elliottwhite/turtlebot2_wss/laser_slam_ws/devel/include/gtsam/3rdparty/Eigen/Eigen/src/Eigenvalues/GeneralizedEigenSolver.h
-- Installing: /home/elliottwhite/turtlebot2_wss/laser_slam_ws/devel/include/gtsam/3rdparty/Eigen/Eigen/src/Eigenvalues/ComplexEigenSolver.h
-- Installing: /home/elliottwhite/turtlebot2_wss/laser_slam_ws/devel/include/gtsam/3rdparty/Eigen/Eigen/src/Eigenvalues/GeneralizedSelfAdjointEigenSolver.h
-- Installing: /home/elliottwhite/turtlebot2_wss/laser_slam_ws/devel/include/gtsam/3rdparty/Eigen/Eigen/src/Eigenvalues/RealSchur_MKL.h
-- Installing: /home/elliottwhite/turtlebot2_wss/laser_slam_ws/devel/include/gtsam/3rdparty/Eigen/Eigen/src/Eigenvalues/RealSchur.h
-- Installing: /home/elliottwhite/turtlebot2_wss/laser_slam_ws/devel/include/gtsam/3rdparty/Eigen/Eigen/src/Eigenvalues/MatrixBaseEigenvalues.h
-- Installing: /home/elliottwhite/turtlebot2_wss/laser_slam_ws/devel/include/gtsam/3rdparty/Eigen/Eigen/src/Eigenvalues/HessenbergDecomposition.h
-- Installing: /home/elliottwhite/turtlebot2_wss/laser_slam_ws/devel/include/gtsam/3rdparty/Eigen/Eigen/src/Eigenvalues/SelfAdjointEigenSolver.h
-- Installing: /home/elliottwhite/turtlebot2_wss/laser_slam_ws/devel/include/gtsam/3rdparty/Eigen/Eigen/src/UmfPackSupport
-- Installing: /home/elliottwhite/turtlebot2_wss/laser_slam_ws/devel/include/gtsam/3rdparty/Eigen/Eigen/src/UmfPackSupport/UmfPackSupport.h
-- Installing: /home/elliottwhite/turtlebot2_wss/laser_slam_ws/devel/include/gtsam/3rdparty/Eigen/Eigen/src/SparseCore
-- Installing: /home/elliottwhite/turtlebot2_wss/laser_slam_ws/devel/include/gtsam/3rdparty/Eigen/Eigen/src/SparseCore/SparseDot.h
-- Installing: /home/elliottwhite/turtlebot2_wss/laser_slam_ws/devel/include/gtsam/3rdparty/Eigen/Eigen/src/SparseCore/MappedSparseMatrix.h
-- Installing: /home/elliottwhite/turtlebot2_wss/laser_slam_ws/devel/include/gtsam/3rdparty/Eigen/Eigen/src/SparseCore/SparseBlock.h
-- Installing: /home/elliottwhite/turtlebot2_wss/laser_slam_ws/devel/include/gtsam/3rdparty/Eigen/Eigen/src/SparseCore/SparseView.h
-- Installing: /home/elliottwhite/turtlebot2_wss/laser_slam_ws/devel/include/gtsam/3rdparty/Eigen/Eigen/src/SparseCore/SparsePermutation.h
-- Installing: /home/elliottwhite/turtlebot2_wss/laser_slam_ws/devel/include/gtsam/3rdparty/Eigen/Eigen/src/SparseCore/SparseColEtree.h
-- Installing: /home/elliottwhite/turtlebot2_wss/laser_slam_ws/devel/include/gtsam/3rdparty/Eigen/Eigen/src/SparseCore/SparseCwiseBinaryOp.h
-- Installing: /home/elliottwhite/turtlebot2_wss/laser_slam_ws/devel/include/gtsam/3rdparty/Eigen/Eigen/src/SparseCore/SparseFuzzy.h
-- Installing: /home/elliottwhite/turtlebot2_wss/laser_slam_ws/devel/include/gtsam/3rdparty/Eigen/Eigen/src/SparseCore/SparseDiagonalProduct.h
-- Installing: /home/elliottwhite/turtlebot2_wss/laser_slam_ws/devel/include/gtsam/3rdparty/Eigen/Eigen/src/SparseCore/CompressedStorage.h
-- Installing: /home/elliottwhite/turtlebot2_wss/laser_slam_ws/devel/include/gtsam/3rdparty/Eigen/Eigen/src/SparseCore/SparseTriangularView.h
-- Installing: /home/elliottwhite/turtlebot2_wss/laser_slam_ws/devel/include/gtsam/3rdparty/Eigen/Eigen/src/SparseCore/SparseVector.h
-- Installing: /home/elliottwhite/turtlebot2_wss/laser_slam_ws/devel/include/gtsam/3rdparty/Eigen/Eigen/src/SparseCore/SparseRedux.h
-- Installing: /home/elliottwhite/turtlebot2_wss/laser_slam_ws/devel/include/gtsam/3rdparty/Eigen/Eigen/src/SparseCore/SparseTranspose.h
-- Installing: /home/elliottwhite/turtlebot2_wss/laser_slam_ws/devel/include/gtsam/3rdparty/Eigen/Eigen/src/SparseCore/SparseDenseProduct.h
-- Installing: /home/elliottwhite/turtlebot2_wss/laser_slam_ws/devel/include/gtsam/3rdparty/Eigen/Eigen/src/SparseCore/SparseProduct.h
-- Installing: /home/elliottwhite/turtlebot2_wss/laser_slam_ws/devel/include/gtsam/3rdparty/Eigen/Eigen/src/SparseCore/ConservativeSparseSparseProduct.h
-- Installing: /home/elliottwhite/turtlebot2_wss/laser_slam_ws/devel/include/gtsam/3rdparty/Eigen/Eigen/src/SparseCore/AmbiVector.h
-- Installing: /home/elliottwhite/turtlebot2_wss/laser_slam_ws/devel/include/gtsam/3rdparty/Eigen/Eigen/src/SparseCore/SparseSparseProductWithPruning.h
-- Installing: /home/elliottwhite/turtlebot2_wss/laser_slam_ws/devel/include/gtsam/3rdparty/Eigen/Eigen/src/SparseCore/SparseUtil.h
-- Installing: /home/elliottwhite/turtlebot2_wss/laser_slam_ws/devel/include/gtsam/3rdparty/Eigen/Eigen/src/SparseCore/SparseMatrix.h
-- Installing: /home/elliottwhite/turtlebot2_wss/laser_slam_ws/devel/include/gtsam/3rdparty/Eigen/Eigen/src/SparseCore/SparseMatrixBase.h
-- Installing: /home/elliottwhite/turtlebot2_wss/laser_slam_ws/devel/include/gtsam/3rdparty/Eigen/Eigen/src/SparseCore/SparseSelfAdjointView.h
-- Installing: /home/elliottwhite/turtlebot2_wss/laser_slam_ws/devel/include/gtsam/3rdparty/Eigen/Eigen/src/SparseCore/TriangularSolver.h
-- Installing: /home/elliottwhite/turtlebot2_wss/laser_slam_ws/devel/include/gtsam/3rdparty/Eigen/Eigen/src/SparseCore/SparseCwiseUnaryOp.h
-- Up-to-date: /home/elliottwhite/turtlebot2_wss/laser_slam_ws/devel/include/gtsam/3rdparty/Eigen/unsupported//Eigen
-- Installing: /home/elliottwhite/turtlebot2_wss/laser_slam_ws/devel/include/gtsam/3rdparty/Eigen/unsupported//Eigen/src
-- Installing: /home/elliottwhite/turtlebot2_wss/laser_slam_ws/devel/include/gtsam/3rdparty/Eigen/unsupported//Eigen/src/SVD
-- Installing: /home/elliottwhite/turtlebot2_wss/laser_slam_ws/devel/include/gtsam/3rdparty/Eigen/unsupported//Eigen/src/SVD/JacobiSVD.h
-- Installing: /home/elliottwhite/turtlebot2_wss/laser_slam_ws/devel/include/gtsam/3rdparty/Eigen/unsupported//Eigen/src/SVD/BDCSVD.h
-- Installing: /home/elliottwhite/turtlebot2_wss/laser_slam_ws/devel/include/gtsam/3rdparty/Eigen/unsupported//Eigen/src/SVD/SVDBase.h
-- Installing: /home/elliottwhite/turtlebot2_wss/laser_slam_ws/devel/include/gtsam/3rdparty/Eigen/unsupported//Eigen/src/AutoDiff
-- Installing: /home/elliottwhite/turtlebot2_wss/laser_slam_ws/devel/include/gtsam/3rdparty/Eigen/unsupported//Eigen/src/AutoDiff/AutoDiffScalar.h
-- Installing: /home/elliottwhite/turtlebot2_wss/laser_slam_ws/devel/include/gtsam/3rdparty/Eigen/unsupported//Eigen/src/AutoDiff/AutoDiffVector.h
-- Installing: /home/elliottwhite/turtlebot2_wss/laser_slam_ws/devel/include/gtsam/3rdparty/Eigen/unsupported//Eigen/src/AutoDiff/AutoDiffJacobian.h
-- Installing: /home/elliottwhite/turtlebot2_wss/laser_slam_ws/devel/include/gtsam/3rdparty/Eigen/unsupported//Eigen/src/KroneckerProduct
-- Installing: /home/elliottwhite/turtlebot2_wss/laser_slam_ws/devel/include/gtsam/3rdparty/Eigen/unsupported//Eigen/src/KroneckerProduct/KroneckerTensorProduct.h
-- Installing: /home/elliottwhite/turtlebot2_wss/laser_slam_ws/devel/include/gtsam/3rdparty/Eigen/unsupported//Eigen/src/IterativeSolvers
-- Installing: /home/elliottwhite/turtlebot2_wss/laser_slam_ws/devel/include/gtsam/3rdparty/Eigen/unsupported//Eigen/src/IterativeSolvers/IterationController.h
-- Installing: /home/elliottwhite/turtlebot2_wss/laser_slam_ws/devel/include/gtsam/3rdparty/Eigen/unsupported//Eigen/src/IterativeSolvers/DGMRES.h
-- Installing: /home/elliottwhite/turtlebot2_wss/laser_slam_ws/devel/include/gtsam/3rdparty/Eigen/unsupported//Eigen/src/IterativeSolvers/GMRES.h
-- Installing: /home/elliottwhite/turtlebot2_wss/laser_slam_ws/devel/include/gtsam/3rdparty/Eigen/unsupported//Eigen/src/IterativeSolvers/ConstrainedConjGrad.h
-- Installing: /home/elliottwhite/turtlebot2_wss/laser_slam_ws/devel/include/gtsam/3rdparty/Eigen/unsupported//Eigen/src/IterativeSolvers/Scaling.h
-- Installing: /home/elliottwhite/turtlebot2_wss/laser_slam_ws/devel/include/gtsam/3rdparty/Eigen/unsupported//Eigen/src/IterativeSolvers/MINRES.h
-- Installing: /home/elliottwhite/turtlebot2_wss/laser_slam_ws/devel/include/gtsam/3rdparty/Eigen/unsupported//Eigen/src/IterativeSolvers/IncompleteCholesky.h
-- Installing: /home/elliottwhite/turtlebot2_wss/laser_slam_ws/devel/include/gtsam/3rdparty/Eigen/unsupported//Eigen/src/IterativeSolvers/IncompleteLU.h
-- Installing: /home/elliottwhite/turtlebot2_wss/laser_slam_ws/devel/include/gtsam/3rdparty/Eigen/unsupported//Eigen/src/NumericalDiff
-- Installing: /home/elliottwhite/turtlebot2_wss/laser_slam_ws/devel/include/gtsam/3rdparty/Eigen/unsupported//Eigen/src/NumericalDiff/NumericalDiff.h
-- Installing: /home/elliottwhite/turtlebot2_wss/laser_slam_ws/devel/include/gtsam/3rdparty/Eigen/unsupported//Eigen/src/BVH
-- Installing: /home/elliottwhite/turtlebot2_wss/laser_slam_ws/devel/include/gtsam/3rdparty/Eigen/unsupported//Eigen/src/BVH/BVAlgorithms.h
-- Installing: /home/elliottwhite/turtlebot2_wss/laser_slam_ws/devel/include/gtsam/3rdparty/Eigen/unsupported//Eigen/src/BVH/KdBVH.h
-- Installing: /home/elliottwhite/turtlebot2_wss/laser_slam_ws/devel/include/gtsam/3rdparty/Eigen/unsupported//Eigen/src/LevenbergMarquardt
-- Installing: /home/elliottwhite/turtlebot2_wss/laser_slam_ws/devel/include/gtsam/3rdparty/Eigen/unsupported//Eigen/src/LevenbergMarquardt/LMpar.h
-- Installing: /home/elliottwhite/turtlebot2_wss/laser_slam_ws/devel/include/gtsam/3rdparty/Eigen/unsupported//Eigen/src/LevenbergMarquardt/LMqrsolv.h
-- Installing: /home/elliottwhite/turtlebot2_wss/laser_slam_ws/devel/include/gtsam/3rdparty/Eigen/unsupported//Eigen/src/LevenbergMarquardt/LMcovar.h
-- Installing: /home/elliottwhite/turtlebot2_wss/laser_slam_ws/devel/include/gtsam/3rdparty/Eigen/unsupported//Eigen/src/LevenbergMarquardt/LevenbergMarquardt.h
-- Installing: /home/elliottwhite/turtlebot2_wss/laser_slam_ws/devel/include/gtsam/3rdparty/Eigen/unsupported//Eigen/src/LevenbergMarquardt/LMonestep.h
-- Installing: /home/elliottwhite/turtlebot2_wss/laser_slam_ws/devel/include/gtsam/3rdparty/Eigen/unsupported//Eigen/src/NonLinearOptimization
-- Installing: /home/elliottwhite/turtlebot2_wss/laser_slam_ws/devel/include/gtsam/3rdparty/Eigen/unsupported//Eigen/src/NonLinearOptimization/fdjac1.h
-- Installing: /home/elliottwhite/turtlebot2_wss/laser_slam_ws/devel/include/gtsam/3rdparty/Eigen/unsupported//Eigen/src/NonLinearOptimization/dogleg.h
-- Installing: /home/elliottwhite/turtlebot2_wss/laser_slam_ws/devel/include/gtsam/3rdparty/Eigen/unsupported//Eigen/src/NonLinearOptimization/LevenbergMarquardt.h
-- Installing: /home/elliottwhite/turtlebot2_wss/laser_slam_ws/devel/include/gtsam/3rdparty/Eigen/unsupported//Eigen/src/NonLinearOptimization/rwupdt.h
-- Installing: /home/elliottwhite/turtlebot2_wss/laser_slam_ws/devel/include/gtsam/3rdparty/Eigen/unsupported//Eigen/src/NonLinearOptimization/lmpar.h
-- Installing: /home/elliottwhite/turtlebot2_wss/laser_slam_ws/devel/include/gtsam/3rdparty/Eigen/unsupported//Eigen/src/NonLinearOptimization/covar.h
-- Installing: /home/elliottwhite/turtlebot2_wss/laser_slam_ws/devel/include/gtsam/3rdparty/Eigen/unsupported//Eigen/src/NonLinearOptimization/chkder.h
-- Installing: /home/elliottwhite/turtlebot2_wss/laser_slam_ws/devel/include/gtsam/3rdparty/Eigen/unsupported//Eigen/src/NonLinearOptimization/qrsolv.h
-- Installing: /home/elliottwhite/turtlebot2_wss/laser_slam_ws/devel/include/gtsam/3rdparty/Eigen/unsupported//Eigen/src/NonLinearOptimization/r1mpyq.h
-- Installing: /home/elliottwhite/turtlebot2_wss/laser_slam_ws/devel/include/gtsam/3rdparty/Eigen/unsupported//Eigen/src/NonLinearOptimization/HybridNonLinearSolver.h
-- Installing: /home/elliottwhite/turtlebot2_wss/laser_slam_ws/devel/include/gtsam/3rdparty/Eigen/unsupported//Eigen/src/NonLinearOptimization/r1updt.h
-- Installing: /home/elliottwhite/turtlebot2_wss/laser_slam_ws/devel/include/gtsam/3rdparty/Eigen/unsupported//Eigen/src/Skyline
-- Installing: /home/elliottwhite/turtlebot2_wss/laser_slam_ws/devel/include/gtsam/3rdparty/Eigen/unsupported//Eigen/src/Skyline/SkylineProduct.h
-- Installing: /home/elliottwhite/turtlebot2_wss/laser_slam_ws/devel/include/gtsam/3rdparty/Eigen/unsupported//Eigen/src/Skyline/SkylineMatrix.h
-- Installing: /home/elliottwhite/turtlebot2_wss/laser_slam_ws/devel/include/gtsam/3rdparty/Eigen/unsupported//Eigen/src/Skyline/SkylineMatrixBase.h
-- Installing: /home/elliottwhite/turtlebot2_wss/laser_slam_ws/devel/include/gtsam/3rdparty/Eigen/unsupported//Eigen/src/Skyline/SkylineInplaceLU.h
-- Installing: /home/elliottwhite/turtlebot2_wss/laser_slam_ws/devel/include/gtsam/3rdparty/Eigen/unsupported//Eigen/src/Skyline/SkylineUtil.h
-- Installing: /home/elliottwhite/turtlebot2_wss/laser_slam_ws/devel/include/gtsam/3rdparty/Eigen/unsupported//Eigen/src/Skyline/SkylineStorage.h
-- Installing: /home/elliottwhite/turtlebot2_wss/laser_slam_ws/devel/include/gtsam/3rdparty/Eigen/unsupported//Eigen/src/MatrixFunctions
-- Installing: /home/elliottwhite/turtlebot2_wss/laser_slam_ws/devel/include/gtsam/3rdparty/Eigen/unsupported//Eigen/src/MatrixFunctions/MatrixPower.h
-- Installing: /home/elliottwhite/turtlebot2_wss/laser_slam_ws/devel/include/gtsam/3rdparty/Eigen/unsupported//Eigen/src/MatrixFunctions/MatrixSquareRoot.h
-- Installing: /home/elliottwhite/turtlebot2_wss/laser_slam_ws/devel/include/gtsam/3rdparty/Eigen/unsupported//Eigen/src/MatrixFunctions/StemFunction.h
-- Installing: /home/elliottwhite/turtlebot2_wss/laser_slam_ws/devel/include/gtsam/3rdparty/Eigen/unsupported//Eigen/src/MatrixFunctions/MatrixFunctionAtomic.h
-- Installing: /home/elliottwhite/turtlebot2_wss/laser_slam_ws/devel/include/gtsam/3rdparty/Eigen/unsupported//Eigen/src/MatrixFunctions/MatrixExponential.h
-- Installing: /home/elliottwhite/turtlebot2_wss/laser_slam_ws/devel/include/gtsam/3rdparty/Eigen/unsupported//Eigen/src/MatrixFunctions/MatrixLogarithm.h
-- Installing: /home/elliottwhite/turtlebot2_wss/laser_slam_ws/devel/include/gtsam/3rdparty/Eigen/unsupported//Eigen/src/MatrixFunctions/MatrixFunction.h
-- Installing: /home/elliottwhite/turtlebot2_wss/laser_slam_ws/devel/include/gtsam/3rdparty/Eigen/unsupported//Eigen/src/SparseExtra
-- Installing: /home/elliottwhite/turtlebot2_wss/laser_slam_ws/devel/include/gtsam/3rdparty/Eigen/unsupported//Eigen/src/SparseExtra/RandomSetter.h
-- Installing: /home/elliottwhite/turtlebot2_wss/laser_slam_ws/devel/include/gtsam/3rdparty/Eigen/unsupported//Eigen/src/SparseExtra/MarketIO.h
-- Installing: /home/elliottwhite/turtlebot2_wss/laser_slam_ws/devel/include/gtsam/3rdparty/Eigen/unsupported//Eigen/src/SparseExtra/BlockOfDynamicSparseMatrix.h
-- Installing: /home/elliottwhite/turtlebot2_wss/laser_slam_ws/devel/include/gtsam/3rdparty/Eigen/unsupported//Eigen/src/SparseExtra/DynamicSparseMatrix.h
-- Installing: /home/elliottwhite/turtlebot2_wss/laser_slam_ws/devel/include/gtsam/3rdparty/Eigen/unsupported//Eigen/src/SparseExtra/MatrixMarketIterator.h
-- Installing: /home/elliottwhite/turtlebot2_wss/laser_slam_ws/devel/include/gtsam/3rdparty/Eigen/unsupported//Eigen/src/Polynomials
-- Installing: /home/elliottwhite/turtlebot2_wss/laser_slam_ws/devel/include/gtsam/3rdparty/Eigen/unsupported//Eigen/src/Polynomials/PolynomialSolver.h
-- Installing: /home/elliottwhite/turtlebot2_wss/laser_slam_ws/devel/include/gtsam/3rdparty/Eigen/unsupported//Eigen/src/Polynomials/Companion.h
-- Installing: /home/elliottwhite/turtlebot2_wss/laser_slam_ws/devel/include/gtsam/3rdparty/Eigen/unsupported//Eigen/src/Polynomials/PolynomialUtils.h
-- Installing: /home/elliottwhite/turtlebot2_wss/laser_slam_ws/devel/include/gtsam/3rdparty/Eigen/unsupported//Eigen/src/Splines
-- Installing: /home/elliottwhite/turtlebot2_wss/laser_slam_ws/devel/include/gtsam/3rdparty/Eigen/unsupported//Eigen/src/Splines/SplineFwd.h
-- Installing: /home/elliottwhite/turtlebot2_wss/laser_slam_ws/devel/include/gtsam/3rdparty/Eigen/unsupported//Eigen/src/Splines/Spline.h
-- Installing: /home/elliottwhite/turtlebot2_wss/laser_slam_ws/devel/include/gtsam/3rdparty/Eigen/unsupported//Eigen/src/Splines/SplineFitting.h
-- Installing: /home/elliottwhite/turtlebot2_wss/laser_slam_ws/devel/include/gtsam/3rdparty/Eigen/unsupported//Eigen/src/FFT
-- Installing: /home/elliottwhite/turtlebot2_wss/laser_slam_ws/devel/include/gtsam/3rdparty/Eigen/unsupported//Eigen/src/FFT/ei_fftw_impl.h
-- Installing: /home/elliottwhite/turtlebot2_wss/laser_slam_ws/devel/include/gtsam/3rdparty/Eigen/unsupported//Eigen/src/FFT/ei_kissfft_impl.h
-- Installing: /home/elliottwhite/turtlebot2_wss/laser_slam_ws/devel/include/gtsam/3rdparty/Eigen/unsupported//Eigen/src/MoreVectorization
-- Installing: /home/elliottwhite/turtlebot2_wss/laser_slam_ws/devel/include/gtsam/3rdparty/Eigen/unsupported//Eigen/src/MoreVectorization/MathFunctions.h
-- Installing: /home/elliottwhite/turtlebot2_wss/laser_slam_ws/devel/include/gtsam/3rdparty/Eigen/unsupported//Eigen/src/Eigenvalues
-- Installing: /home/elliottwhite/turtlebot2_wss/laser_slam_ws/devel/include/gtsam/3rdparty/Eigen/unsupported//Eigen/src/Eigenvalues/ArpackSelfAdjointEigenSolver.h
-- Installing: /home/elliottwhite/turtlebot2_wss/laser_slam_ws/devel/include/gtsam/3rdparty/metis/metis.h
-- Installing: /home/elliottwhite/turtlebot2_wss/laser_slam_ws/devel/lib/libmetis.a
-- Installing: /home/elliottwhite/turtlebot2_wss/laser_slam_ws/devel/include/gtsam/3rdparty/ceres/rotation.h
-- Installing: /home/elliottwhite/turtlebot2_wss/laser_slam_ws/devel/include/gtsam/3rdparty/ceres/variadic_evaluate.h
-- Installing: /home/elliottwhite/turtlebot2_wss/laser_slam_ws/devel/include/gtsam/3rdparty/ceres/fpclassify.h
-- Installing: /home/elliottwhite/turtlebot2_wss/laser_slam_ws/devel/include/gtsam/3rdparty/ceres/jet.h
-- Installing: /home/elliottwhite/turtlebot2_wss/laser_slam_ws/devel/include/gtsam/3rdparty/ceres/eigen.h
-- Installing: /home/elliottwhite/turtlebot2_wss/laser_slam_ws/devel/include/gtsam/3rdparty/ceres/autodiff.h
-- Installing: /home/elliottwhite/turtlebot2_wss/laser_slam_ws/devel/include/gtsam/3rdparty/ceres/manual_constructor.h
-- Installing: /home/elliottwhite/turtlebot2_wss/laser_slam_ws/devel/include/gtsam/3rdparty/ceres/macros.h
-- Installing: /home/elliottwhite/turtlebot2_wss/laser_slam_ws/devel/include/gtsam/3rdparty/ceres/fixed_array.h
-- Installing: /home/elliottwhite/turtlebot2_wss/laser_slam_ws/devel/include/gtsam/3rdparty/ceres/example.h
-- Installing: /home/elliottwhite/turtlebot2_wss/laser_slam_ws/devel/include/gtsam/base/ProductLieGroup.h
-- Installing: /home/elliottwhite/turtlebot2_wss/laser_slam_ws/devel/include/gtsam/base/Lie.h
-- Installing: /home/elliottwhite/turtlebot2_wss/laser_slam_ws/devel/include/gtsam/base/FastList.h
-- Installing: /home/elliottwhite/turtlebot2_wss/laser_slam_ws/devel/include/gtsam/base/FastVector.h
-- Installing: /home/elliottwhite/turtlebot2_wss/laser_slam_ws/devel/include/gtsam/base/VectorSpace.h
-- Installing: /home/elliottwhite/turtlebot2_wss/laser_slam_ws/devel/include/gtsam/base/serializationTestHelpers.h
-- Installing: /home/elliottwhite/turtlebot2_wss/laser_slam_ws/devel/include/gtsam/base/ThreadsafeException.h
-- Installing: /home/elliottwhite/turtlebot2_wss/laser_slam_ws/devel/include/gtsam/base/numericalDerivative.h
-- Installing: /home/elliottwhite/turtlebot2_wss/laser_slam_ws/devel/include/gtsam/base/LieVector_Deprecated.h
-- Installing: /home/elliottwhite/turtlebot2_wss/laser_slam_ws/devel/include/gtsam/base/SymmetricBlockMatrix.h
-- Installing: /home/elliottwhite/turtlebot2_wss/laser_slam_ws/devel/include/gtsam/base/Matrix.h
-- Installing: /home/elliottwhite/turtlebot2_wss/laser_slam_ws/devel/include/gtsam/base/testLie.h
-- Installing: /home/elliottwhite/turtlebot2_wss/laser_slam_ws/devel/include/gtsam/base/DSFVector.h
-- Installing: /home/elliottwhite/turtlebot2_wss/laser_slam_ws/devel/include/gtsam/base/debug.h
-- Installing: /home/elliottwhite/turtlebot2_wss/laser_slam_ws/devel/include/gtsam/base/DerivedValue.h
-- Installing: /home/elliottwhite/turtlebot2_wss/laser_slam_ws/devel/include/gtsam/base/concepts.h
-- Installing: /home/elliottwhite/turtlebot2_wss/laser_slam_ws/devel/include/gtsam/base/LieMatrix_Deprecated.h
-- Installing: /home/elliottwhite/turtlebot2_wss/laser_slam_ws/devel/include/gtsam/base/LieMatrix.h
-- Installing: /home/elliottwhite/turtlebot2_wss/laser_slam_ws/devel/include/gtsam/base/VerticalBlockMatrix.h
-- Installing: /home/elliottwhite/turtlebot2_wss/laser_slam_ws/devel/include/gtsam/base/Vector.h
-- Installing: /home/elliottwhite/turtlebot2_wss/laser_slam_ws/devel/include/gtsam/base/FastMap.h
-- Installing: /home/elliottwhite/turtlebot2_wss/laser_slam_ws/devel/include/gtsam/base/Testable.h
-- Installing: /home/elliottwhite/turtlebot2_wss/laser_slam_ws/devel/include/gtsam/base/LieScalar.h
-- Installing: /home/elliottwhite/turtlebot2_wss/laser_slam_ws/devel/include/gtsam/base/FastDefaultAllocator.h
-- Installing: /home/elliottwhite/turtlebot2_wss/laser_slam_ws/devel/include/gtsam/base/timing.h
-- Installing: /home/elliottwhite/turtlebot2_wss/laser_slam_ws/devel/include/gtsam/base/treeTraversal-inst.h
-- Installing: /home/elliottwhite/turtlebot2_wss/laser_slam_ws/devel/include/gtsam/base/cholesky.h
-- Installing: /home/elliottwhite/turtlebot2_wss/laser_slam_ws/devel/include/gtsam/base/serialization.h
-- Installing: /home/elliottwhite/turtlebot2_wss/laser_slam_ws/devel/include/gtsam/base/lieProxies.h
-- Installing: /home/elliottwhite/turtlebot2_wss/laser_slam_ws/devel/include/gtsam/base/FastSet.h
-- Installing: /home/elliottwhite/turtlebot2_wss/laser_slam_ws/devel/include/gtsam/base/OptionalJacobian.h
-- Installing: /home/elliottwhite/turtlebot2_wss/laser_slam_ws/devel/include/gtsam/base/LieScalar_Deprecated.h
-- Installing: /home/elliottwhite/turtlebot2_wss/laser_slam_ws/devel/include/gtsam/base/Manifold.h
-- Installing: /home/elliottwhite/turtlebot2_wss/laser_slam_ws/devel/include/gtsam/base/chartTesting.h
-- Installing: /home/elliottwhite/turtlebot2_wss/laser_slam_ws/devel/include/gtsam/base/GenericValue.h
-- Installing: /home/elliottwhite/turtlebot2_wss/laser_slam_ws/devel/include/gtsam/base/LieVector.h
-- Installing: /home/elliottwhite/turtlebot2_wss/laser_slam_ws/devel/include/gtsam/base/SymmetricBlockMatrixBlockExpr.h
-- Installing: /home/elliottwhite/turtlebot2_wss/laser_slam_ws/devel/include/gtsam/base/TestableAssertions.h
-- Installing: /home/elliottwhite/turtlebot2_wss/laser_slam_ws/devel/include/gtsam/base/ConcurrentMap.h
-- Installing: /home/elliottwhite/turtlebot2_wss/laser_slam_ws/devel/include/gtsam/base/Group.h
-- Installing: /home/elliottwhite/turtlebot2_wss/laser_slam_ws/devel/include/gtsam/base/Value.h
-- Installing: /home/elliottwhite/turtlebot2_wss/laser_slam_ws/devel/include/gtsam/base/types.h
-- Installing: /home/elliottwhite/turtlebot2_wss/laser_slam_ws/devel/include/gtsam/base/treeTraversal/statistics.h
-- Installing: /home/elliottwhite/turtlebot2_wss/laser_slam_ws/devel/include/gtsam/base/treeTraversal/parallelTraversalTasks.h
-- Installing: /home/elliottwhite/turtlebot2_wss/laser_slam_ws/devel/include/gtsam/geometry/Cal3_S2Stereo.h
-- Installing: /home/elliottwhite/turtlebot2_wss/laser_slam_ws/devel/include/gtsam/geometry/OrientedPlane3.h
-- Installing: /home/elliottwhite/turtlebot2_wss/laser_slam_ws/devel/include/gtsam/geometry/StereoCamera.h
-- Installing: /home/elliottwhite/turtlebot2_wss/laser_slam_ws/devel/include/gtsam/geometry/Quaternion.h
-- Installing: /home/elliottwhite/turtlebot2_wss/laser_slam_ws/devel/include/gtsam/geometry/PinholeCamera.h
-- Installing: /home/elliottwhite/turtlebot2_wss/laser_slam_ws/devel/include/gtsam/geometry/Unit3.h
-- Installing: /home/elliottwhite/turtlebot2_wss/laser_slam_ws/devel/include/gtsam/geometry/EssentialMatrix.h
-- Installing: /home/elliottwhite/turtlebot2_wss/laser_slam_ws/devel/include/gtsam/geometry/Cal3Bundler.h
-- Installing: /home/elliottwhite/turtlebot2_wss/laser_slam_ws/devel/include/gtsam/geometry/SimpleCamera.h
-- Installing: /home/elliottwhite/turtlebot2_wss/laser_slam_ws/devel/include/gtsam/geometry/Cal3Unified.h
-- Installing: /home/elliottwhite/turtlebot2_wss/laser_slam_ws/devel/include/gtsam/geometry/concepts.h
-- Installing: /home/elliottwhite/turtlebot2_wss/laser_slam_ws/devel/include/gtsam/geometry/triangulation.h
-- Installing: /home/elliottwhite/turtlebot2_wss/laser_slam_ws/devel/include/gtsam/geometry/Pose3.h
-- Installing: /home/elliottwhite/turtlebot2_wss/laser_slam_ws/devel/include/gtsam/geometry/Rot3.h
-- Installing: /home/elliottwhite/turtlebot2_wss/laser_slam_ws/devel/include/gtsam/geometry/CameraSet.h
-- Installing: /home/elliottwhite/turtlebot2_wss/laser_slam_ws/devel/include/gtsam/geometry/SO3.h
-- Installing: /home/elliottwhite/turtlebot2_wss/laser_slam_ws/devel/include/gtsam/geometry/Cal3DS2_Base.h
-- Installing: /home/elliottwhite/turtlebot2_wss/laser_slam_ws/devel/include/gtsam/geometry/Cal3_S2.h
-- Installing: /home/elliottwhite/turtlebot2_wss/laser_slam_ws/devel/include/gtsam/geometry/CalibratedCamera.h
-- Installing: /home/elliottwhite/turtlebot2_wss/laser_slam_ws/devel/include/gtsam/geometry/Point2.h
-- Installing: /home/elliottwhite/turtlebot2_wss/laser_slam_ws/devel/include/gtsam/geometry/Point3.h
-- Installing: /home/elliottwhite/turtlebot2_wss/laser_slam_ws/devel/include/gtsam/geometry/Cal3DS2.h
-- Installing: /home/elliottwhite/turtlebot2_wss/laser_slam_ws/devel/include/gtsam/geometry/Cyclic.h
-- Installing: /home/elliottwhite/turtlebot2_wss/laser_slam_ws/devel/include/gtsam/geometry/Pose2.h
-- Installing: /home/elliottwhite/turtlebot2_wss/laser_slam_ws/devel/include/gtsam/geometry/Rot2.h
-- Installing: /home/elliottwhite/turtlebot2_wss/laser_slam_ws/devel/include/gtsam/geometry/StereoPoint2.h
-- Installing: /home/elliottwhite/turtlebot2_wss/laser_slam_ws/devel/include/gtsam/geometry/PinholePose.h
-- Installing: /home/elliottwhite/turtlebot2_wss/laser_slam_ws/devel/include/gtsam/geometry/PinholeSet.h
-- Installing: /home/elliottwhite/turtlebot2_wss/laser_slam_ws/devel/include/gtsam/inference/Conditional-inst.h
-- Installing: /home/elliottwhite/turtlebot2_wss/laser_slam_ws/devel/include/gtsam/inference/ISAM.h
-- Installing: /home/elliottwhite/turtlebot2_wss/laser_slam_ws/devel/include/gtsam/inference/EliminationTree-inst.h
-- Installing: /home/elliottwhite/turtlebot2_wss/laser_slam_ws/devel/include/gtsam/inference/BayesNet.h
-- Installing: /home/elliottwhite/turtlebot2_wss/laser_slam_ws/devel/include/gtsam/inference/ISAM-inst.h
-- Installing: /home/elliottwhite/turtlebot2_wss/laser_slam_ws/devel/include/gtsam/inference/EliminationTree.h
-- Installing: /home/elliottwhite/turtlebot2_wss/laser_slam_ws/devel/include/gtsam/inference/EliminateableFactorGraph.h
-- Installing: /home/elliottwhite/turtlebot2_wss/laser_slam_ws/devel/include/gtsam/inference/BayesNet-inst.h
-- Installing: /home/elliottwhite/turtlebot2_wss/laser_slam_ws/devel/include/gtsam/inference/Factor.h
-- Installing: /home/elliottwhite/turtlebot2_wss/laser_slam_ws/devel/include/gtsam/inference/BayesTree.h
-- Installing: /home/elliottwhite/turtlebot2_wss/laser_slam_ws/devel/include/gtsam/inference/EliminateableFactorGraph-inst.h
-- Installing: /home/elliottwhite/turtlebot2_wss/laser_slam_ws/devel/include/gtsam/inference/inferenceExceptions.h
-- Installing: /home/elliottwhite/turtlebot2_wss/laser_slam_ws/devel/include/gtsam/inference/JunctionTree.h
-- Installing: /home/elliottwhite/turtlebot2_wss/laser_slam_ws/devel/include/gtsam/inference/VariableIndex.h
-- Installing: /home/elliottwhite/turtlebot2_wss/laser_slam_ws/devel/include/gtsam/inference/inference-inst.h
-- Installing: /home/elliottwhite/turtlebot2_wss/laser_slam_ws/devel/include/gtsam/inference/JunctionTree-inst.h
-- Installing: /home/elliottwhite/turtlebot2_wss/laser_slam_ws/devel/include/gtsam/inference/ClusterTree-inst.h
-- Installing: /home/elliottwhite/turtlebot2_wss/laser_slam_ws/devel/include/gtsam/inference/FactorGraph.h
-- Installing: /home/elliottwhite/turtlebot2_wss/laser_slam_ws/devel/include/gtsam/inference/Key.h
-- Installing: /home/elliottwhite/turtlebot2_wss/laser_slam_ws/devel/include/gtsam/inference/graph.h
-- Installing: /home/elliottwhite/turtlebot2_wss/laser_slam_ws/devel/include/gtsam/inference/ClusterTree.h
-- Installing: /home/elliottwhite/turtlebot2_wss/laser_slam_ws/devel/include/gtsam/inference/Conditional.h
-- Installing: /home/elliottwhite/turtlebot2_wss/laser_slam_ws/devel/include/gtsam/inference/Symbol.h
-- Installing: /home/elliottwhite/turtlebot2_wss/laser_slam_ws/devel/include/gtsam/inference/BayesTree-inst.h
-- Installing: /home/elliottwhite/turtlebot2_wss/laser_slam_ws/devel/include/gtsam/inference/BayesTreeCliqueBase.h
-- Installing: /home/elliottwhite/turtlebot2_wss/laser_slam_ws/devel/include/gtsam/inference/VariableSlots.h
-- Installing: /home/elliottwhite/turtlebot2_wss/laser_slam_ws/devel/include/gtsam/inference/Ordering.h
-- Installing: /home/elliottwhite/turtlebot2_wss/laser_slam_ws/devel/include/gtsam/inference/LabeledSymbol.h
-- Installing: /home/elliottwhite/turtlebot2_wss/laser_slam_ws/devel/include/gtsam/inference/MetisIndex-inl.h
-- Installing: /home/elliottwhite/turtlebot2_wss/laser_slam_ws/devel/include/gtsam/inference/FactorGraph-inst.h
-- Installing: /home/elliottwhite/turtlebot2_wss/laser_slam_ws/devel/include/gtsam/inference/MetisIndex.h
-- Installing: /home/elliottwhite/turtlebot2_wss/laser_slam_ws/devel/include/gtsam/inference/VariableIndex-inl.h
-- Installing: /home/elliottwhite/turtlebot2_wss/laser_slam_ws/devel/include/gtsam/inference/graph-inl.h
-- Installing: /home/elliottwhite/turtlebot2_wss/laser_slam_ws/devel/include/gtsam/inference/BayesTreeCliqueBase-inst.h
-- Installing: /home/elliottwhite/turtlebot2_wss/laser_slam_ws/devel/include/gtsam/symbolic/SymbolicBayesNet.h
-- Installing: /home/elliottwhite/turtlebot2_wss/laser_slam_ws/devel/include/gtsam/symbolic/SymbolicConditional.h
-- Installing: /home/elliottwhite/turtlebot2_wss/laser_slam_ws/devel/include/gtsam/symbolic/SymbolicJunctionTree.h
-- Installing: /home/elliottwhite/turtlebot2_wss/laser_slam_ws/devel/include/gtsam/symbolic/SymbolicFactor.h
-- Installing: /home/elliottwhite/turtlebot2_wss/laser_slam_ws/devel/include/gtsam/symbolic/SymbolicISAM.h
-- Installing: /home/elliottwhite/turtlebot2_wss/laser_slam_ws/devel/include/gtsam/symbolic/SymbolicEliminationTree.h
-- Installing: /home/elliottwhite/turtlebot2_wss/laser_slam_ws/devel/include/gtsam/symbolic/SymbolicBayesTree.h
-- Installing: /home/elliottwhite/turtlebot2_wss/laser_slam_ws/devel/include/gtsam/symbolic/SymbolicFactor-inst.h
-- Installing: /home/elliottwhite/turtlebot2_wss/laser_slam_ws/devel/include/gtsam/symbolic/SymbolicFactorGraph.h
-- Installing: /home/elliottwhite/turtlebot2_wss/laser_slam_ws/devel/include/gtsam/discrete/DiscreteBayesTree.h
-- Installing: /home/elliottwhite/turtlebot2_wss/laser_slam_ws/devel/include/gtsam/discrete/DiscreteMarginals.h
-- Installing: /home/elliottwhite/turtlebot2_wss/laser_slam_ws/devel/include/gtsam/discrete/DiscreteKey.h
-- Installing: /home/elliottwhite/turtlebot2_wss/laser_slam_ws/devel/include/gtsam/discrete/DecisionTreeFactor.h
-- Installing: /home/elliottwhite/turtlebot2_wss/laser_slam_ws/devel/include/gtsam/discrete/Assignment.h
-- Installing: /home/elliottwhite/turtlebot2_wss/laser_slam_ws/devel/include/gtsam/discrete/DecisionTree-inl.h
-- Installing: /home/elliottwhite/turtlebot2_wss/laser_slam_ws/devel/include/gtsam/discrete/DiscreteJunctionTree.h
-- Installing: /home/elliottwhite/turtlebot2_wss/laser_slam_ws/devel/include/gtsam/discrete/DiscreteEliminationTree.h
-- Installing: /home/elliottwhite/turtlebot2_wss/laser_slam_ws/devel/include/gtsam/discrete/DiscreteConditional.h
-- Installing: /home/elliottwhite/turtlebot2_wss/laser_slam_ws/devel/include/gtsam/discrete/DiscreteBayesNet.h
-- Installing: /home/elliottwhite/turtlebot2_wss/laser_slam_ws/devel/include/gtsam/discrete/DecisionTree.h
-- Installing: /home/elliottwhite/turtlebot2_wss/laser_slam_ws/devel/include/gtsam/discrete/Potentials.h
-- Installing: /home/elliottwhite/turtlebot2_wss/laser_slam_ws/devel/include/gtsam/discrete/DiscreteFactor.h
-- Installing: /home/elliottwhite/turtlebot2_wss/laser_slam_ws/devel/include/gtsam/discrete/Signature.h
-- Installing: /home/elliottwhite/turtlebot2_wss/laser_slam_ws/devel/include/gtsam/discrete/DiscreteFactorGraph.h
-- Installing: /home/elliottwhite/turtlebot2_wss/laser_slam_ws/devel/include/gtsam/discrete/AlgebraicDecisionTree.h
-- Installing: /home/elliottwhite/turtlebot2_wss/laser_slam_ws/devel/include/gtsam/linear/linearAlgorithms-inst.h
-- Installing: /home/elliottwhite/turtlebot2_wss/laser_slam_ws/devel/include/gtsam/linear/SubgraphPreconditioner.h
-- Installing: /home/elliottwhite/turtlebot2_wss/laser_slam_ws/devel/include/gtsam/linear/BinaryJacobianFactor.h
-- Installing: /home/elliottwhite/turtlebot2_wss/laser_slam_ws/devel/include/gtsam/linear/GaussianISAM.h
-- Installing: /home/elliottwhite/turtlebot2_wss/laser_slam_ws/devel/include/gtsam/linear/NoiseModel.h
-- Installing: /home/elliottwhite/turtlebot2_wss/laser_slam_ws/devel/include/gtsam/linear/GaussianBayesNet.h
-- Installing: /home/elliottwhite/turtlebot2_wss/laser_slam_ws/devel/include/gtsam/linear/GaussianConditional-inl.h
-- Installing: /home/elliottwhite/turtlebot2_wss/laser_slam_ws/devel/include/gtsam/linear/JacobianFactor-inl.h
-- Installing: /home/elliottwhite/turtlebot2_wss/laser_slam_ws/devel/include/gtsam/linear/VectorValues.h
-- Installing: /home/elliottwhite/turtlebot2_wss/laser_slam_ws/devel/include/gtsam/linear/IterativeSolver.h
-- Installing: /home/elliottwhite/turtlebot2_wss/laser_slam_ws/devel/include/gtsam/linear/GaussianFactor.h
-- Installing: /home/elliottwhite/turtlebot2_wss/laser_slam_ws/devel/include/gtsam/linear/GaussianBayesTree-inl.h
-- Installing: /home/elliottwhite/turtlebot2_wss/laser_slam_ws/devel/include/gtsam/linear/Errors.h
-- Installing: /home/elliottwhite/turtlebot2_wss/laser_slam_ws/devel/include/gtsam/linear/GaussianFactorGraph.h
-- Installing: /home/elliottwhite/turtlebot2_wss/laser_slam_ws/devel/include/gtsam/linear/JacobianFactor.h
-- Installing: /home/elliottwhite/turtlebot2_wss/laser_slam_ws/devel/include/gtsam/linear/RegularJacobianFactor.h
-- Installing: /home/elliottwhite/turtlebot2_wss/laser_slam_ws/devel/include/gtsam/linear/linearExceptions.h
-- Installing: /home/elliottwhite/turtlebot2_wss/laser_slam_ws/devel/include/gtsam/linear/HessianFactor.h
-- Installing: /home/elliottwhite/turtlebot2_wss/laser_slam_ws/devel/include/gtsam/linear/RegularHessianFactor.h
-- Installing: /home/elliottwhite/turtlebot2_wss/laser_slam_ws/devel/include/gtsam/linear/iterative-inl.h
-- Installing: /home/elliottwhite/turtlebot2_wss/laser_slam_ws/devel/include/gtsam/linear/PCGSolver.h
-- Installing: /home/elliottwhite/turtlebot2_wss/laser_slam_ws/devel/include/gtsam/linear/Preconditioner.h
-- Installing: /home/elliottwhite/turtlebot2_wss/laser_slam_ws/devel/include/gtsam/linear/KalmanFilter.h
-- Installing: /home/elliottwhite/turtlebot2_wss/laser_slam_ws/devel/include/gtsam/linear/SubgraphSolver.h
-- Installing: /home/elliottwhite/turtlebot2_wss/laser_slam_ws/devel/include/gtsam/linear/iterative.h
-- Installing: /home/elliottwhite/turtlebot2_wss/laser_slam_ws/devel/include/gtsam/linear/GaussianJunctionTree.h
-- Installing: /home/elliottwhite/turtlebot2_wss/laser_slam_ws/devel/include/gtsam/linear/GaussianConditional.h
-- Installing: /home/elliottwhite/turtlebot2_wss/laser_slam_ws/devel/include/gtsam/linear/GaussianDensity.h
-- Installing: /home/elliottwhite/turtlebot2_wss/laser_slam_ws/devel/include/gtsam/linear/GaussianEliminationTree.h
-- Installing: /home/elliottwhite/turtlebot2_wss/laser_slam_ws/devel/include/gtsam/linear/ConjugateGradientSolver.h
-- Installing: /home/elliottwhite/turtlebot2_wss/laser_slam_ws/devel/include/gtsam/linear/Scatter.h
-- Installing: /home/elliottwhite/turtlebot2_wss/laser_slam_ws/devel/include/gtsam/linear/GaussianBayesTree.h
-- Installing: /home/elliottwhite/turtlebot2_wss/laser_slam_ws/devel/include/gtsam/linear/Sampler.h
-- Installing: /home/elliottwhite/turtlebot2_wss/laser_slam_ws/devel/include/gtsam/linear/HessianFactor-inl.h
-- Installing: /home/elliottwhite/turtlebot2_wss/laser_slam_ws/devel/include/gtsam/nonlinear/expressionTesting.h
-- Installing: /home/elliottwhite/turtlebot2_wss/laser_slam_ws/devel/include/gtsam/nonlinear/DoglegOptimizer.h
-- Installing: /home/elliottwhite/turtlebot2_wss/laser_slam_ws/devel/include/gtsam/nonlinear/Values.h
-- Installing: /home/elliottwhite/turtlebot2_wss/laser_slam_ws/devel/include/gtsam/nonlinear/ISAM2.h
-- Installing: /home/elliottwhite/turtlebot2_wss/laser_slam_ws/devel/include/gtsam/nonlinear/Expression-inl.h
-- Installing: /home/elliottwhite/turtlebot2_wss/laser_slam_ws/devel/include/gtsam/nonlinear/Marginals.h
-- Installing: /home/elliottwhite/turtlebot2_wss/laser_slam_ws/devel/include/gtsam/nonlinear/NonlinearFactorGraph.h
-- Installing: /home/elliottwhite/turtlebot2_wss/laser_slam_ws/devel/include/gtsam/nonlinear/ISAM2-impl.h
-- Installing: /home/elliottwhite/turtlebot2_wss/laser_slam_ws/devel/include/gtsam/nonlinear/NonlinearConjugateGradientOptimizer.h
-- Installing: /home/elliottwhite/turtlebot2_wss/laser_slam_ws/devel/include/gtsam/nonlinear/ExtendedKalmanFilter.h
-- Installing: /home/elliottwhite/turtlebot2_wss/laser_slam_ws/devel/include/gtsam/nonlinear/AdaptAutoDiff.h
-- Installing: /home/elliottwhite/turtlebot2_wss/laser_slam_ws/devel/include/gtsam/nonlinear/LinearContainerFactor.h
-- Installing: /home/elliottwhite/turtlebot2_wss/laser_slam_ws/devel/include/gtsam/nonlinear/NonlinearOptimizer.h
-- Installing: /home/elliottwhite/turtlebot2_wss/laser_slam_ws/devel/include/gtsam/nonlinear/Values-inl.h
-- Installing: /home/elliottwhite/turtlebot2_wss/laser_slam_ws/devel/include/gtsam/nonlinear/Expression.h
-- Installing: /home/elliottwhite/turtlebot2_wss/laser_slam_ws/devel/include/gtsam/nonlinear/factorTesting.h
-- Installing: /home/elliottwhite/turtlebot2_wss/laser_slam_ws/devel/include/gtsam/nonlinear/NonlinearOptimizerParams.h
-- Installing: /home/elliottwhite/turtlebot2_wss/laser_slam_ws/devel/include/gtsam/nonlinear/ExpressionFactor.h
-- Installing: /home/elliottwhite/turtlebot2_wss/laser_slam_ws/devel/include/gtsam/nonlinear/ISAM2-inl.h
-- Installing: /home/elliottwhite/turtlebot2_wss/laser_slam_ws/devel/include/gtsam/nonlinear/Symbol.h
-- Installing: /home/elliottwhite/turtlebot2_wss/laser_slam_ws/devel/include/gtsam/nonlinear/GaussNewtonOptimizer.h
-- Installing: /home/elliottwhite/turtlebot2_wss/laser_slam_ws/devel/include/gtsam/nonlinear/NonlinearEquality.h
-- Installing: /home/elliottwhite/turtlebot2_wss/laser_slam_ws/devel/include/gtsam/nonlinear/WhiteNoiseFactor.h
-- Installing: /home/elliottwhite/turtlebot2_wss/laser_slam_ws/devel/include/gtsam/nonlinear/ExtendedKalmanFilter-inl.h
-- Installing: /home/elliottwhite/turtlebot2_wss/laser_slam_ws/devel/include/gtsam/nonlinear/nonlinearExceptions.h
-- Installing: /home/elliottwhite/turtlebot2_wss/laser_slam_ws/devel/include/gtsam/nonlinear/LevenbergMarquardtOptimizer.h
-- Installing: /home/elliottwhite/turtlebot2_wss/laser_slam_ws/devel/include/gtsam/nonlinear/NonlinearISAM.h
-- Installing: /home/elliottwhite/turtlebot2_wss/laser_slam_ws/devel/include/gtsam/nonlinear/DoglegOptimizerImpl.h
-- Installing: /home/elliottwhite/turtlebot2_wss/laser_slam_ws/devel/include/gtsam/nonlinear/NonlinearFactor.h
-- Installing: /home/elliottwhite/turtlebot2_wss/laser_slam_ws/devel/include/gtsam/nonlinear/expressions.h
-- Installing: /home/elliottwhite/turtlebot2_wss/laser_slam_ws/devel/include/gtsam/nonlinear/ExpressionFactorGraph.h
-- Installing: /home/elliottwhite/turtlebot2_wss/laser_slam_ws/devel/include/gtsam/nonlinear/internal/ExecutionTrace.h
-- Installing: /home/elliottwhite/turtlebot2_wss/laser_slam_ws/devel/include/gtsam/nonlinear/internal/CallRecord.h
-- Installing: /home/elliottwhite/turtlebot2_wss/laser_slam_ws/devel/include/gtsam/nonlinear/internal/ExpressionNode.h
-- Installing: /home/elliottwhite/turtlebot2_wss/laser_slam_ws/devel/include/gtsam/nonlinear/internal/JacobianMap.h
-- Installing: /home/elliottwhite/turtlebot2_wss/laser_slam_ws/devel/include/gtsam/slam/TriangulationFactor.h
-- Installing: /home/elliottwhite/turtlebot2_wss/laser_slam_ws/devel/include/gtsam/slam/JacobianFactorSVD.h
-- Installing: /home/elliottwhite/turtlebot2_wss/laser_slam_ws/devel/include/gtsam/slam/RegularImplicitSchurFactor.h
-- Installing: /home/elliottwhite/turtlebot2_wss/laser_slam_ws/devel/include/gtsam/slam/lago.h
-- Installing: /home/elliottwhite/turtlebot2_wss/laser_slam_ws/devel/include/gtsam/slam/StereoFactor.h
-- Installing: /home/elliottwhite/turtlebot2_wss/laser_slam_ws/devel/include/gtsam/slam/PoseRotationPrior.h
-- Installing: /home/elliottwhite/turtlebot2_wss/laser_slam_ws/devel/include/gtsam/slam/BetweenFactor.h
-- Installing: /home/elliottwhite/turtlebot2_wss/laser_slam_ws/devel/include/gtsam/slam/PoseTranslationPrior.h
-- Installing: /home/elliottwhite/turtlebot2_wss/laser_slam_ws/devel/include/gtsam/slam/SmartProjectionPoseFactor.h
-- Installing: /home/elliottwhite/turtlebot2_wss/laser_slam_ws/devel/include/gtsam/slam/ProjectionFactor.h
-- Installing: /home/elliottwhite/turtlebot2_wss/laser_slam_ws/devel/include/gtsam/slam/RangeFactor.h
-- Installing: /home/elliottwhite/turtlebot2_wss/laser_slam_ws/devel/include/gtsam/slam/PriorFactor.h
-- Installing: /home/elliottwhite/turtlebot2_wss/laser_slam_ws/devel/include/gtsam/slam/ReferenceFrameFactor.h
-- Installing: /home/elliottwhite/turtlebot2_wss/laser_slam_ws/devel/include/gtsam/slam/dataset.h
-- Installing: /home/elliottwhite/turtlebot2_wss/laser_slam_ws/devel/include/gtsam/slam/SmartProjectionFactor.h
-- Installing: /home/elliottwhite/turtlebot2_wss/laser_slam_ws/devel/include/gtsam/slam/SmartFactorBase.h
-- Installing: /home/elliottwhite/turtlebot2_wss/laser_slam_ws/devel/include/gtsam/slam/InitializePose3.h
-- Installing: /home/elliottwhite/turtlebot2_wss/laser_slam_ws/devel/include/gtsam/slam/GeneralSFMFactor.h
-- Installing: /home/elliottwhite/turtlebot2_wss/laser_slam_ws/devel/include/gtsam/slam/JacobianFactorQ.h
-- Installing: /home/elliottwhite/turtlebot2_wss/laser_slam_ws/devel/include/gtsam/slam/OrientedPlane3Factor.h
-- Installing: /home/elliottwhite/turtlebot2_wss/laser_slam_ws/devel/include/gtsam/slam/EssentialMatrixConstraint.h
-- Installing: /home/elliottwhite/turtlebot2_wss/laser_slam_ws/devel/include/gtsam/slam/AntiFactor.h
-- Installing: /home/elliottwhite/turtlebot2_wss/laser_slam_ws/devel/include/gtsam/slam/JacobianFactorQR.h
-- Installing: /home/elliottwhite/turtlebot2_wss/laser_slam_ws/devel/include/gtsam/slam/RotateFactor.h
-- Installing: /home/elliottwhite/turtlebot2_wss/laser_slam_ws/devel/include/gtsam/slam/BoundingConstraint.h
-- Installing: /home/elliottwhite/turtlebot2_wss/laser_slam_ws/devel/include/gtsam/slam/EssentialMatrixFactor.h
-- Installing: /home/elliottwhite/turtlebot2_wss/laser_slam_ws/devel/include/gtsam/slam/BearingFactor.h
-- Installing: /home/elliottwhite/turtlebot2_wss/laser_slam_ws/devel/include/gtsam/slam/BearingRangeFactor.h
-- Installing: /home/elliottwhite/turtlebot2_wss/laser_slam_ws/devel/include/gtsam/slam/expressions.h
-- Installing: /home/elliottwhite/turtlebot2_wss/laser_slam_ws/devel/include/gtsam/navigation/AHRSFactor.h
-- Installing: /home/elliottwhite/turtlebot2_wss/laser_slam_ws/devel/include/gtsam/navigation/ImuFactor.h
-- Installing: /home/elliottwhite/turtlebot2_wss/laser_slam_ws/devel/include/gtsam/navigation/ImuBias.h
-- Installing: /home/elliottwhite/turtlebot2_wss/laser_slam_ws/devel/include/gtsam/navigation/PreintegratedRotation.h
-- Installing: /home/elliottwhite/turtlebot2_wss/laser_slam_ws/devel/include/gtsam/navigation/MagFactor.h
-- Installing: /home/elliottwhite/turtlebot2_wss/laser_slam_ws/devel/include/gtsam/navigation/AttitudeFactor.h
-- Installing: /home/elliottwhite/turtlebot2_wss/laser_slam_ws/devel/include/gtsam/navigation/CombinedImuFactor.h
-- Installing: /home/elliottwhite/turtlebot2_wss/laser_slam_ws/devel/include/gtsam/navigation/PreintegrationBase.h
-- Installing: /home/elliottwhite/turtlebot2_wss/laser_slam_ws/devel/include/gtsam/navigation/ImuFactorBase.h
-- Installing: /home/elliottwhite/turtlebot2_wss/laser_slam_ws/devel/include/gtsam/navigation/GPSFactor.h
-- Installing: /home/elliottwhite/turtlebot2_wss/laser_slam_ws/devel/lib/libgtsam_unstable.so.4.0.0
-- Installing: /home/elliottwhite/turtlebot2_wss/laser_slam_ws/devel/lib/libgtsam_unstable.so.4
-- Installing: /home/elliottwhite/turtlebot2_wss/laser_slam_ws/devel/lib/libgtsam_unstable.so
-- Set runtime path of "/home/elliottwhite/turtlebot2_wss/laser_slam_ws/devel/lib/libgtsam_unstable.so.4.0.0" to ""
-- Installing: /home/elliottwhite/turtlebot2_wss/laser_slam_ws/devel/include/gtsam_unstable/base/dllexport.h
-- Installing: /home/elliottwhite/turtlebot2_wss/laser_slam_ws/devel/include/gtsam_unstable/base/DSF.h
-- Installing: /home/elliottwhite/turtlebot2_wss/laser_slam_ws/devel/include/gtsam_unstable/base/DSFMap.h
-- Installing: /home/elliottwhite/turtlebot2_wss/laser_slam_ws/devel/include/gtsam_unstable/base/FixedVector.h
-- Installing: /home/elliottwhite/turtlebot2_wss/laser_slam_ws/devel/include/gtsam_unstable/base/Dummy.h
-- Installing: /home/elliottwhite/turtlebot2_wss/laser_slam_ws/devel/include/gtsam_unstable/base/BTree.h
-- Installing: /home/elliottwhite/turtlebot2_wss/laser_slam_ws/devel/include/gtsam_unstable/geometry/SimPolygon2D.h
-- Installing: /home/elliottwhite/turtlebot2_wss/laser_slam_ws/devel/include/gtsam_unstable/geometry/BearingS2.h
-- Installing: /home/elliottwhite/turtlebot2_wss/laser_slam_ws/devel/include/gtsam_unstable/geometry/SimWall2D.h
-- Installing: /home/elliottwhite/turtlebot2_wss/laser_slam_ws/devel/include/gtsam_unstable/geometry/Pose3Upright.h
-- Installing: /home/elliottwhite/turtlebot2_wss/laser_slam_ws/devel/include/gtsam_unstable/geometry/InvDepthCamera3.h
-- Installing: /home/elliottwhite/turtlebot2_wss/laser_slam_ws/devel/include/gtsam_unstable/geometry/Event.h
-- Installing: /home/elliottwhite/turtlebot2_wss/laser_slam_ws/devel/include/gtsam_unstable/geometry/Similarity3.h
-- Installing: /home/elliottwhite/turtlebot2_wss/laser_slam_ws/devel/include/gtsam_unstable/linear/LinearEqualityFactorGraph.h
-- Installing: /home/elliottwhite/turtlebot2_wss/laser_slam_ws/devel/include/gtsam_unstable/linear/LinearEquality.h
-- Installing: /home/elliottwhite/turtlebot2_wss/laser_slam_ws/devel/include/gtsam_unstable/linear/LinearInequality.h
-- Installing: /home/elliottwhite/turtlebot2_wss/laser_slam_ws/devel/include/gtsam_unstable/linear/LinearInequalityFactorGraph.h
-- Installing: /home/elliottwhite/turtlebot2_wss/laser_slam_ws/devel/include/gtsam_unstable/linear/QPSolver.h
-- Installing: /home/elliottwhite/turtlebot2_wss/laser_slam_ws/devel/include/gtsam_unstable/linear/QP.h
-- Installing: /home/elliottwhite/turtlebot2_wss/laser_slam_ws/devel/include/gtsam_unstable/discrete/Scheduler.h
-- Installing: /home/elliottwhite/turtlebot2_wss/laser_slam_ws/devel/include/gtsam_unstable/discrete/SingleValue.h
-- Installing: /home/elliottwhite/turtlebot2_wss/laser_slam_ws/devel/include/gtsam_unstable/discrete/Domain.h
-- Installing: /home/elliottwhite/turtlebot2_wss/laser_slam_ws/devel/include/gtsam_unstable/discrete/CSP.h
-- Installing: /home/elliottwhite/turtlebot2_wss/laser_slam_ws/devel/include/gtsam_unstable/discrete/BinaryAllDiff.h
-- Installing: /home/elliottwhite/turtlebot2_wss/laser_slam_ws/devel/include/gtsam_unstable/discrete/AllDiff.h
-- Installing: /home/elliottwhite/turtlebot2_wss/laser_slam_ws/devel/include/gtsam_unstable/discrete/Constraint.h
-- Installing: /home/elliottwhite/turtlebot2_wss/laser_slam_ws/devel/include/gtsam_unstable/dynamics/DynamicsPriors.h
-- Installing: /home/elliottwhite/turtlebot2_wss/laser_slam_ws/devel/include/gtsam_unstable/dynamics/IMUFactor.h
-- Installing: /home/elliottwhite/turtlebot2_wss/laser_slam_ws/devel/include/gtsam_unstable/dynamics/VelocityConstraint3.h
-- Installing: /home/elliottwhite/turtlebot2_wss/laser_slam_ws/devel/include/gtsam_unstable/dynamics/PoseRTV.h
-- Installing: /home/elliottwhite/turtlebot2_wss/laser_slam_ws/devel/include/gtsam_unstable/dynamics/VelocityConstraint.h
-- Installing: /home/elliottwhite/turtlebot2_wss/laser_slam_ws/devel/include/gtsam_unstable/dynamics/Pendulum.h
-- Installing: /home/elliottwhite/turtlebot2_wss/laser_slam_ws/devel/include/gtsam_unstable/dynamics/SimpleHelicopter.h
-- Installing: /home/elliottwhite/turtlebot2_wss/laser_slam_ws/devel/include/gtsam_unstable/dynamics/FullIMUFactor.h
-- Installing: /home/elliottwhite/turtlebot2_wss/laser_slam_ws/devel/include/gtsam_unstable/nonlinear/FixedLagSmoother.h
-- Installing: /home/elliottwhite/turtlebot2_wss/laser_slam_ws/devel/include/gtsam_unstable/nonlinear/ConcurrentFilteringAndSmoothing.h
-- Installing: /home/elliottwhite/turtlebot2_wss/laser_slam_ws/devel/include/gtsam_unstable/nonlinear/ConcurrentIncrementalSmoother.h
-- Installing: /home/elliottwhite/turtlebot2_wss/laser_slam_ws/devel/include/gtsam_unstable/nonlinear/IncrementalFixedLagSmoother.h
-- Installing: /home/elliottwhite/turtlebot2_wss/laser_slam_ws/devel/include/gtsam_unstable/nonlinear/BatchFixedLagSmoother.h
-- Installing: /home/elliottwhite/turtlebot2_wss/laser_slam_ws/devel/include/gtsam_unstable/nonlinear/ConcurrentIncrementalFilter.h
-- Installing: /home/elliottwhite/turtlebot2_wss/laser_slam_ws/devel/include/gtsam_unstable/nonlinear/ConcurrentBatchFilter.h
-- Installing: /home/elliottwhite/turtlebot2_wss/laser_slam_ws/devel/include/gtsam_unstable/nonlinear/ConcurrentBatchSmoother.h
-- Installing: /home/elliottwhite/turtlebot2_wss/laser_slam_ws/devel/include/gtsam_unstable/nonlinear/LinearizedFactor.h
-- Installing: /home/elliottwhite/turtlebot2_wss/laser_slam_ws/devel/include/gtsam_unstable/slam/EquivInertialNavFactor_GlobalVel.h
-- Installing: /home/elliottwhite/turtlebot2_wss/laser_slam_ws/devel/include/gtsam_unstable/slam/InvDepthFactorVariant3.h
-- Installing: /home/elliottwhite/turtlebot2_wss/laser_slam_ws/devel/include/gtsam_unstable/slam/TransformBtwRobotsUnaryFactorEM.h
-- Installing: /home/elliottwhite/turtlebot2_wss/laser_slam_ws/devel/include/gtsam_unstable/slam/EquivInertialNavFactor_GlobalVel_NoBias.h
-- Installing: /home/elliottwhite/turtlebot2_wss/laser_slam_ws/devel/include/gtsam_unstable/slam/PoseBetweenFactor.h
-- Installing: /home/elliottwhite/turtlebot2_wss/laser_slam_ws/devel/include/gtsam_unstable/slam/TransformBtwRobotsUnaryFactor.h
-- Installing: /home/elliottwhite/turtlebot2_wss/laser_slam_ws/devel/include/gtsam_unstable/slam/InvDepthFactorVariant2.h
-- Installing: /home/elliottwhite/turtlebot2_wss/laser_slam_ws/devel/include/gtsam_unstable/slam/TSAMFactors.h
-- Installing: /home/elliottwhite/turtlebot2_wss/laser_slam_ws/devel/include/gtsam_unstable/slam/MultiProjectionFactor.h
-- Installing: /home/elliottwhite/turtlebot2_wss/laser_slam_ws/devel/include/gtsam_unstable/slam/PosePriorFactor.h
-- Installing: /home/elliottwhite/turtlebot2_wss/laser_slam_ws/devel/include/gtsam_unstable/slam/BiasedGPSFactor.h
-- Installing: /home/elliottwhite/turtlebot2_wss/laser_slam_ws/devel/include/gtsam_unstable/slam/GaussMarkov1stOrderFactor.h
-- Installing: /home/elliottwhite/turtlebot2_wss/laser_slam_ws/devel/include/gtsam_unstable/slam/InvDepthFactorVariant1.h
-- Installing: /home/elliottwhite/turtlebot2_wss/laser_slam_ws/devel/include/gtsam_unstable/slam/BetweenFactorEM.h
-- Installing: /home/elliottwhite/turtlebot2_wss/laser_slam_ws/devel/include/gtsam_unstable/slam/Mechanization_bRn2.h
-- Installing: /home/elliottwhite/turtlebot2_wss/laser_slam_ws/devel/include/gtsam_unstable/slam/TOAFactor.h
-- Installing: /home/elliottwhite/turtlebot2_wss/laser_slam_ws/devel/include/gtsam_unstable/slam/DummyFactor.h
-- Installing: /home/elliottwhite/turtlebot2_wss/laser_slam_ws/devel/include/gtsam_unstable/slam/AHRS.h
-- Installing: /home/elliottwhite/turtlebot2_wss/laser_slam_ws/devel/include/gtsam_unstable/slam/SmartStereoProjectionFactor.h
-- Installing: /home/elliottwhite/turtlebot2_wss/laser_slam_ws/devel/include/gtsam_unstable/slam/SmartStereoProjectionPoseFactor.h
-- Installing: /home/elliottwhite/turtlebot2_wss/laser_slam_ws/devel/include/gtsam_unstable/slam/PartialPriorFactor.h
-- Installing: /home/elliottwhite/turtlebot2_wss/laser_slam_ws/devel/include/gtsam_unstable/slam/InertialNavFactor_GlobalVelocity.h
-- Installing: /home/elliottwhite/turtlebot2_wss/laser_slam_ws/devel/include/gtsam_unstable/slam/SmartRangeFactor.h
-- Installing: /home/elliottwhite/turtlebot2_wss/laser_slam_ws/devel/include/gtsam_unstable/slam/ProjectionFactorPPPC.h
-- Installing: /home/elliottwhite/turtlebot2_wss/laser_slam_ws/devel/include/gtsam_unstable/slam/ProjectionFactorPPP.h
-- Installing: /home/elliottwhite/turtlebot2_wss/laser_slam_ws/devel/include/gtsam_unstable/slam/InvDepthFactor3.h
-- Installing: /home/elliottwhite/turtlebot2_wss/laser_slam_ws/devel/include/gtsam_unstable/slam/RelativeElevationFactor.h
-- Installing: /home/elliottwhite/turtlebot2_wss/laser_slam_ws/devel/lib/cmake/GTSAMCMakeTools/GTSAMCMakeToolsConfig.cmake
-- Installing: /home/elliottwhite/turtlebot2_wss/laser_slam_ws/devel/lib/cmake/GTSAMCMakeTools/Config.cmake.in
-- Installing: /home/elliottwhite/turtlebot2_wss/laser_slam_ws/devel/lib/cmake/GTSAMCMakeTools/dllexport.h.in
-- Installing: /home/elliottwhite/turtlebot2_wss/laser_slam_ws/devel/lib/cmake/GTSAMCMakeTools/GtsamBuildTypes.cmake
-- Installing: /home/elliottwhite/turtlebot2_wss/laser_slam_ws/devel/lib/cmake/GTSAMCMakeTools/GtsamMakeConfigFile.cmake
-- Installing: /home/elliottwhite/turtlebot2_wss/laser_slam_ws/devel/lib/cmake/GTSAMCMakeTools/GtsamMatlabWrap.cmake
-- Installing: /home/elliottwhite/turtlebot2_wss/laser_slam_ws/devel/lib/cmake/GTSAMCMakeTools/GtsamPythonWrap.cmake
-- Installing: /home/elliottwhite/turtlebot2_wss/laser_slam_ws/devel/lib/cmake/GTSAMCMakeTools/GtsamTesting.cmake
-- Installing: /home/elliottwhite/turtlebot2_wss/laser_slam_ws/devel/lib/cmake/GTSAMCMakeTools/README.html
