Determining if the pthread_create exist failed with the following output:
Change Dir: /home/elliottwhite/turtlebot2_wss/turtlebot_interaction/build/CMakeFiles/CMakeTmp

Run Build Command:"/usr/bin/make" "cmTC_120fe/fast"
/usr/bin/make -f CMakeFiles/cmTC_120fe.dir/build.make CMakeFiles/cmTC_120fe.dir/build
make[1]: Entering directory '/home/elliottwhite/turtlebot2_wss/turtlebot_interaction/build/CMakeFiles/CMakeTmp'
Building C object CMakeFiles/cmTC_120fe.dir/CheckSymbolExists.c.o
/usr/bin/cc     -o CMakeFiles/cmTC_120fe.dir/CheckSymbolExists.c.o   -c /home/elliottwhite/turtlebot2_wss/turtlebot_interaction/build/CMakeFiles/CMakeTmp/CheckSymbolExists.c
Linking C executable cmTC_120fe
/usr/bin/cmake -E cmake_link_script CMakeFiles/cmTC_120fe.dir/link.txt --verbose=1
/usr/bin/cc       CMakeFiles/cmTC_120fe.dir/CheckSymbolExists.c.o  -o cmTC_120fe -rdynamic 
CMakeFiles/cmTC_120fe.dir/CheckSymbolExists.c.o: In function `main':
CheckSymbolExists.c:(.text+0x16): undefined reference to `pthread_create'
collect2: error: ld returned 1 exit status
CMakeFiles/cmTC_120fe.dir/build.make:97: recipe for target 'cmTC_120fe' failed
make[1]: *** [cmTC_120fe] Error 1
make[1]: Leaving directory '/home/elliottwhite/turtlebot2_wss/turtlebot_interaction/build/CMakeFiles/CMakeTmp'
Makefile:126: recipe for target 'cmTC_120fe/fast' failed
make: *** [cmTC_120fe/fast] Error 2

File /home/elliottwhite/turtlebot2_wss/turtlebot_interaction/build/CMakeFiles/CMakeTmp/CheckSymbolExists.c:
/* */
#include <pthread.h>

int main(int argc, char** argv)
{
  (void)argv;
#ifndef pthread_create
  return ((int*)(&pthread_create))[argc];
#else
  (void)argc;
  return 0;
#endif
}

Determining if the function pthread_create exists in the pthreads failed with the following output:
Change Dir: /home/elliottwhite/turtlebot2_wss/turtlebot_interaction/build/CMakeFiles/CMakeTmp

Run Build Command:"/usr/bin/make" "cmTC_06688/fast"
/usr/bin/make -f CMakeFiles/cmTC_06688.dir/build.make CMakeFiles/cmTC_06688.dir/build
make[1]: Entering directory '/home/elliottwhite/turtlebot2_wss/turtlebot_interaction/build/CMakeFiles/CMakeTmp'
Building C object CMakeFiles/cmTC_06688.dir/CheckFunctionExists.c.o
/usr/bin/cc    -DCHECK_FUNCTION_EXISTS=pthread_create   -o CMakeFiles/cmTC_06688.dir/CheckFunctionExists.c.o   -c /usr/share/cmake-3.5/Modules/CheckFunctionExists.c
Linking C executable cmTC_06688
/usr/bin/cmake -E cmake_link_script CMakeFiles/cmTC_06688.dir/link.txt --verbose=1
/usr/bin/cc   -DCHECK_FUNCTION_EXISTS=pthread_create    CMakeFiles/cmTC_06688.dir/CheckFunctionExists.c.o  -o cmTC_06688 -rdynamic -lpthreads 
/usr/bin/ld: cannot find -lpthreads
collect2: error: ld returned 1 exit status
CMakeFiles/cmTC_06688.dir/build.make:97: recipe for target 'cmTC_06688' failed
make[1]: *** [cmTC_06688] Error 1
make[1]: Leaving directory '/home/elliottwhite/turtlebot2_wss/turtlebot_interaction/build/CMakeFiles/CMakeTmp'
Makefile:126: recipe for target 'cmTC_06688/fast' failed
make: *** [cmTC_06688/fast] Error 2


