** WARNING ** io features related to openni2 will be disabled
** WARNING ** io features related to ensenso will be disabled
** WARNING ** io features related to davidSDK will be disabled
** WARNING ** io features related to dssdk will be disabled
** WARNING ** io features related to pcap will be disabled
** WARNING ** io features related to png will be disabled
** WARNING ** io features related to libusb-1.0 will be disabled
** WARNING ** visualization features related to openni2 will be disabled
** WARNING ** visualization features related to ensenso will be disabled
** WARNING ** visualization features related to davidSDK will be disabled
** WARNING ** visualization features related to dssdk will be disabled
** WARNING ** visualization features related to rssdk will be disabled
[33m[1mCMake Warning[0m at /home/elliottwhite/turtlebot2_wss/laser_slam_ws/src/tradr-laser-slam/laser_slam_ros/laser_mapper/CMakeLists.txt:24 (add_executable):
  Cannot generate a safe runtime search path for target laser_mapper_node
  because files in some directories may conflict with libraries in implicit
  directories:

    runtime library [libpython2.7.so.1.0] in /usr/lib/x86_64-linux-gnu may be hidden by files in:
      /usr/local/lib

  Some of these libraries may not be found correctly.


[33m[1mCMake Warning[0m at /home/elliottwhite/turtlebot2_wss/laser_slam_ws/devel/share/catkin_simple/cmake/catkin_simple-extras.cmake:150 (add_library):
  Cannot generate a safe runtime search path for target laser_mapper because
  files in some directories may conflict with libraries in implicit
  directories:

    runtime library [libpython2.7.so.1.0] in /usr/lib/x86_64-linux-gnu may be hidden by files in:
      /usr/local/lib

  Some of these libraries may not be found correctly.
[36mCall Stack (most recent call first):[0m
  CMakeLists.txt:19 (cs_add_library)


