Not searching for unused variables given on the command line.
[36m--[0m The C compiler identification is GNU 5.4.0
[36m--[0m The CXX compiler identification is GNU 5.4.0
[36m--[0m Check for working C compiler: /usr/bin/cc
[36m--[0m Check for working C compiler: /usr/bin/cc -- works
[36m--[0m Detecting C compiler ABI info
[36m--[0m Detecting C compiler ABI info - done
[36m--[0m Detecting C compile features
[36m--[0m Detecting C compile features - done
[36m--[0m Check for working CXX compiler: /usr/bin/c++
[36m--[0m Check for working CXX compiler: /usr/bin/c++ -- works
[36m--[0m Detecting CXX compiler ABI info
[36m--[0m Detecting CXX compiler ABI info - done
[36m--[0m Detecting CXX compile features
[36m--[0m Detecting CXX compile features - done
[36m--[0m Using CATKIN_DEVEL_PREFIX: /home/elliottwhite/turtlebot2_wss/laser_slam_ws/devel
[36m--[0m Using CMAKE_PREFIX_PATH: /home/elliottwhite/turtlebot2_wss/laser_slam_ws/devel;/home/elliottwhite/proj515_ws/devel;/opt/ros/kinetic
[36m--[0m This workspace overlays: /home/elliottwhite/turtlebot2_wss/laser_slam_ws/devel;/home/elliottwhite/proj515_ws/devel;/opt/ros/kinetic
[36m--[0m Found PythonInterp: /usr/bin/python (found version "2.7.12")
[36m--[0m Using PYTHON_EXECUTABLE: /usr/bin/python
[36m--[0m Using Debian Python package layout
[36m--[0m Using empy: /usr/bin/empy
[36m--[0m Using CATKIN_ENABLE_TESTING: ON
[36m--[0m Call enable_testing()
[36m--[0m Using CATKIN_TEST_RESULTS_DIR: /home/elliottwhite/turtlebot2_wss/laser_slam_ws/build/laser_mapper/test_results
[36m--[0m Found gmock sources under '/usr/src/gmock': gmock will be built
[36m--[0m Looking for pthread.h
[36m--[0m Looking for pthread.h - found
[36m--[0m Looking for pthread_create
[36m--[0m Looking for pthread_create - not found
[36m--[0m Looking for pthread_create in pthreads
[36m--[0m Looking for pthread_create in pthreads - not found
[36m--[0m Looking for pthread_create in pthread
[36m--[0m Looking for pthread_create in pthread - found
[36m--[0m Found Threads: TRUE
[36m--[0m Found gtest sources under '/usr/src/gmock': gtests will be built
[36m--[0m Using Python nosetests: /usr/bin/nosetests-2.7
[36m--[0m catkin 0.7.14
[36m--[0m Checking for module 'eigen3'
[36m--[0m   Found eigen3, version 3.2.92
[36m--[0m Found eigen: /usr/include/eigen3
[36m--[0m Boost version: 1.58.0
[36m--[0m Found the following Boost libraries:
[36m--[0m   system
[36m--[0m   filesystem
[36m--[0m   thread
[36m--[0m   date_time
[36m--[0m   iostreams
[36m--[0m   serialization
[36m--[0m   chrono
[36m--[0m   atomic
[36m--[0m   regex
[36m--[0m Checking for module 'libopenni'
[36m--[0m   Found libopenni, version 1.5.4.0
[36m--[0m Found openni: /usr/lib/libOpenNI.so
[36m--[0m Checking for module 'libopenni2'
[36m--[0m   No package 'libopenni2' found
[36m--[0m Could NOT find OpenNI2 (missing:  OPENNI2_LIBRARY OPENNI2_INCLUDE_DIRS)
** WARNING ** io features related to openni2 will be disabled
[36m--[0m Could NOT find ensenso (missing:  ENSENSO_LIBRARY ENSENSO_INCLUDE_DIR)
** WARNING ** io features related to ensenso will be disabled
[36m--[0m Could NOT find DAVIDSDK (missing:  DAVIDSDK_LIBRARY DAVIDSDK_INCLUDE_DIR)
** WARNING ** io features related to davidSDK will be disabled
[36m--[0m Could NOT find DSSDK (missing:  _DSSDK_LIBRARIES)
** WARNING ** io features related to dssdk will be disabled
** WARNING ** io features related to pcap will be disabled
** WARNING ** io features related to png will be disabled
[36m--[0m The imported target "vtkRenderingPythonTkWidgets" references the file
   "/usr/lib/x86_64-linux-gnu/libvtkRenderingPythonTkWidgets.so"
but this file does not exist.  Possible reasons include:
* The file was deleted, renamed, or moved to another location.
* An install or uninstall procedure did not complete successfully.
* The installation package was faulty and contained
   "/usr/lib/cmake/vtk-6.2/VTKTargets.cmake"
but not all the files it references.

[36m--[0m The imported target "vtk" references the file
   "/usr/bin/vtk"
but this file does not exist.  Possible reasons include:
* The file was deleted, renamed, or moved to another location.
* An install or uninstall procedure did not complete successfully.
* The installation package was faulty and contained
   "/usr/lib/cmake/vtk-6.2/VTKTargets.cmake"
but not all the files it references.

[36m--[0m Found libusb-1.0: /usr/include
** WARNING ** io features related to libusb-1.0 will be disabled
[36m--[0m Checking for module 'flann'
[36m--[0m   Found flann, version 1.8.4
[36m--[0m Found Flann: /usr/lib/x86_64-linux-gnu/libflann_cpp_s.a
[36m--[0m Found qhull: /usr/lib/x86_64-linux-gnu/libqhull.so
[36m--[0m Checking for module 'libopenni2'
[36m--[0m   No package 'libopenni2' found
[36m--[0m Could NOT find OpenNI2 (missing:  OPENNI2_LIBRARY OPENNI2_INCLUDE_DIRS)
** WARNING ** visualization features related to openni2 will be disabled
[36m--[0m Could NOT find ensenso (missing:  ENSENSO_LIBRARY ENSENSO_INCLUDE_DIR)
** WARNING ** visualization features related to ensenso will be disabled
[36m--[0m Could NOT find DAVIDSDK (missing:  DAVIDSDK_LIBRARY DAVIDSDK_INCLUDE_DIR)
** WARNING ** visualization features related to davidSDK will be disabled
[36m--[0m Could NOT find DSSDK (missing:  _DSSDK_LIBRARIES)
** WARNING ** visualization features related to dssdk will be disabled
[36m--[0m Could NOT find RSSDK (missing:  _RSSDK_LIBRARIES)
** WARNING ** visualization features related to rssdk will be disabled
[36m--[0m looking for PCL_COMMON
[36m--[0m Found PCL_COMMON: /usr/local/lib/libpcl_common.so
[36m--[0m looking for PCL_OCTREE
[36m--[0m Found PCL_OCTREE: /usr/local/lib/libpcl_octree.so
[36m--[0m looking for PCL_IO
[36m--[0m Found PCL_IO: /usr/local/lib/libpcl_io.so
[36m--[0m looking for PCL_KDTREE
[36m--[0m Found PCL_KDTREE: /usr/local/lib/libpcl_kdtree.so
[36m--[0m looking for PCL_SEARCH
[36m--[0m Found PCL_SEARCH: /usr/local/lib/libpcl_search.so
[36m--[0m looking for PCL_SAMPLE_CONSENSUS
[36m--[0m Found PCL_SAMPLE_CONSENSUS: /usr/local/lib/libpcl_sample_consensus.so
[36m--[0m looking for PCL_FILTERS
[36m--[0m Found PCL_FILTERS: /usr/local/lib/libpcl_filters.so
[36m--[0m looking for PCL_2D
[36m--[0m Found PCL_2D: /usr/local/include/pcl-1.8
[36m--[0m looking for PCL_FEATURES
[36m--[0m Found PCL_FEATURES: /usr/local/lib/libpcl_features.so
[36m--[0m looking for PCL_GEOMETRY
[36m--[0m Found PCL_GEOMETRY: /usr/local/include/pcl-1.8
[36m--[0m looking for PCL_KEYPOINTS
[36m--[0m Found PCL_KEYPOINTS: /usr/local/lib/libpcl_keypoints.so
[36m--[0m looking for PCL_SURFACE
[36m--[0m Found PCL_SURFACE: /usr/local/lib/libpcl_surface.so
[36m--[0m looking for PCL_REGISTRATION
[36m--[0m Found PCL_REGISTRATION: /usr/local/lib/libpcl_registration.so
[36m--[0m looking for PCL_ML
[36m--[0m Found PCL_ML: /usr/local/lib/libpcl_ml.so
[36m--[0m looking for PCL_SEGMENTATION
[36m--[0m Found PCL_SEGMENTATION: /usr/local/lib/libpcl_segmentation.so
[36m--[0m looking for PCL_RECOGNITION
[36m--[0m Found PCL_RECOGNITION: /usr/local/lib/libpcl_recognition.so
[36m--[0m looking for PCL_VISUALIZATION
[36m--[0m Found PCL_VISUALIZATION: /usr/local/lib/libpcl_visualization.so
[36m--[0m looking for PCL_PEOPLE
[36m--[0m Found PCL_PEOPLE: /usr/local/lib/libpcl_people.so
[36m--[0m looking for PCL_OUTOFCORE
[36m--[0m Found PCL_OUTOFCORE: /usr/local/lib/libpcl_outofcore.so
[36m--[0m looking for PCL_TRACKING
[36m--[0m Found PCL_TRACKING: /usr/local/lib/libpcl_tracking.so
[36m--[0m looking for PCL_STEREO
[36m--[0m Found PCL_STEREO: /usr/local/lib/libpcl_stereo.so
[36m--[0m Found PCL: /usr/lib/x86_64-linux-gnu/libboost_system.so;/usr/lib/x86_64-linux-gnu/libboost_filesystem.so;/usr/lib/x86_64-linux-gnu/libboost_thread.so;/usr/lib/x86_64-linux-gnu/libboost_date_time.so;/usr/lib/x86_64-linux-gnu/libboost_iostreams.so;/usr/lib/x86_64-linux-gnu/libboost_serialization.so;/usr/lib/x86_64-linux-gnu/libboost_chrono.so;/usr/lib/x86_64-linux-gnu/libboost_atomic.so;/usr/lib/x86_64-linux-gnu/libboost_regex.so;/usr/lib/x86_64-linux-gnu/libpthread.so;optimized;/usr/local/lib/libpcl_common.so;debug;/usr/local/lib/libpcl_common.so;optimized;/usr/local/lib/libpcl_octree.so;debug;/usr/local/lib/libpcl_octree.so;/usr/lib/libOpenNI.so;/usr/lib/x86_64-linux-gnu/libtiff.so;/usr/lib/x86_64-linux-gnu/libjpeg.so;/usr/lib/x86_64-linux-gnu/libz.so;vtkParallelMPI4Py;vtkParallelMPI;vtkParallelCore;vtkCommonCore;vtksys;vtkIOLegacy;vtkCommonDataModel;vtkCommonMath;vtkCommonMisc;vtkCommonSystem;vtkCommonTransforms;vtkIOCore;vtkCommonExecutionModel;/usr/lib/x86_64-linux-gnu/libpython2.7.so;vtkftgl;/usr/lib/x86_64-linux-gnu/libfreetype.so;vtkGUISupportQtWebkit;vtkViewsQt;vtkGUISupportQt;vtkFiltersExtraction;vtkFiltersCore;vtkFiltersGeneral;vtkCommonComputationalGeometry;vtkFiltersStatistics;vtkImagingFourier;vtkImagingCore;vtkalglib;vtkInteractionStyle;vtkFiltersSources;vtkRenderingCore;vtkCommonColor;vtkFiltersGeometry;vtkRenderingOpenGL;vtkImagingHybrid;vtkIOImage;vtkDICOMParser;vtkmetaio;/usr/lib/x86_64-linux-gnu/libpng.so;vtkViewsInfovis;vtkChartsCore;vtkInfovisCore;vtkRenderingContext2D;vtkRenderingFreeType;vtkFiltersImaging;vtkImagingGeneral;vtkImagingSources;vtkFiltersModeling;vtkInfovisLayout;vtkRenderingLabel;vtkViewsCore;vtkInteractionWidgets;vtkFiltersHybrid;vtkRenderingAnnotation;vtkImagingColor;vtkRenderingVolume;vtkFiltersFlowPaths;vtkIOInfovis;vtkIOXML;vtkIOGeometry;/usr/lib/x86_64-linux-gnu/libjsoncpp.so;vtkIOXMLParser;/usr/lib/x86_64-linux-gnu/libexpat.so;/usr/lib/x86_64-linux-gnu/libxml2.so;vtkTestingIOSQL;vtkIOSQL;sqlite3;vtkIONetCDF;/usr/lib/x86_64-linux-gnu/libnetcdf_c++.so;/usr/lib/x86_64-linux-gnu/libnetcdf.so;/usr/lib/x86_64-linux-gnu/hdf5/openmpi/lib/libhdf5.so;/usr/lib/x86_64-linux-gnu/libsz.so;/usr/lib/x86_64-linux-gnu/libdl.so;/usr/lib/x86_64-linux-gnu/libm.so;/usr/lib/x86_64-linux-gnu/hdf5/openmpi/lib/libhdf5_hl.so;/usr/lib/openmpi/lib/libmpi.so;vtkIOAMR;vtkFiltersAMR;vtkIOPLY;vtkFiltersHyperTree;vtkFiltersProgrammable;vtkRenderingFreeTypeOpenGL;vtkFiltersSMP;vtkRenderingMatplotlib;vtkPythonInterpreter;vtkWrappingPythonCore;vtkWrappingTools;vtkIOParallelExodus;vtkIOExodus;vtkexoIIc;vtkFiltersTexture;/usr/lib/libgl2ps.so;vtkInfovisBoostGraphAlgorithms;vtkIOMySQL;vtkDomainsChemistry;vtkFiltersParallelGeometry;vtkRenderingContextOpenGL;vtkRenderingQt;vtkTestingGenericBridge;vtkImagingStatistics;vtkIOVPIC;VPIC;vtkIOMPIImage;vtkIOParallelLSDyna;vtkIOLSDyna;vtkInteractionImage;vtkFiltersGeneric;vtkRenderingFreeTypeFontConfig;vtkFiltersParallelFlowPaths;vtkGUISupportQtSQL;vtkIOEnSight;vtkRenderingLOD;vtkGUISupportQtOpenGL;vtkFiltersReebGraph;vtkImagingMath;vtkTestingRendering;vtkRenderingVolumeOpenGL;vtkIOExport;vtkRenderingGL2PS;vtkIOODBC;vtkFiltersParallelImaging;vtkFiltersParallel;vtkRenderingExternal;vtkFiltersVerdict;verdict;/usr/lib/x86_64-linux-gnu/libtheoraenc.so;/usr/lib/x86_64-linux-gnu/libtheoradec.so;/usr/lib/x86_64-linux-gnu/libogg.so;vtkIOVideo;vtkIOGeoJSON;vtkWrappingJava;vtkIOImport;vtkproj4;vtkIOParallelXML;vtkFiltersParallelStatistics;vtkIOXdmf2;vtkxdmf2;vtkFiltersPython;vtkImagingStencil;vtkRenderingParallel;vtkLocalExample;vtkIOParallel;vtkGeovisCore;vtkIOParallelNetCDF;vtkViewsGeovis;vtkViewsContext2D;vtkFiltersParallelMPI;vtkImagingMorphological;vtkIOMPIParallel;vtkIOMovie;vtkIOFFMPEG;vtkFiltersSelection;vtkIOMINC;vtkIOGDAL;vtkRenderingImage;vtkIOPostgreSQL;vtkRenderingParallelLIC;vtkRenderingLIC;optimized;/usr/local/lib/libpcl_io.so;debug;/usr/local/lib/libpcl_io.so;optimized;/usr/lib/x86_64-linux-gnu/libflann_cpp_s.a;debug;/usr/lib/x86_64-linux-gnu/libflann_cpp_s.a;optimized;/usr/local/lib/libpcl_kdtree.so;debug;/usr/local/lib/libpcl_kdtree.so;optimized;/usr/local/lib/libpcl_search.so;debug;/usr/local/lib/libpcl_search.so;optimized;/usr/local/lib/libpcl_sample_consensus.so;debug;/usr/local/lib/libpcl_sample_consensus.so;optimized;/usr/local/lib/libpcl_filters.so;debug;/usr/local/lib/libpcl_filters.so;optimized;/usr/local/lib/libpcl_features.so;debug;/usr/local/lib/libpcl_features.so;optimized;/usr/local/lib/libpcl_keypoints.so;debug;/usr/local/lib/libpcl_keypoints.so;optimized;/usr/lib/x86_64-linux-gnu/libqhull.so;debug;/usr/lib/x86_64-linux-gnu/libqhull.so;optimized;/usr/local/lib/libpcl_surface.so;debug;/usr/local/lib/libpcl_surface.so;optimized;/usr/local/lib/libpcl_registration.so;debug;/usr/local/lib/libpcl_registration.so;optimized;/usr/local/lib/libpcl_ml.so;debug;/usr/local/lib/libpcl_ml.so;optimized;/usr/local/lib/libpcl_segmentation.so;debug;/usr/local/lib/libpcl_segmentation.so;optimized;/usr/local/lib/libpcl_recognition.so;debug;/usr/local/lib/libpcl_recognition.so;optimized;/usr/local/lib/libpcl_visualization.so;debug;/usr/local/lib/libpcl_visualization.so;optimized;/usr/local/lib/libpcl_people.so;debug;/usr/local/lib/libpcl_people.so;optimized;/usr/local/lib/libpcl_outofcore.so;debug;/usr/local/lib/libpcl_outofcore.so;optimized;/usr/local/lib/libpcl_tracking.so;debug;/usr/local/lib/libpcl_tracking.so;optimized;/usr/local/lib/libpcl_stereo.so;debug;/usr/local/lib/libpcl_stereo.so;/usr/lib/x86_64-linux-gnu/libboost_system.so;/usr/lib/x86_64-linux-gnu/libboost_filesystem.so;/usr/lib/x86_64-linux-gnu/libboost_thread.so;/usr/lib/x86_64-linux-gnu/libboost_date_time.so;/usr/lib/x86_64-linux-gnu/libboost_iostreams.so;/usr/lib/x86_64-linux-gnu/libboost_serialization.so;/usr/lib/x86_64-linux-gnu/libboost_chrono.so;/usr/lib/x86_64-linux-gnu/libboost_atomic.so;/usr/lib/x86_64-linux-gnu/libboost_regex.so;/usr/lib/x86_64-linux-gnu/libpthread.so;optimized;/usr/lib/x86_64-linux-gnu/libqhull.so;debug;/usr/lib/x86_64-linux-gnu/libqhull.so;/usr/lib/libOpenNI.so;optimized;/usr/lib/x86_64-linux-gnu/libflann_cpp_s.a;debug;/usr/lib/x86_64-linux-gnu/libflann_cpp_s.a;/usr/lib/x86_64-linux-gnu/libtiff.so;/usr/lib/x86_64-linux-gnu/libjpeg.so;/usr/lib/x86_64-linux-gnu/libz.so;vtkParallelMPI4Py;vtkParallelMPI;vtkParallelCore;vtkCommonCore;vtksys;vtkIOLegacy;vtkCommonDataModel;vtkCommonMath;vtkCommonMisc;vtkCommonSystem;vtkCommonTransforms;vtkIOCore;vtkCommonExecutionModel;/usr/lib/x86_64-linux-gnu/libpython2.7.so;vtkftgl;/usr/lib/x86_64-linux-gnu/libfreetype.so;vtkGUISupportQtWebkit;vtkViewsQt;vtkGUISupportQt;vtkFiltersExtraction;vtkFiltersCore;vtkFiltersGeneral;vtkCommonComputationalGeometry;vtkFiltersStatistics;vtkImagingFourier;vtkImagingCore;vtkalglib;vtkInteractionStyle;vtkFiltersSources;vtkRenderingCore;vtkCommonColor;vtkFiltersGeometry;vtkRenderingOpenGL;vtkImagingHybrid;vtkIOImage;vtkDICOMParser;vtkmetaio;/usr/lib/x86_64-linux-gnu/libpng.so;vtkViewsInfovis;vtkChartsCore;vtkInfovisCore;vtkRenderingContext2D;vtkRenderingFreeType;vtkFiltersImaging;vtkImagingGeneral;vtkImagingSources;vtkFiltersModeling;vtkInfovisLayout;vtkRenderingLabel;vtkViewsCore;vtkInteractionWidgets;vtkFiltersHybrid;vtkRenderingAnnotation;vtkImagingColor;vtkRenderingVolume;vtkFiltersFlowPaths;vtkIOInfovis;vtkIOXML;vtkIOGeometry;/usr/lib/x86_64-linux-gnu/libjsoncpp.so;vtkIOXMLParser;/usr/lib/x86_64-linux-gnu/libexpat.so;/usr/lib/x86_64-linux-gnu/libxml2.so;vtkTestingIOSQL;vtkIOSQL;sqlite3;vtkIONetCDF;/usr/lib/x86_64-linux-gnu/libnetcdf_c++.so;/usr/lib/x86_64-linux-gnu/libnetcdf.so;/usr/lib/x86_64-linux-gnu/hdf5/openmpi/lib/libhdf5.so;/usr/lib/x86_64-linux-gnu/libsz.so;/usr/lib/x86_64-linux-gnu/libdl.so;/usr/lib/x86_64-linux-gnu/libm.so;/usr/lib/x86_64-linux-gnu/hdf5/openmpi/lib/libhdf5_hl.so;/usr/lib/openmpi/lib/libmpi.so;vtkIOAMR;vtkFiltersAMR;vtkIOPLY;vtkFiltersHyperTree;vtkFiltersProgrammable;vtkRenderingFreeTypeOpenGL;vtkFiltersSMP;vtkRenderingMatplotlib;vtkPythonInterpreter;vtkWrappingPythonCore;vtkWrappingTools;vtkIOParallelExodus;vtkIOExodus;vtkexoIIc;vtkFiltersTexture;/usr/lib/libgl2ps.so;vtkInfovisBoostGraphAlgorithms;vtkIOMySQL;vtkDomainsChemistry;vtkFiltersParallelGeometry;vtkRenderingContextOpenGL;vtkRenderingQt;vtkTestingGenericBridge;vtkImagingStatistics;vtkIOVPIC;VPIC;vtkIOMPIImage;vtkIOParallelLSDyna;vtkIOLSDyna;vtkInteractionImage;vtkFiltersGeneric;vtkRenderingFreeTypeFontConfig;vtkFiltersParallelFlowPaths;vtkGUISupportQtSQL;vtkIOEnSight;vtkRenderingLOD;vtkGUISupportQtOpenGL;vtkFiltersReebGraph;vtkImagingMath;vtkTestingRendering;vtkRenderingVolumeOpenGL;vtkIOExport;vtkRenderingGL2PS;vtkIOODBC;vtkFiltersParallelImaging;vtkFiltersParallel;vtkRenderingExternal;vtkFiltersVerdict;verdict;/usr/lib/x86_64-linux-gnu/libtheoraenc.so;/usr/lib/x86_64-linux-gnu/libtheoradec.so;/usr/lib/x86_64-linux-gnu/libogg.so;vtkIOVideo;vtkIOGeoJSON;vtkWrappingJava;vtkIOImport;vtkproj4;vtkIOParallelXML;vtkFiltersParallelStatistics;vtkIOXdmf2;vtkxdmf2;vtkFiltersPython;vtkImagingStencil;vtkRenderingParallel;vtkLocalExample;vtkIOParallel;vtkGeovisCore;vtkIOParallelNetCDF;vtkViewsGeovis;vtkViewsContext2D;vtkFiltersParallelMPI;vtkImagingMorphological;vtkIOMPIParallel;vtkIOMovie;vtkIOFFMPEG;vtkFiltersSelection;vtkIOMINC;vtkIOGDAL;vtkRenderingImage;vtkIOPostgreSQL;vtkRenderingParallelLIC;vtkRenderingLIC
[36m--[0m GTSAM include directory:  /home/elliottwhite/turtlebot2_wss/laser_slam_ws/devel/lib/cmake/GTSAM/../../../include;/usr/include;/usr/include/eigen3
[36m--[0m Using these message generators: gencpp;geneus;genlisp;gennodejs;genpy
[36m--[0m laser_mapper: 0 messages, 7 services
[36m--[0m Boost version: 1.58.0
[36m--[0m Found the following Boost libraries:
[36m--[0m   system
[36m--[0m   thread
[36m--[0m   chrono
[36m--[0m   date_time
[36m--[0m   atomic
[36m--[0m Marking SHARED_LIBRARY "laser_mapper" of package "laser_mapper" for installation
[36m--[0m Marking HEADER FILES in "include" folder of package "laser_mapper" for installation
[36m--[0m Marking SHARED CONTENT FOLDER "launch" of package "laser_mapper" for installation
[36m--[0m Configuring done
[33m[1mCMake Warning[0m at /home/elliottwhite/turtlebot2_wss/laser_slam_ws/src/tradr-laser-slam/laser_slam_ros/laser_mapper/CMakeLists.txt:24 (add_executable):
  Cannot generate a safe runtime search path for target laser_mapper_node
  because files in some directories may conflict with libraries in implicit
  directories:

    runtime library [libpython2.7.so.1.0] in /usr/lib/x86_64-linux-gnu may be hidden by files in:
      /usr/local/lib

  Some of these libraries may not be found correctly.


[33m[1mCMake Warning[0m at /home/elliottwhite/turtlebot2_wss/laser_slam_ws/devel/share/catkin_simple/cmake/catkin_simple-extras.cmake:150 (add_library):
  Cannot generate a safe runtime search path for target laser_mapper because
  files in some directories may conflict with libraries in implicit
  directories:

    runtime library [libpython2.7.so.1.0] in /usr/lib/x86_64-linux-gnu may be hidden by files in:
      /usr/local/lib

  Some of these libraries may not be found correctly.
[36mCall Stack (most recent call first):[0m
  CMakeLists.txt:19 (cs_add_library)


[36m--[0m Generating done
[36m--[0m Build files have been written to: /home/elliottwhite/turtlebot2_wss/laser_slam_ws/build/laser_mapper
