Determining if the pthread_create exist failed with the following output:
Change Dir: /home/elliottwhite/turtlebot2_wss/laser_slam_ws/build/gflags_catkin/CMakeFiles/CMakeTmp

Run Build Command:"/usr/bin/make" "cmTC_3cd3a/fast"
/usr/bin/make -f CMakeFiles/cmTC_3cd3a.dir/build.make CMakeFiles/cmTC_3cd3a.dir/build
make[1]: Entering directory '/home/elliottwhite/turtlebot2_wss/laser_slam_ws/build/gflags_catkin/CMakeFiles/CMakeTmp'
Building C object CMakeFiles/cmTC_3cd3a.dir/CheckSymbolExists.c.o
/usr/bin/cc     -o CMakeFiles/cmTC_3cd3a.dir/CheckSymbolExists.c.o   -c /home/elliottwhite/turtlebot2_wss/laser_slam_ws/build/gflags_catkin/CMakeFiles/CMakeTmp/CheckSymbolExists.c
Linking C executable cmTC_3cd3a
/usr/bin/cmake -E cmake_link_script CMakeFiles/cmTC_3cd3a.dir/link.txt --verbose=1
/usr/bin/cc       CMakeFiles/cmTC_3cd3a.dir/CheckSymbolExists.c.o  -o cmTC_3cd3a -rdynamic 
CMakeFiles/cmTC_3cd3a.dir/CheckSymbolExists.c.o: In function `main':
CheckSymbolExists.c:(.text+0x16): undefined reference to `pthread_create'
collect2: error: ld returned 1 exit status
CMakeFiles/cmTC_3cd3a.dir/build.make:97: recipe for target 'cmTC_3cd3a' failed
make[1]: *** [cmTC_3cd3a] Error 1
make[1]: Leaving directory '/home/elliottwhite/turtlebot2_wss/laser_slam_ws/build/gflags_catkin/CMakeFiles/CMakeTmp'
Makefile:126: recipe for target 'cmTC_3cd3a/fast' failed
make: *** [cmTC_3cd3a/fast] Error 2

File /home/elliottwhite/turtlebot2_wss/laser_slam_ws/build/gflags_catkin/CMakeFiles/CMakeTmp/CheckSymbolExists.c:
/* */
#include <pthread.h>

int main(int argc, char** argv)
{
  (void)argv;
#ifndef pthread_create
  return ((int*)(&pthread_create))[argc];
#else
  (void)argc;
  return 0;
#endif
}

Determining if the function pthread_create exists in the pthreads failed with the following output:
Change Dir: /home/elliottwhite/turtlebot2_wss/laser_slam_ws/build/gflags_catkin/CMakeFiles/CMakeTmp

Run Build Command:"/usr/bin/make" "cmTC_7bbef/fast"
/usr/bin/make -f CMakeFiles/cmTC_7bbef.dir/build.make CMakeFiles/cmTC_7bbef.dir/build
make[1]: Entering directory '/home/elliottwhite/turtlebot2_wss/laser_slam_ws/build/gflags_catkin/CMakeFiles/CMakeTmp'
Building C object CMakeFiles/cmTC_7bbef.dir/CheckFunctionExists.c.o
/usr/bin/cc    -DCHECK_FUNCTION_EXISTS=pthread_create   -o CMakeFiles/cmTC_7bbef.dir/CheckFunctionExists.c.o   -c /usr/share/cmake-3.5/Modules/CheckFunctionExists.c
Linking C executable cmTC_7bbef
/usr/bin/cmake -E cmake_link_script CMakeFiles/cmTC_7bbef.dir/link.txt --verbose=1
/usr/bin/cc   -DCHECK_FUNCTION_EXISTS=pthread_create    CMakeFiles/cmTC_7bbef.dir/CheckFunctionExists.c.o  -o cmTC_7bbef -rdynamic -lpthreads 
/usr/bin/ld: cannot find -lpthreads
collect2: error: ld returned 1 exit status
CMakeFiles/cmTC_7bbef.dir/build.make:97: recipe for target 'cmTC_7bbef' failed
make[1]: *** [cmTC_7bbef] Error 1
make[1]: Leaving directory '/home/elliottwhite/turtlebot2_wss/laser_slam_ws/build/gflags_catkin/CMakeFiles/CMakeTmp'
Makefile:126: recipe for target 'cmTC_7bbef/fast' failed
make: *** [cmTC_7bbef/fast] Error 2


